  9.8831150E-04   3.3756064E-06   2.2736796E-03  -1.2242651E-18  -1.1553241E+00   8.6005365E-05   9.8850723E-05   1.0880099E-04   1.3370283E+00  -4.8210171E-07  -1.8664477E-07   1.6323185E-07
  2.9649370E-03   5.4198602E-06   5.8276136E-03   7.7138460E-18  -1.1575910E+00   1.2909724E-04   2.1215766E-04   5.4323022E-05   1.3416978E+00   1.4785190E-06  -1.1921512E-07  -4.8913588E-07
  4.9415700E-03   7.1883530E-06   9.1352349E-03   7.3996108E-16  -1.1591999E+00   1.7054243E-04   3.6154805E-04   3.7505314E-05   1.3452247E+00   2.4221473E-06  -6.8561904E-08  -1.7989951E-06
  6.9182150E-03   9.3135525E-06   1.2221775E-02   7.3334615E-16  -1.1604244E+00   2.5080072E-04   5.6606668E-04   2.3832001E-05   1.3479523E+00   2.6728325E-06  -9.8415832E-08  -3.7906331E-06
  8.8948770E-03   1.0483662E-05   1.5031671E-02   7.3219446E-16  -1.1615304E+00   3.4207283E-04   7.8579431E-04   1.7287843E-05   1.3504086E+00   4.3489003E-06  -1.1183009E-07  -6.7294482E-06
  1.0871560E-02   1.1870232E-05   1.7546643E-02   7.4419639E-16  -1.1624775E+00   4.3054417E-04   9.9907496E-04   1.5778338E-05   1.3525060E+00   5.5132069E-06  -1.4090315E-07  -1.0226808E-05
  1.2848270E-02   1.3907449E-05   1.9759459E-02   7.3977046E-16  -1.1633565E+00   5.1361150E-04   1.1991867E-03   1.7145559E-05   1.3544650E+00   6.8940231E-06  -1.8137471E-07  -1.4219485E-05
  1.4825010E-02   1.6194581E-05   2.1678561E-02   7.3873516E-16  -1.1641494E+00   5.8869059E-04   1.3805533E-03   2.0075889E-05   1.3562399E+00   7.9447277E-06  -2.2631076E-07  -1.8333720E-05
  1.6801790E-02   1.8097155E-05   2.3325228E-02   7.3537108E-16  -1.1649125E+00   6.5437148E-04   1.5405437E-03   2.3971776E-05   1.3579701E+00   8.9349656E-06  -2.7630622E-07  -2.2426958E-05
  1.8778610E-02   1.9612133E-05   2.4725681E-02   7.2947211E-16  -1.1656482E+00   7.1061756E-04   1.6787694E-03   2.8491368E-05   1.3596525E+00   9.7490410E-06  -3.2655767E-07  -2.6244631E-05
  2.0755470E-02   2.0879986E-05   2.5907923E-02   7.3986899E-16  -1.1663756E+00   7.5799431E-04   1.7963988E-03   3.3519599E-05   1.3613296E+00   1.0434549E-05  -3.7250425E-07  -2.9682199E-05
  2.2732390E-02   2.1971748E-05   2.6899487E-02   7.3930417E-16  -1.1670929E+00   7.9742183E-04   1.8953321E-03   3.9224482E-05   1.3629935E+00   1.0993580E-05  -4.1204032E-07  -3.2658326E-05
  2.4709350E-02   2.2840988E-05   2.7726799E-02   7.2742530E-16  -1.1678053E+00   8.3002375E-04   1.9779337E-03   4.5734851E-05   1.3646559E+00   1.1441688E-05  -4.5291078E-07  -3.5163759E-05
  2.6686380E-02   2.3560371E-05   2.8414015E-02   1.0706391E-18  -1.1685131E+00   8.5700189E-04   2.0467076E-03   5.3016404E-05   1.3663068E+00   1.1807562E-05  -4.9309604E-07  -3.7206822E-05
  2.8663470E-02   2.4018049E-05   2.8982697E-02   1.4387414E-19  -1.1692176E+00   8.7925801E-04   2.1038163E-03   6.1299361E-05   1.3679544E+00   1.2094820E-05  -5.2668094E-07  -3.8856470E-05
  3.0640630E-02   2.4349580E-05   2.9451949E-02   7.3270105E-16  -1.1699188E+00   8.9781663E-04   2.1514338E-03   7.0551052E-05   1.3695972E+00   1.2304359E-05  -5.5346439E-07  -4.0186575E-05
  3.2617850E-02   2.4704068E-05   2.9838677E-02   7.4043839E-16  -1.1706185E+00   9.1346634E-04   2.1913278E-03   8.0639711E-05   1.3712381E+00   1.2466458E-05  -5.7576427E-07  -4.1269191E-05
  3.4595150E-02   2.5034741E-05   3.0157409E-02   7.3969041E-16  -1.1713170E+00   9.2686030E-04   2.2250807E-03   9.1772934E-05   1.3728772E+00   1.2589677E-05  -5.9874819E-07  -4.2163587E-05
  3.6572530E-02   2.5241955E-05   3.0420163E-02   1.1165157E-15  -1.1720155E+00   9.3859331E-04   2.2539825E-03   1.0387890E-04   1.3745175E+00   1.2682960E-05  -6.2990195E-07  -4.2951723E-05
  3.8549990E-02   2.5188457E-05   3.0637786E-02   1.8441539E-15  -1.1727147E+00   9.4911673E-04   2.2791045E-03   1.1693517E-04   1.3761616E+00   1.2752031E-05  -6.6164514E-07  -4.3705092E-05
  4.0527530E-02   2.5057926E-05   3.0819049E-02   1.8392593E-15  -1.1734157E+00   9.5880007E-04   2.3013304E-03   1.3098245E-04   1.3778091E+00   1.2809051E-05  -6.8610468E-07  -4.4468115E-05
  4.2505170E-02   2.4529742E-05   3.0971366E-02   1.8492256E-15  -1.1741176E+00   9.6794060E-04   2.3213969E-03   1.4603196E-04   1.3794615E+00   1.2847251E-05  -7.0284098E-07  -4.5295700E-05
  4.4482890E-02   2.3864492E-05   3.1100965E-02   1.8464724E-15  -1.1748212E+00   9.7677644E-04   2.3399019E-03   1.6217408E-04   1.3811202E+00   1.2878747E-05  -7.2031499E-07  -4.6225893E-05
  4.6460720E-02   2.3247942E-05   3.1212984E-02   1.8406186E-15  -1.1755264E+00   9.8550710E-04   2.3573121E-03   1.7932538E-04   1.3827835E+00   1.2901172E-05  -7.3391761E-07  -4.7293257E-05
  4.8438630E-02   2.2628311E-05   3.1311624E-02   1.1123852E-15  -1.1762334E+00   9.9428732E-04   2.3740108E-03   1.9755915E-04   1.3844521E+00   1.2916907E-05  -7.4070306E-07  -4.8528930E-05
  5.0416650E-02   2.1905309E-05   3.1400581E-02   1.1098700E-15  -1.1769414E+00   1.0032387E-03   2.3903528E-03   2.1690258E-04   1.3861256E+00   1.2929545E-05  -7.5580339E-07  -4.9950363E-05
  5.2394780E-02   2.1030831E-05   3.1482876E-02   1.1082847E-15  -1.1776512E+00   1.0124438E-03   2.4066082E-03   2.3728079E-04   1.3878061E+00   1.2958365E-05  -7.7181823E-07  -5.1585830E-05
  5.4373010E-02   1.9883036E-05   3.1561083E-02   1.1085894E-15  -1.1783629E+00   1.0220242E-03   2.4230084E-03   2.5883693E-04   1.3894919E+00   1.2969175E-05  -7.7954238E-07  -5.3463868E-05
  5.6351340E-02   1.8669710E-05   3.1637522E-02   7.5080278E-16  -1.1790769E+00   1.0320674E-03   2.4397959E-03   2.8171047E-04   1.3911866E+00   1.2979867E-05  -7.9065908E-07  -5.5623076E-05
  5.8329790E-02   1.7273252E-05   3.1714607E-02   7.4161145E-16  -1.1797931E+00   1.0426766E-03   2.4571674E-03   3.0565966E-04   1.3928888E+00   1.3001815E-05  -7.9580544E-07  -5.8072661E-05
  6.0308350E-02   1.5853920E-05   3.1794459E-02   7.5533658E-16  -1.1805112E+00   1.0539005E-03   2.4753313E-03   3.3079437E-04   1.3945918E+00   1.3002499E-05  -7.8623816E-07  -6.0819853E-05
  6.2287020E-02   1.4364860E-05   3.1878391E-02   7.3665989E-16  -1.1812300E+00   1.0658235E-03   2.4944180E-03   3.5720079E-04   1.3963001E+00   1.2982653E-05  -7.7787204E-07  -6.3893288E-05
  6.4265810E-02   1.2706292E-05   3.1967893E-02   7.4541182E-16  -1.1819513E+00   1.0784463E-03   2.5145919E-03   3.8509570E-04   1.3980135E+00   1.2923845E-05  -7.7295982E-07  -6.7352050E-05
  6.6244720E-02   1.1087082E-05   3.2064662E-02   7.1906241E-16  -1.1826756E+00   1.0918220E-03   2.5360516E-03   4.1428306E-04   1.3997342E+00   1.2858000E-05  -7.6228897E-07  -7.1232185E-05
  6.8223740E-02   8.9739982E-06   3.2169419E-02   7.3752329E-16  -1.1834036E+00   1.1060799E-03   2.5590218E-03   4.4470883E-04   1.4014637E+00   1.2813602E-05  -7.4364178E-07  -7.5505675E-05
  7.0202890E-02   6.7282878E-06   3.2283777E-02   7.5410539E-16  -1.1841352E+00   1.1212327E-03   2.5835563E-03   4.7652099E-04   1.4032007E+00   1.2748699E-05  -7.1926469E-07  -8.0199572E-05
  7.2182160E-02   3.9144611E-06   3.2408551E-02   1.1162753E-15  -1.1848698E+00   1.1373333E-03   2.6098147E-03   5.0991017E-04   1.4049473E+00   1.2678869E-05  -6.9622892E-07  -8.5351673E-05
  7.4161550E-02   9.1243020E-07   3.2544832E-02   1.8581491E-15  -1.1856084E+00   1.1544504E-03   2.6379028E-03   5.4479349E-04   1.4067048E+00   1.2581244E-05  -6.5423237E-07  -9.0990415E-05
  7.6141060E-02  -2.3732654E-06   3.2693704E-02   1.8514336E-15  -1.1863499E+00   1.1726528E-03   2.6679408E-03   5.8126063E-04   1.4084739E+00   1.2466763E-05  -5.9874113E-07  -9.7178013E-05
  7.8120690E-02  -6.0129921E-06   3.2856164E-02   1.8347559E-15  -1.1870937E+00   1.1920062E-03   2.7001191E-03   6.1952163E-04   1.4102450E+00   1.2305830E-05  -5.3385120E-07  -1.0395465E-04
  8.0100450E-02  -9.8119296E-06   3.3032821E-02   1.8527095E-15  -1.1878391E+00   1.2126034E-03   2.7347116E-03   6.5947958E-04   1.4120257E+00   1.2107764E-05  -4.4521247E-07  -1.1135848E-04
  8.2080340E-02  -1.3596639E-05   3.3224598E-02   1.8505690E-15  -1.1885875E+00   1.2344296E-03   2.7717765E-03   7.0123043E-04   1.4138155E+00   1.1889531E-05  -3.4626297E-07  -1.1943763E-04
  8.4060350E-02  -1.7501490E-05   3.3431803E-02   1.8430648E-15  -1.1893394E+00   1.2576349E-03   2.8115205E-03   7.4475999E-04   1.4156108E+00   1.1649434E-05  -2.5263456E-07  -1.2824691E-04
  8.6040480E-02  -2.1225794E-05   3.3655486E-02   1.8506980E-15  -1.1900930E+00   1.2823555E-03   2.8542250E-03   7.9012779E-04   1.4174140E+00   1.1390456E-05  -1.5671224E-07  -1.3783872E-04
  8.8020730E-02  -2.4826953E-05   3.3896492E-02   1.8468915E-15  -1.1908499E+00   1.3085926E-03   2.8999408E-03   8.3752003E-04   1.4192272E+00   1.1064274E-05  -4.4589563E-08  -1.4824372E-04
  9.0001120E-02  -2.8696315E-05   3.4156085E-02   1.8492441E-15  -1.1916110E+00   1.3363562E-03   2.9488686E-03   8.8701540E-04   1.4210461E+00   1.0726879E-05   8.8279300E-08  -1.5951839E-04
  9.1981620E-02  -3.2375540E-05   3.4435257E-02   1.8520780E-15  -1.1923744E+00   1.3658503E-03   3.0013034E-03   9.3872717E-04   1.4228733E+00   1.0371549E-05   2.1001206E-07  -1.7173462E-04
  9.3962250E-02  -3.6027436E-05   3.4734519E-02   2.5851116E-15  -1.1931397E+00   1.3971255E-03   3.0574538E-03   9.9267739E-04   1.4247084E+00   9.9718555E-06   3.3736896E-07  -1.8492591E-04
  9.5943000E-02  -3.9512699E-05   3.5054942E-02   3.3101385E-15  -1.1939070E+00   1.4302317E-03   3.1175269E-03   1.0489550E-03   1.4265533E+00   9.5388226E-06   4.9233888E-07  -1.9917135E-04
  9.7923880E-02  -4.3169382E-05   3.5398355E-02   3.2959013E-15  -1.1946766E+00   1.4653668E-03   3.1819184E-03   1.1077651E-03   1.4284079E+00   9.0510994E-06   6.6254569E-07  -2.1455452E-04
  9.9904880E-02  -4.7331421E-05   3.5764929E-02   3.3048004E-15  -1.1954475E+00   1.5026363E-03   3.2508738E-03   1.1691223E-03   1.4302723E+00   8.5413599E-06   8.5633452E-07  -2.3113740E-04
  1.0188600E-01  -5.1950825E-05   3.6156080E-02   3.6903090E-15  -1.1962211E+00   1.5420572E-03   3.3245604E-03   1.2331399E-03   1.4321460E+00   7.9861987E-06   1.0903349E-06  -2.4899064E-04
  1.0386720E-01  -5.6416224E-05   3.6573579E-02   4.4327449E-15  -1.1969997E+00   1.5837101E-03   3.4033268E-03   1.2999596E-03   1.4340315E+00   7.3850487E-06   1.3381613E-06  -2.6819770E-04
  1.0584860E-01  -6.1533481E-05   3.7018122E-02   5.1695916E-15  -1.1977831E+00   1.6278758E-03   3.4875308E-03   1.3696330E-03   1.4359247E+00   6.7335020E-06   1.6313350E-06  -2.8884510E-04
  1.0783010E-01  -6.7102860E-05   3.7491048E-02   5.6395971E-15  -1.1985699E+00   1.6745637E-03   3.5775473E-03   1.4422670E-03   1.4378312E+00   6.0346950E-06   1.9907076E-06  -3.1102256E-04
  1.0981160E-01  -7.3169400E-05   3.7993526E-02   5.6242474E-15  -1.1993616E+00   1.7239341E-03   3.6738324E-03   1.5179654E-03   1.4397526E+00   5.2616893E-06   2.3939155E-06  -3.3486451E-04
  1.1179330E-01  -7.9313354E-05   3.8526768E-02   6.2819844E-15  -1.2001585E+00   1.7761950E-03   3.7769387E-03   1.5969168E-03   1.4416836E+00   4.4505286E-06   2.8475122E-06  -3.6053180E-04
  1.1377520E-01  -8.5311714E-05   3.9091921E-02   6.2636649E-15  -1.2009611E+00   1.8314091E-03   3.8872500E-03   1.6792073E-03   1.4436243E+00   3.5199843E-06   3.3049617E-06  -3.8812321E-04
  1.1575710E-01  -9.0898539E-05   3.9690373E-02   6.2656801E-15  -1.2017676E+00   1.8900456E-03   4.0055213E-03   1.7650317E-03   1.4455800E+00   2.5308720E-06   3.7963688E-06  -4.1776163E-04
  1.1773910E-01  -9.6041080E-05   4.0323422E-02   5.6073834E-15  -1.2025767E+00   1.9518743E-03   4.1319715E-03   1.8547251E-03   1.4475424E+00   1.4599152E-06   4.3027283E-06  -4.4954965E-04
  1.1972130E-01  -1.0101998E-04   4.0992390E-02   5.6113030E-15  -1.2033901E+00   2.0170758E-03   4.2671706E-03   1.9481926E-03   1.4495201E+00   3.9523018E-07   4.7883583E-06  -4.8365211E-04
  1.2170350E-01  -1.0604667E-04   4.1699034E-02   5.6141083E-15  -1.2042086E+00   2.0859603E-03   4.4118243E-03   2.0453295E-03   1.4515074E+00  -7.3353797E-07   5.2799239E-06  -5.2018590E-04
  1.2368590E-01  -1.1128721E-04   4.2444309E-02   5.6154470E-15  -1.2050306E+00   2.1588257E-03   4.5664530E-03   2.1464671E-03   1.4535074E+00  -1.8601700E-06   5.7966823E-06  -5.5925413E-04
  1.2566830E-01  -1.1671067E-04   4.3229618E-02   5.1874813E-15  -1.2058571E+00   2.2356428E-03   4.7317094E-03   2.2519354E-03   1.4555178E+00  -3.0513085E-06   6.3517265E-06  -6.0101458E-04
  1.2765090E-01  -1.2189630E-04   4.4056978E-02   5.6124079E-15  -1.2066907E+00   2.3166580E-03   4.9083301E-03   2.3617911E-03   1.4575390E+00  -4.2431472E-06   6.9346469E-06  -6.4566657E-04
  1.2963350E-01  -1.2688525E-04   4.4927791E-02   5.6189384E-15  -1.2075289E+00   2.4020615E-03   5.0969674E-03   2.4763933E-03   1.4595744E+00  -5.4802995E-06   7.5457332E-06  -6.9339312E-04
  1.3161630E-01  -1.3180316E-04   4.5843428E-02   5.5950912E-15  -1.2083734E+00   2.4920627E-03   5.2985305E-03   2.5958695E-03   1.4616234E+00  -6.8179356E-06   8.1739014E-06  -7.4442000E-04
  1.3359910E-01  -1.3653796E-04   4.6806132E-02   5.5865644E-15  -1.2092228E+00   2.5869438E-03   5.5140487E-03   2.7203858E-03   1.4636871E+00  -8.2365263E-06   8.8238139E-06  -7.9896969E-04
  1.3558210E-01  -1.4083467E-04   4.7817156E-02   5.5791399E-15  -1.2100781E+00   2.6869572E-03   5.7445344E-03   2.8500350E-03   1.4657664E+00  -9.7582073E-06   9.5554067E-06  -8.5726694E-04
  1.3756510E-01  -1.4463835E-04   4.8878439E-02   5.5926209E-15  -1.2109384E+00   2.7924463E-03   5.9910120E-03   2.9850918E-03   1.4678651E+00  -1.1380907E-05   1.0326897E-05  -9.1950156E-04
  1.3954820E-01  -1.4796129E-04   4.9991455E-02   5.5901792E-15  -1.2118035E+00   2.9033928E-03   6.2543828E-03   3.1258049E-03   1.4699839E+00  -1.3108736E-05   1.1087002E-05  -9.8589299E-04
  1.4153140E-01  -1.5004989E-04   5.1158182E-02   6.2758199E-15  -1.2126737E+00   3.0200940E-03   6.5357100E-03   3.2722781E-03   1.4721199E+00  -1.4849081E-05   1.1892333E-05  -1.0566773E-03
  1.4351470E-01  -1.5132633E-04   5.2380297E-02   5.5668848E-15  -1.2135493E+00   3.1427920E-03   6.8362173E-03   3.4249132E-03   1.4742743E+00  -1.6662982E-05   1.2789429E-05  -1.1320524E-03
  1.4549800E-01  -1.5174150E-04   5.3659163E-02   5.5755409E-15  -1.2144299E+00   3.2718610E-03   7.1571269E-03   3.5838646E-03   1.4764470E+00  -1.8509220E-05   1.3726318E-05  -1.2122578E-03
  1.4748150E-01  -1.5137971E-04   5.4997003E-02   5.5718777E-15  -1.2153181E+00   3.4076160E-03   7.4996448E-03   3.7494023E-03   1.4786419E+00  -2.0385825E-05   1.4659784E-05  -1.2975362E-03
  1.4946500E-01  -1.5016306E-04   5.6395609E-02   6.2912497E-15  -1.2162138E+00   3.5503480E-03   7.8653045E-03   3.9217812E-03   1.4808575E+00  -2.2284451E-05   1.5579681E-05  -1.3881179E-03
  1.5144860E-01  -1.4778570E-04   5.7857303E-02   6.3120287E-15  -1.2171163E+00   3.7002961E-03   8.2556708E-03   4.1012103E-03   1.4830911E+00  -2.4136285E-05   1.6498740E-05  -1.4842547E-03
  1.5343220E-01  -1.4426156E-04   5.9383914E-02   5.5854454E-15  -1.2180262E+00   3.8577317E-03   8.6723610E-03   4.2879829E-03   1.4853474E+00  -2.5942556E-05   1.7437985E-05  -1.5862185E-03
  1.5541590E-01  -1.3992255E-04   6.0977515E-02   5.5787327E-15  -1.2189442E+00   4.0227067E-03   9.1171993E-03   4.4823641E-03   1.4876271E+00  -2.7701157E-05   1.8384973E-05  -1.6943489E-03
  1.5739970E-01  -1.3428753E-04   6.2641317E-02   5.5712392E-15  -1.2198699E+00   4.1957774E-03   9.5922220E-03   4.6845098E-03   1.4899246E+00  -2.9393261E-05   1.9378286E-05  -1.8090873E-03
  1.5938350E-01  -1.2779420E-04   6.4376786E-02   5.5867056E-15  -1.2208041E+00   4.3772078E-03   1.0099440E-02   4.8949059E-03   1.4922469E+00  -3.1088789E-05   2.0421536E-05  -1.9308400E-03
  1.6136750E-01  -1.2047526E-04   6.6187395E-02   6.2974902E-15  -1.2217465E+00   4.5672951E-03   1.0641099E-02   5.1138376E-03   1.4945963E+00  -3.2763601E-05   2.1473051E-05  -2.0600106E-03
  1.6335140E-01  -1.1210125E-04   6.8075632E-02   5.5740969E-15  -1.2226977E+00   4.7664531E-03   1.1219363E-02   5.3416760E-03   1.4969718E+00  -3.4393937E-05   2.2512303E-05  -2.1970535E-03
  1.6533540E-01  -1.0228554E-04   7.0043915E-02   5.1794630E-15  -1.2236574E+00   4.9749335E-03   1.1836896E-02   5.5785256E-03   1.4993764E+00  -3.5947009E-05   2.3457342E-05  -2.3423915E-03
  1.6731950E-01  -9.0554919E-05   7.2094894E-02   5.5636421E-15  -1.2246274E+00   5.1931089E-03   1.2496357E-02   5.8251978E-03   1.5018112E+00  -3.7385120E-05   2.4324478E-05  -2.4964372E-03
  1.6930360E-01  -7.7149526E-05   7.4230911E-02   5.5787358E-15  -1.2256079E+00   5.4208622E-03   1.3199863E-02   6.0815434E-03   1.5042764E+00  -3.8699197E-05   2.5211771E-05  -2.6595790E-03
  1.7128780E-01  -6.2521188E-05   7.6454996E-02   5.5858380E-15  -1.2265990E+00   5.6590007E-03   1.3950759E-02   6.3479724E-03   1.5067690E+00  -4.0035764E-05   2.6160587E-05  -2.8323087E-03
  1.7327200E-01  -4.7108035E-05   7.8770682E-02   5.1659736E-15  -1.2276012E+00   5.9076110E-03   1.4752464E-02   6.6246023E-03   1.5092918E+00  -4.1529706E-05   2.7148640E-05  -3.0151074E-03
  1.7525620E-01  -3.1179653E-05   8.1181423E-02   5.1768925E-15  -1.2286155E+00   6.1667579E-03   1.5608155E-02   6.9123605E-03   1.5118484E+00  -4.3127731E-05   2.8143263E-05  -3.2084680E-03
  1.7724050E-01  -1.3974046E-05   8.3690030E-02   5.5798206E-15  -1.2296418E+00   6.4365437E-03   1.6521191E-02   7.2116048E-03   1.5144354E+00  -4.4721247E-05   2.9127138E-05  -3.4128493E-03
  1.7922480E-01   4.9098649E-06   8.6300244E-02   5.1663212E-15  -1.2306806E+00   6.7173666E-03   1.7495563E-02   7.5217386E-03   1.5170564E+00  -4.6202104E-05   3.0088146E-05  -3.6287104E-03
  1.8120920E-01   2.4387321E-05   8.9015875E-02   5.1658968E-15  -1.2317336E+00   7.0094280E-03   1.8535279E-02   7.8439511E-03   1.5197116E+00  -4.7588738E-05   3.1038896E-05  -3.8566312E-03
  1.8319360E-01   4.4831884E-05   9.1840494E-02   5.1687060E-15  -1.2327999E+00   7.3130249E-03   1.9645145E-02   8.1782325E-03   1.5224031E+00  -4.8679225E-05   3.1954735E-05  -4.0972408E-03
  1.8517800E-01   6.6015509E-05   9.4778482E-02   5.1713478E-15  -1.2338803E+00   7.6282976E-03   2.0829844E-02   8.5252492E-03   1.5251338E+00  -4.9376737E-05   3.2800682E-05  -4.3512196E-03
  1.8716240E-01   8.8577022E-05   9.7834518E-02   5.1433948E-15  -1.2349736E+00   7.9554113E-03   2.2094725E-02   8.8854234E-03   1.5279047E+00  -4.9675366E-05   3.3583220E-05  -4.6191800E-03
  1.8914690E-01   1.1269175E-04   1.0101336E-01   5.1508263E-15  -1.2360808E+00   8.2944707E-03   2.3444934E-02   9.2587832E-03   1.5307215E+00  -4.9612427E-05   3.4345465E-05  -4.9017659E-03
  1.9113140E-01   1.3852950E-04   1.0431987E-01   4.4858586E-15  -1.2372018E+00   8.6455673E-03   2.4885934E-02   9.6454170E-03   1.5335818E+00  -4.9174720E-05   3.5110316E-05  -5.1996616E-03
  1.9311590E-01   1.6574350E-04   1.0775914E-01   5.1457992E-15  -1.2383368E+00   9.0088095E-03   2.6423535E-02   1.0045874E-02   1.5364833E+00  -4.8445429E-05   3.5880424E-05  -5.5135322E-03
  1.9510040E-01   1.9468048E-04   1.1133745E-01   5.1252998E-15  -1.2394869E+00   9.3846161E-03   2.8064909E-02   1.0460197E-02   1.5394277E+00  -4.7362937E-05   3.6646324E-05  -5.8441356E-03
  1.9708490E-01   2.2532930E-04   1.1506222E-01   4.4906371E-15  -1.2406526E+00   9.7730923E-03   2.9817749E-02   1.0889043E-02   1.5424189E+00  -4.5713293E-05   3.7386753E-05  -6.1923608E-03
  1.9906950E-01   2.5842807E-04   1.1894159E-01   4.4970467E-15  -1.2418332E+00   1.0173323E-02   3.1690640E-02   1.1332317E-02   1.5454562E+00  -4.3182866E-05   3.8105510E-05  -6.5593017E-03
  2.0105400E-01   2.9374943E-04   1.2298473E-01   4.5068278E-15  -1.2430286E+00   1.0586475E-02   3.3694255E-02   1.1790047E-02   1.5485349E+00  -3.9856876E-05   3.8661823E-05  -6.9459343E-03
  2.0303860E-01   3.3135995E-04   1.2720013E-01   4.5018232E-15  -1.2442405E+00   1.1011647E-02   3.5838103E-02   1.2262074E-02   1.5516602E+00  -3.5236713E-05   3.9042787E-05  -7.3533311E-03
  2.0502320E-01   3.7120626E-04   1.3159666E-01   4.4971187E-15  -1.2454664E+00   1.1449079E-02   3.8134062E-02   1.2748568E-02   1.5548315E+00  -2.9142453E-05   3.9283351E-05  -7.7824187E-03
  2.0700780E-01   4.1273370E-04   1.3618427E-01   5.1178377E-15  -1.2467080E+00   1.1898568E-02   4.0593471E-02   1.3249335E-02   1.5580535E+00  -2.1952102E-05   3.9422324E-05  -8.2341762E-03
  2.0899240E-01   4.5522896E-04   1.4097369E-01   5.1005185E-15  -1.2479631E+00   1.2359934E-02   4.3229054E-02   1.3764039E-02   1.5613239E+00  -1.3810093E-05   3.9459664E-05  -8.7096679E-03
  2.1097700E-01   4.9875943E-04   1.4597838E-01   5.1112339E-15  -1.2492343E+00   1.2832659E-02   4.6055823E-02   1.4291810E-02   1.5646479E+00  -4.6705535E-06   3.9408883E-05  -9.2100599E-03
  2.1296170E-01   5.4270081E-04   1.5121161E-01   5.0995917E-15  -1.2505178E+00   1.3316982E-02   4.9090391E-02   1.4831967E-02   1.5680141E+00   5.3013690E-06   3.9276927E-05  -9.7365104E-03
  2.1494630E-01   5.8645807E-04   1.5668859E-01   5.1074198E-15  -1.2518140E+00   1.3812823E-02   5.2350782E-02   1.5383448E-02   1.5714289E+00   1.6030524E-05   3.9079905E-05  -1.0290099E-02
  2.1693090E-01   6.3063206E-04   1.6242876E-01   4.5081367E-15  -1.2531211E+00   1.4320277E-02   5.5858065E-02   1.5945107E-02   1.5748848E+00   2.7587915E-05   3.8645502E-05  -1.0871861E-02
  2.1891560E-01   6.7581901E-04   1.6845294E-01   4.5156121E-15  -1.2544406E+00   1.4839907E-02   5.9635576E-02   1.6515177E-02   1.5783764E+00   4.0201858E-05   3.7907534E-05  -1.1482772E-02
  2.2090020E-01   7.2115743E-04   1.7478715E-01   4.5092652E-15  -1.2557698E+00   1.5371987E-02   6.3710560E-02   1.7091709E-02   1.5819016E+00   5.3512319E-05   3.6943382E-05  -1.2123847E-02
  2.2288490E-01   7.6636504E-04   1.8146147E-01   4.5021824E-15  -1.2571065E+00   1.5917264E-02   6.8113768E-02   1.7672315E-02   1.5854554E+00   6.7101911E-05   3.5767571E-05  -1.2796088E-02
  2.2486960E-01   8.1097826E-04   1.8851115E-01   4.5143426E-15  -1.2584470E+00   1.6477073E-02   7.2882398E-02   1.8254732E-02   1.5890295E+00   8.0801432E-05   3.4354660E-05  -1.3500565E-02
  2.2685420E-01   8.5579853E-04   1.9597944E-01   4.5138226E-15  -1.2597883E+00   1.7053643E-02   7.8061000E-02   1.8835810E-02   1.5926148E+00   9.4436630E-05   3.2765329E-05  -1.4238241E-02
  2.2883890E-01   8.9923977E-04   2.0391786E-01   4.5136384E-15  -1.2611276E+00   1.7650229E-02   8.3701344E-02   1.9410987E-02   1.5962087E+00   1.0796524E-04   3.1065730E-05  -1.5009864E-02
  2.3082370E-01   9.4159642E-04   2.1238569E-01   4.5291683E-15  -1.2624574E+00   1.8273103E-02   8.9864156E-02   1.9976006E-02   1.5997967E+00   1.2191875E-04   2.9271033E-05  -1.5815543E-02
  2.3280840E-01   9.8384722E-04   2.2145595E-01   5.0476708E-15  -1.2637767E+00   1.8929537E-02   9.6622872E-02   2.0526746E-02   1.6033746E+00   1.3700701E-04   2.7406293E-05  -1.6655515E-02
  2.3479320E-01   1.0277478E-03   2.3121191E-01   5.0201968E-15  -1.2650793E+00   1.9629591E-02   1.0406207E-01   2.1058124E-02   1.6069268E+00   1.5386937E-04   2.5349693E-05  -1.7528820E-02
  2.3677800E-01   1.0739666E-03   2.4177278E-01   5.0077138E-15  -1.2663645E+00   2.0386043E-02   1.1229149E-01   2.1567697E-02   1.6104482E+00   1.7246263E-04   2.3052859E-05  -1.8435971E-02
  2.3876290E-01   1.1232927E-03   2.5323518E-01   5.6357478E-15  -1.2676235E+00   2.1218033E-02   1.2143341E-01   2.2047176E-02   1.6139123E+00   1.9277523E-04   2.0492593E-05  -1.9374650E-02
  2.4074780E-01   1.1762604E-03   2.6584930E-01   5.6176474E-15  -1.2688666E+00   2.2141001E-02   1.3166249E-01   2.2506536E-02   1.6173453E+00   2.1499262E-04   1.7589696E-05  -2.0350364E-02
  2.4273270E-01   1.2326944E-03   2.7955243E-01   4.9826088E-15  -1.2700780E+00   2.3180395E-02   1.4314287E-01   2.2933067E-02   1.6206963E+00   2.3940105E-04   1.4325753E-05  -2.1358234E-02
  2.4471770E-01   1.2948292E-03   2.9523867E-01   5.6410617E-15  -1.2713031E+00   2.4343356E-02   1.5619075E-01   2.3384145E-02   1.6240691E+00   2.6635170E-04   1.0643261E-05  -2.2430301E-02
  2.4670280E-01   1.3566128E-03   3.1137977E-01   5.6391204E-15  -1.2725611E+00   2.5626363E-02   1.7091072E-01   2.3837796E-02   1.6275140E+00   2.9564529E-04   6.6103004E-06  -2.3554700E-02
  2.4868800E-01   1.4320852E-03   3.3283518E-01   6.3760761E-15  -1.2737768E+00   2.7070219E-02   1.8819215E-01   2.4462854E-02   1.6307695E+00   3.2781732E-04   2.2217118E-06  -2.4889776E-02
  2.5067330E-01   1.4839741E-03   3.4823027E-01   6.3772304E-15  -1.2759428E+00   2.8533883E-02   2.0774651E-01   2.5609118E-02   1.6366901E+00   3.5848619E-04  -2.0991305E-06  -2.6478317E-02
  2.5265870E-01   1.6052998E-03   3.8671294E-01   6.3740375E-15  -1.2786843E+00   3.0732180E-02   2.3404169E-01   2.6104898E-02   1.6435804E+00   4.0151903E-04  -6.9204625E-06  -2.8116649E-02
  2.5464420E-01   1.7254872E-03   4.2420487E-01   5.6419351E-15  -1.2795314E+00   3.3974664E-02   2.6834113E-01   2.5750954E-02   1.6453429E+00   4.5313958E-04  -1.0749460E-05  -2.9232313E-02
  2.5662990E-01   1.8071510E-03   4.4980764E-01   4.9411932E-15  -1.2799944E+00   3.6283848E-02   2.9375042E-01   2.5589843E-02   1.6462778E+00   4.9253980E-04  -1.3010145E-05  -2.9722572E-02
  2.5861570E-01   1.8652669E-03   4.6973493E-01   4.9527899E-15  -1.2807456E+00   3.8125290E-02   3.1335077E-01   2.5781576E-02   1.6481130E+00   5.2028307E-04  -1.4209749E-05  -2.9929835E-02
  2.6060170E-01   1.9093886E-03   4.8679210E-01   4.9272666E-15  -1.2817728E+00   3.9724602E-02   3.3026614E-01   2.6181358E-02   1.6507295E+00   5.4236242E-04  -1.4931085E-05  -3.0014665E-02
  2.6258790E-01   1.9431909E-03   5.0219235E-01   4.9309509E-15  -1.2829460E+00   4.1168351E-02   3.4589096E-01   2.6676832E-02   1.6537512E+00   5.6092318E-04  -1.5360887E-05  -3.0048225E-02
  2.6457440E-01   1.9696964E-03   5.1644194E-01   4.9365647E-15  -1.2841847E+00   4.2489921E-02   3.6067984E-01   2.7211129E-02   1.6569539E+00   5.7752268E-04  -1.5515098E-05  -3.0053170E-02
  2.6656100E-01   1.9891153E-03   5.2982232E-01   4.9343999E-15  -1.2854472E+00   4.3712038E-02   3.7486891E-01   2.7756269E-02   1.6602231E+00   5.9176904E-04  -1.5349536E-05  -3.0040625E-02
  2.6854800E-01   2.0013983E-03   5.4250472E-01   5.6523927E-15  -1.2867114E+00   4.4849462E-02   3.8859058E-01   2.8297979E-02   1.6634998E+00   6.0319589E-04  -1.4886202E-05  -3.0016021E-02
  2.7053530E-01   2.0075744E-03   5.5460777E-01   6.3813363E-15  -1.2879685E+00   4.5913836E-02   4.0193705E-01   2.8828501E-02   1.6667605E+00   6.1219899E-04  -1.4323062E-05  -2.9982766E-02
  2.7252300E-01   2.0084244E-03   5.6621729E-01   6.3736099E-15  -1.2892119E+00   4.6913516E-02   4.1497398E-01   2.9343561E-02   1.6699845E+00   6.1941309E-04  -1.3867895E-05  -2.9942763E-02
  2.7451100E-01   2.0045858E-03   5.7739667E-01   6.3733555E-15  -1.2904379E+00   4.7854672E-02   4.2774855E-01   2.9840766E-02   1.6731612E+00   6.2562457E-04  -1.3592828E-05  -2.9897407E-02
  2.7649940E-01   1.9963022E-03   5.8819698E-01   5.6324421E-15  -1.2916455E+00   4.8742447E-02   4.4029860E-01   3.0318741E-02   1.6762898E+00   6.3124876E-04  -1.3446833E-05  -2.9847844E-02
  2.7848840E-01   1.9827713E-03   5.9865879E-01   5.6609744E-15  -1.2928333E+00   4.9580655E-02   4.5265332E-01   3.0777048E-02   1.6793694E+00   6.3548908E-04  -1.3334144E-05  -2.9794904E-02
  2.8047780E-01   1.9639257E-03   6.0881583E-01   5.6515330E-15  -1.2940016E+00   5.0372565E-02   4.6483664E-01   3.1215620E-02   1.6824003E+00   6.3783240E-04  -1.3235558E-05  -2.9739267E-02
  2.8246780E-01   1.9400646E-03   6.1869659E-01   6.3574209E-15  -1.2951495E+00   5.1120773E-02   4.7686963E-01   3.1634726E-02   1.6853794E+00   6.3837001E-04  -1.3251142E-05  -2.9681397E-02
  2.8445840E-01   1.9099715E-03   6.2832482E-01   5.6602728E-15  -1.2962772E+00   5.1827593E-02   4.8876940E-01   3.2034632E-02   1.6883095E+00   6.3599323E-04  -1.3345071E-05  -2.9621523E-02
  2.8644970E-01   1.8736067E-03   6.3772169E-01   5.6601542E-15  -1.2973860E+00   5.2494261E-02   5.0055057E-01   3.2415865E-02   1.6911900E+00   6.3029064E-04  -1.3373004E-05  -2.9559846E-02
  2.8844170E-01   1.8319223E-03   6.4690581E-01   5.6515660E-15  -1.2984746E+00   5.3123365E-02   5.1222797E-01   3.2778994E-02   1.6940187E+00   6.2142192E-04  -1.3317551E-05  -2.9496593E-02
  2.9043460E-01   1.7848347E-03   6.5589340E-01   5.6619234E-15  -1.2995461E+00   5.3715905E-02   5.2381295E-01   3.3124613E-02   1.6968029E+00   6.0906193E-04  -1.3074439E-05  -2.9431874E-02
  2.9242830E-01   1.7321915E-03   6.6469893E-01   5.6604965E-15  -1.3006008E+00   5.4274072E-02   5.3531655E-01   3.3453290E-02   1.6995431E+00   5.9309194E-04  -1.2490417E-05  -2.9365843E-02
  2.9442290E-01   1.6751430E-03   6.7333451E-01   5.6491295E-15  -1.3016401E+00   5.4799865E-02   5.4674675E-01   3.3765703E-02   1.7022403E+00   5.7378461E-04  -1.1606860E-05  -2.9298686E-02
  2.9641850E-01   1.6143392E-03   6.8181037E-01   5.6524878E-15  -1.3026634E+00   5.5294991E-02   5.5811013E-01   3.4062440E-02   1.7048959E+00   5.5178704E-04  -1.0717464E-05  -2.9230478E-02
  2.9841530E-01   1.5485533E-03   6.9013682E-01   5.6490196E-15  -1.3036731E+00   5.5760691E-02   5.6941339E-01   3.4344084E-02   1.7075159E+00   5.2632070E-04  -9.9485641E-06  -2.9161182E-02
  3.0041320E-01   1.4779272E-03   6.9832243E-01   5.6546456E-15  -1.3046690E+00   5.6197784E-02   5.8066042E-01   3.4611084E-02   1.7101008E+00   4.9717255E-04  -9.3120789E-06  -2.9090752E-02
  3.0241240E-01   1.4019077E-03   7.0637519E-01   5.6463693E-15  -1.3056506E+00   5.6606882E-02   5.9185501E-01   3.4864157E-02   1.7126491E+00   4.6362248E-04  -8.8603715E-06  -2.9019362E-02
  3.0441300E-01   1.3203915E-03   7.1430301E-01   5.6496175E-15  -1.3066188E+00   5.6988219E-02   6.0300183E-01   3.5103747E-02   1.7151618E+00   4.2492101E-04  -8.6033781E-06  -2.8947203E-02
  3.0641510E-01   1.2340804E-03   7.2211409E-01   5.6425129E-15  -1.3075735E+00   5.7342185E-02   6.1410638E-01   3.5330264E-02   1.7176396E+00   3.8107343E-04  -8.5629001E-06  -2.8874297E-02
  3.0841880E-01   1.1433608E-03   7.2981537E-01   5.6349935E-15  -1.3085154E+00   5.7669606E-02   6.2517296E-01   3.5544133E-02   1.7200841E+00   3.3197076E-04  -8.7286200E-06  -2.8800689E-02
  3.1042420E-01   1.0501317E-03   7.3741380E-01   5.6366885E-15  -1.3094469E+00   5.7970974E-02   6.3620713E-01   3.5745647E-02   1.7225026E+00   2.7855312E-04  -9.0193774E-06  -2.8726379E-02
  3.1243150E-01   9.5420921E-04   7.4491574E-01   5.6401514E-15  -1.3103657E+00   5.8246844E-02   6.4721357E-01   3.5935319E-02   1.7248892E+00   2.2065591E-04  -9.3688036E-06  -2.8651338E-02
  3.1444070E-01   8.5674377E-04   7.5232810E-01   5.6155966E-15  -1.3112756E+00   5.8498144E-02   6.5819883E-01   3.6113425E-02   1.7272504E+00   1.5966948E-04  -9.6718363E-06  -2.8575756E-02
  3.1645200E-01   7.5741370E-04   7.5965710E-01   5.6170221E-15  -1.3121746E+00   5.8726128E-02   6.6916904E-01   3.6280278E-02   1.7295825E+00   9.5377133E-05  -9.7613998E-06  -2.8499813E-02
  3.1846560E-01   6.5578298E-04   7.6690724E-01   5.6089818E-15  -1.3130649E+00   5.8931114E-02   6.8012710E-01   3.6436178E-02   1.7318908E+00   2.7509168E-05  -9.6176936E-06  -2.8423481E-02
  3.2048160E-01   5.5199736E-04   7.7408152E-01   4.8788751E-15  -1.3139436E+00   5.9114118E-02   6.9107387E-01   3.6581629E-02   1.7341681E+00  -4.4036159E-05  -9.1836061E-06  -2.8346839E-02
  3.2250020E-01   4.4736525E-04   7.8118273E-01   4.8929491E-15  -1.3148136E+00   5.9276237E-02   7.0201013E-01   3.6716912E-02   1.7364212E+00  -1.1776704E-04  -8.3469251E-06  -2.8269882E-02
  3.2452150E-01   3.4336300E-04   7.8821394E-01   5.5863630E-15  -1.3156743E+00   5.9418000E-02   7.1293737E-01   3.6842417E-02   1.7386491E+00  -1.9219669E-04  -7.1581153E-06  -2.8192608E-02
  3.2654580E-01   2.4128143E-04   7.9517847E-01   5.5844965E-15  -1.3165279E+00   5.9540087E-02   7.2385786E-01   3.6958452E-02   1.7408575E+00  -2.6604145E-04  -5.7481161E-06  -2.8115053E-02
  3.2857310E-01   1.4296424E-04   8.0207907E-01   6.2249862E-15  -1.3173743E+00   5.9643281E-02   7.3477283E-01   3.7065342E-02   1.7430444E+00  -3.3708149E-04  -4.1921523E-06  -2.8037167E-02
  3.3060370E-01   4.9246596E-05   8.0891848E-01   5.5808564E-15  -1.3182123E+00   5.9728084E-02   7.4568368E-01   3.7163551E-02   1.7452097E+00  -4.0484583E-04  -2.5295266E-06  -2.7958794E-02
  3.3263770E-01  -3.9230157E-05   8.1570048E-01   6.1852332E-15  -1.3190418E+00   5.9795137E-02   7.5659344E-01   3.7253363E-02   1.7473557E+00  -4.6917530E-04  -8.1101342E-07  -2.7879941E-02
  3.3467550E-01  -1.2177358E-04   8.2242771E-01   5.5519678E-15  -1.3198647E+00   5.9844837E-02   7.6750413E-01   3.7335046E-02   1.7494879E+00  -5.2957357E-04   9.1847050E-07  -2.7800626E-02
  3.3671720E-01  -1.9745748E-04   8.2910279E-01   4.8322469E-15  -1.3206818E+00   5.9878179E-02   7.7841719E-01   3.7408961E-02   1.7516075E+00  -5.8551957E-04   2.6093466E-06  -2.7720826E-02
  3.3876300E-01  -2.6664499E-04   8.3572807E-01   5.5436491E-15  -1.3214912E+00   5.9894632E-02   7.8933386E-01   3.7475694E-02   1.7537095E+00  -6.3808232E-04   4.2783204E-06  -2.7640487E-02
  3.4081310E-01  -3.2941096E-04   8.4230576E-01   5.5137049E-15  -1.3222953E+00   5.9894311E-02   8.0025588E-01   3.7535630E-02   1.7557990E+00  -6.8747641E-04   5.9408072E-06  -2.7559537E-02
  3.4286790E-01  -3.8709149E-04   8.4883728E-01   6.1075029E-15  -1.3230929E+00   5.9877458E-02   8.1118420E-01   3.7589040E-02   1.7578711E+00  -7.3522806E-04   7.5397718E-06  -2.7478041E-02
  3.4492750E-01  -4.4104169E-04   8.5532620E-01   6.0825791E-15  -1.3238867E+00   5.9843806E-02   8.2212294E-01   3.7636331E-02   1.7599353E+00  -7.8301286E-04   8.9822124E-06  -2.7396077E-02
  3.4699230E-01  -4.9310157E-04   8.6177548E-01   6.0764365E-15  -1.3246746E+00   5.9793897E-02   8.3307539E-01   3.7677757E-02   1.7619861E+00  -8.3236243E-04   1.0144326E-05  -2.7313717E-02
  3.4906240E-01  -5.4419707E-04   8.6818783E-01   6.0600198E-15  -1.3254605E+00   5.9727181E-02   8.4404377E-01   3.7713689E-02   1.7640322E+00  -8.8410063E-04   1.0963413E-05  -2.7230917E-02
  3.5113820E-01  -5.9538201E-04   8.7456509E-01   6.0199918E-15  -1.3262429E+00   5.9644610E-02   8.5502893E-01   3.7744166E-02   1.7660720E+00  -9.3910448E-04   1.1540504E-05  -2.7147681E-02
  3.5321990E-01  -6.4595712E-04   8.8090895E-01   6.0239914E-15  -1.3270205E+00   5.9547334E-02   8.6603232E-01   3.7769467E-02   1.7681024E+00  -9.9667717E-04   1.1938969E-05  -2.7064049E-02
  3.5530790E-01  -6.9704384E-04   8.8722201E-01   5.9936724E-15  -1.3277959E+00   5.9435263E-02   8.7705724E-01   3.7789759E-02   1.7701285E+00  -1.0573064E-03   1.2128683E-05  -2.6980055E-02
  3.5740240E-01  -7.4947330E-04   8.9350519E-01   5.4189048E-15  -1.3285686E+00   5.9308789E-02   8.8810468E-01   3.7805076E-02   1.7721455E+00  -1.1210922E-03   1.2299546E-05  -2.6895683E-02
  3.5950380E-01  -8.0305975E-04   8.9976005E-01   5.9557680E-15  -1.3293395E+00   5.9169220E-02   8.9917685E-01   3.7815516E-02   1.7741586E+00  -1.1879176E-03   1.2716322E-05  -2.6810951E-02
  3.6161240E-01  -8.5816195E-04   9.0598941E-01   5.3794138E-15  -1.3301090E+00   5.9017097E-02   9.1027824E-01   3.7820976E-02   1.7761666E+00  -1.2573960E-03   1.3300178E-05  -2.6725870E-02
  3.6372850E-01  -9.1570948E-04   9.1219626E-01   5.3626988E-15  -1.3308743E+00   5.8854219E-02   9.2141337E-01   3.7821609E-02   1.7781656E+00  -1.3301604E-03   1.3861883E-05  -2.6640380E-02
  3.6585240E-01  -9.7389838E-04   9.1838189E-01   5.3449186E-15  -1.3316392E+00   5.8681371E-02   9.3258364E-01   3.7817360E-02   1.7801655E+00  -1.4043520E-03   1.4354032E-05  -2.6554381E-02
  3.6798450E-01  -1.0326499E-03   9.2454879E-01   4.6469294E-15  -1.3324011E+00   5.8499218E-02   9.4379307E-01   3.7807750E-02   1.7821595E+00  -1.4800751E-03   1.4708423E-05  -2.6467783E-02
  3.7012510E-01  -1.0935296E-03   9.3069876E-01   4.6310678E-15  -1.3331614E+00   5.8308306E-02   9.5504477E-01   3.7792806E-02   1.7841516E+00  -1.5588102E-03   1.4965438E-05  -2.6380558E-02
  3.7227470E-01  -1.1557028E-03   9.3683439E-01   4.6136500E-15  -1.3339196E+00   5.8108507E-02   9.6634280E-01   3.7772473E-02   1.7861398E+00  -1.6396329E-03   1.5315319E-05  -2.6292758E-02
  3.7443360E-01  -1.2189363E-03   9.4295691E-01   5.2747453E-15  -1.3346755E+00   5.7900117E-02   9.7768959E-01   3.7746636E-02   1.7881209E+00  -1.7219298E-03   1.5816614E-05  -2.6204522E-02
  3.7660210E-01  -1.2845812E-03   9.4906705E-01   5.7433633E-15  -1.3354290E+00   5.7683890E-02   9.8908741E-01   3.7715195E-02   1.7900946E+00  -1.8068694E-03   1.6430969E-05  -2.6116026E-02
  3.7878060E-01  -1.3533976E-03   9.5516424E-01   5.7235483E-15  -1.3361818E+00   5.7460184E-02   1.0005346E+00   3.7678053E-02   1.7920631E+00  -1.8945293E-03   1.7088222E-05  -2.6027309E-02
  3.8096960E-01  -1.4243225E-03   9.6125054E-01   5.6774707E-15  -1.3369334E+00   5.7231120E-02   1.0120344E+00   3.7635322E-02   1.7940282E+00  -1.9838632E-03   1.7691734E-05  -2.5938283E-02
  3.8316940E-01  -1.4975011E-03   9.6732661E-01   6.1558808E-15  -1.3376839E+00   5.6997789E-02   1.0235875E+00   3.7587182E-02   1.7959871E+00  -2.0748966E-03   1.8202287E-05  -2.5848843E-02
  3.8538040E-01  -1.5737312E-03   9.7339399E-01   6.1337154E-15  -1.3384345E+00   5.6760848E-02   1.0351965E+00   3.7533763E-02   1.7979460E+00  -2.1682331E-03   1.8572795E-05  -2.5758919E-02
  3.8760310E-01  -1.6513887E-03   9.7945175E-01   6.1081283E-15  -1.3391826E+00   5.6521317E-02   1.0468595E+00   3.7475107E-02   1.7999017E+00  -2.2623051E-03   1.8751016E-05  -2.5668440E-02
  3.8983790E-01  -1.7297084E-03   9.8550072E-01   6.7088792E-15  -1.3399308E+00   5.6280145E-02   1.0585777E+00   3.7411414E-02   1.8018584E+00  -2.3562069E-03   1.8900786E-05  -2.5577455E-02
  3.9208510E-01  -1.8092381E-03   9.9154207E-01   6.6732580E-15  -1.3406783E+00   5.6037668E-02   1.0703546E+00   3.7342640E-02   1.8038121E+00  -2.4502744E-03   1.9128425E-05  -2.5485944E-02
  3.9434520E-01  -1.8898726E-03   9.9757573E-01   6.0019115E-15  -1.3414256E+00   5.5794498E-02   1.0821897E+00   3.7269210E-02   1.8057709E+00  -2.5439988E-03   1.9263456E-05  -2.5393851E-02
  3.9661870E-01  -1.9713291E-03   1.0036013E+00   5.4486180E-15  -1.3421722E+00   5.5549980E-02   1.0940810E+00   3.7191442E-02   1.8077318E+00  -2.6365294E-03   1.9357840E-05  -2.5301092E-02
  3.9890590E-01  -2.0530569E-03   1.0096192E+00   5.4136622E-15  -1.3429193E+00   5.5302995E-02   1.1060297E+00   3.7109523E-02   1.8096943E+00  -2.7276744E-03   1.9504239E-05  -2.5207655E-02
  4.0120740E-01  -2.1345105E-03   1.0156307E+00   5.3749337E-15  -1.3436659E+00   5.5052475E-02   1.1180367E+00   3.7023704E-02   1.8116568E+00  -2.8169600E-03   1.9638788E-05  -2.5113668E-02
  4.0352350E-01  -2.2151145E-03   1.0216365E+00   4.9354155E-15  -1.3444149E+00   5.4797487E-02   1.1301028E+00   3.6934242E-02   1.8136277E+00  -2.9041464E-03   1.9762011E-05  -2.5019031E-02
  4.0585460E-01  -2.2939888E-03   1.0276372E+00   4.9017591E-15  -1.3451666E+00   5.4537241E-02   1.1422267E+00   3.6841463E-02   1.8156074E+00  -2.9890856E-03   1.9957429E-05  -2.4923709E-02
  4.0820130E-01  -2.3698792E-03   1.0336339E+00   4.2411336E-15  -1.3459199E+00   5.4270045E-02   1.1544090E+00   3.6745535E-02   1.8175927E+00  -3.0709430E-03   2.0357704E-05  -2.4827874E-02
  4.1056400E-01  -2.4417531E-03   1.0396276E+00   4.2264375E-15  -1.3466768E+00   5.3995681E-02   1.1666505E+00   3.6646556E-02   1.8195856E+00  -3.1486353E-03   2.1026594E-05  -2.4731504E-02
  4.1294320E-01  -2.5092211E-03   1.0456183E+00   4.1987290E-15  -1.3474372E+00   5.3714266E-02   1.1789505E+00   3.6544643E-02   1.8215872E+00  -3.2222984E-03   2.1912793E-05  -2.4634524E-02
  4.1533920E-01  -2.5711917E-03   1.0516063E+00   4.1762952E-15  -1.3482003E+00   5.3425734E-02   1.1913089E+00   3.6440024E-02   1.8235977E+00  -3.2910723E-03   2.2957050E-05  -2.4536987E-02
  4.1775260E-01  -2.6264036E-03   1.0575919E+00   3.6977766E-15  -1.3489664E+00   5.3129904E-02   1.2037262E+00   3.6332730E-02   1.8256157E+00  -3.3539401E-03   2.4227271E-05  -2.4438830E-02
  4.2018400E-01  -2.6754153E-03   1.0635772E+00   4.1141156E-15  -1.3497375E+00   5.2828672E-02   1.2162070E+00   3.6222798E-02   1.8276473E+00  -3.4122361E-03   2.5556714E-05  -2.4339901E-02
  4.2263360E-01  -2.7190803E-03   1.0695641E+00   4.0789146E-15  -1.3505119E+00   5.2523422E-02   1.2287561E+00   3.6110303E-02   1.8296900E+00  -3.4668621E-03   2.6695056E-05  -2.4240146E-02
  4.2510200E-01  -2.7585489E-03   1.0755529E+00   4.0533283E-15  -1.3512924E+00   5.2214980E-02   1.2413752E+00   3.5995359E-02   1.8317502E+00  -3.5189543E-03   2.7672028E-05  -2.4139588E-02
  4.2758940E-01  -2.7940246E-03   1.0815454E+00   4.6036564E-15  -1.3520778E+00   5.1903475E-02   1.2540680E+00   3.5878177E-02   1.8338267E+00  -3.5689297E-03   2.8534174E-05  -2.4038160E-02
  4.3009650E-01  -2.8231436E-03   1.0875426E+00   4.9107717E-15  -1.3528667E+00   5.1590071E-02   1.2668368E+00   3.5758745E-02   1.8359133E+00  -3.6147138E-03   2.9330755E-05  -2.3935658E-02
  4.3262350E-01  -2.8455398E-03   1.0935449E+00   5.4055925E-15  -1.3536586E+00   5.1276207E-02   1.2796818E+00   3.5637360E-02   1.8380063E+00  -3.6558827E-03   3.0085253E-05  -2.3832008E-02
  4.3517110E-01  -2.8603975E-03   1.0995537E+00   5.3649469E-15  -1.3544576E+00   5.0963423E-02   1.2926064E+00   3.5514119E-02   1.8401173E+00  -3.6910612E-03   3.0660163E-05  -2.3727151E-02
  4.3773950E-01  -2.8670676E-03   1.1055708E+00   5.8527494E-15  -1.3552627E+00   5.0652626E-02   1.3056146E+00   3.5388965E-02   1.8422491E+00  -3.7189140E-03   3.1065427E-05  -2.3621007E-02
  4.4032920E-01  -2.8661538E-03   1.1115974E+00   6.1323270E-15  -1.3560714E+00   5.0344492E-02   1.3187102E+00   3.5262117E-02   1.8443974E+00  -3.7400694E-03   3.1290551E-05  -2.3513473E-02
  4.4294070E-01  -2.8580042E-03   1.1176339E+00   5.7572344E-15  -1.3568859E+00   5.0038511E-02   1.3318948E+00   3.5133460E-02   1.8465648E+00  -3.7543963E-03   3.1284935E-05  -2.3404615E-02
  4.4557440E-01  -2.8436425E-03   1.1236795E+00   5.7267071E-15  -1.3577083E+00   4.9734442E-02   1.3451677E+00   3.5002993E-02   1.8487531E+00  -3.7633049E-03   3.1072817E-05  -2.3294545E-02
  4.4823060E-01  -2.8250713E-03   1.1297352E+00   5.9817823E-15  -1.3585354E+00   4.9432513E-02   1.3585311E+00   3.4870508E-02   1.8509564E+00  -3.7693600E-03   3.0737554E-05  -2.3183352E-02
  4.5090980E-01  -2.8031908E-03   1.1358019E+00   5.6260826E-15  -1.3593684E+00   4.9132704E-02   1.3719867E+00   3.4735900E-02   1.8531774E+00  -3.7741453E-03   3.0515650E-05  -2.3071342E-02
  4.5361250E-01  -2.7785561E-03   1.1418804E+00   5.8825055E-15  -1.3602091E+00   4.8834498E-02   1.3855376E+00   3.4599024E-02   1.8554155E+00  -3.7782888E-03   3.0602114E-05  -2.2958638E-02
  4.5633890E-01  -2.7528662E-03   1.1479713E+00   6.3531308E-15  -1.3610561E+00   4.8538060E-02   1.3991844E+00   3.4459919E-02   1.8576669E+00  -3.7827351E-03   3.1073896E-05  -2.2845109E-02
  4.5908950E-01  -2.7266404E-03   1.1540745E+00   6.3126579E-15  -1.3619094E+00   4.8242744E-02   1.4129283E+00   3.4318487E-02   1.8599372E+00  -3.7869451E-03   3.1800559E-05  -2.2730699E-02
  4.6186460E-01  -2.6990440E-03   1.1601909E+00   6.2551619E-15  -1.3627695E+00   4.7947499E-02   1.4267721E+00   3.4174798E-02   1.8622303E+00  -3.7887689E-03   3.2548121E-05  -2.2615274E-02
  4.6466470E-01  -2.6701908E-03   1.1663214E+00   6.2074974E-15  -1.3636356E+00   4.7651379E-02   1.4407172E+00   3.4028880E-02   1.8645441E+00  -3.7879242E-03   3.3225989E-05  -2.2498680E-02
  4.6749000E-01  -2.6388121E-03   1.1724662E+00   6.1501038E-15  -1.3645092E+00   4.7353765E-02   1.4547634E+00   3.3880638E-02   1.8668783E+00  -3.7817032E-03   3.3763321E-05  -2.2380772E-02
  4.7034100E-01  -2.6041629E-03   1.1786248E+00   6.1084456E-15  -1.3653898E+00   4.7053776E-02   1.4689103E+00   3.3730236E-02   1.8692340E+00  -3.7682353E-03   3.4128675E-05  -2.2261515E-02
  4.7321800E-01  -2.5668909E-03   1.1847950E+00   6.0585421E-15  -1.3662772E+00   4.6750926E-02   1.4831529E+00   3.3577489E-02   1.8716072E+00  -3.7480888E-03   3.4226391E-05  -2.2140924E-02
  4.7612140E-01  -2.5273068E-03   1.1909752E+00   6.0011052E-15  -1.3671716E+00   4.6445162E-02   1.4974887E+00   3.3422248E-02   1.8740010E+00  -3.7216387E-03   3.4196594E-05  -2.2019025E-02
  4.7905140E-01  -2.4860011E-03   1.1971621E+00   5.9350838E-15  -1.3680739E+00   4.6135511E-02   1.5119118E+00   3.3264612E-02   1.8764202E+00  -3.6906939E-03   3.4317347E-05  -2.1896024E-02
  4.8200830E-01  -2.4406767E-03   1.2033532E+00   5.4122145E-15  -1.3689850E+00   4.5821400E-02   1.5264183E+00   3.3104465E-02   1.8788616E+00  -3.6535266E-03   3.4742854E-05  -2.1771913E-02
  4.8499260E-01  -2.3888710E-03   1.2095476E+00   5.3621614E-15  -1.3699043E+00   4.5502686E-02   1.5410078E+00   3.2941794E-02   1.8813230E+00  -3.6081320E-03   3.5389415E-05  -2.1646634E-02
  4.8800440E-01  -2.3289701E-03   1.2157440E+00   5.3249381E-15  -1.3708294E+00   4.5178271E-02   1.5556774E+00   3.2776521E-02   1.8837992E+00  -3.5527286E-03   3.6145063E-05  -2.1520261E-02
  4.9104410E-01  -2.2614190E-03   1.2219394E+00   4.9701358E-15  -1.3717604E+00   4.4848646E-02   1.5704205E+00   3.2608671E-02   1.8862965E+00  -3.4874633E-03   3.6954529E-05  -2.1393038E-02
  4.9411200E-01  -2.1877872E-03   1.2281318E+00   4.9260738E-15  -1.3726980E+00   4.4514076E-02   1.5852310E+00   3.2438084E-02   1.8888173E+00  -3.4138265E-03   3.7518139E-05  -2.1265023E-02
  4.9720820E-01  -2.1085059E-03   1.2343176E+00   4.8788536E-15  -1.3736414E+00   4.4175668E-02   1.6000995E+00   3.2264603E-02   1.8913621E+00  -3.3321084E-03   3.7474094E-05  -2.1136074E-02
  5.0033310E-01  -2.0247368E-03   1.2404929E+00   4.8447571E-15  -1.3745927E+00   4.3834184E-02   1.6150161E+00   3.2088176E-02   1.8939330E+00  -3.2431025E-03   3.6842337E-05  -2.1005965E-02
  5.0348680E-01  -1.9377455E-03   1.2466549E+00   4.7962548E-15  -1.3755515E+00   4.3491058E-02   1.6299720E+00   3.1908956E-02   1.8965265E+00  -3.1482091E-03   3.5914826E-05  -2.0874464E-02
  5.0666970E-01  -1.8481811E-03   1.2528023E+00   4.3735326E-15  -1.3765183E+00   4.3148140E-02   1.6449627E+00   3.1726968E-02   1.8991394E+00  -3.0482853E-03   3.5008002E-05  -2.0741380E-02
  5.0988190E-01  -1.7556968E-03   1.2589337E+00   4.3398116E-15  -1.3774937E+00   4.2806036E-02   1.6599830E+00   3.1542432E-02   1.9017709E+00  -2.9426656E-03   3.4244431E-05  -2.0606736E-02
  5.1312370E-01  -1.6616783E-03   1.2650476E+00   4.6596509E-15  -1.3784770E+00   4.2465216E-02   1.6750287E+00   3.1355333E-02   1.9044290E+00  -2.8334141E-03   3.3511001E-05  -2.0470658E-02
  5.1639520E-01  -1.5679887E-03   1.2711448E+00   4.6197151E-15  -1.3794692E+00   4.2126677E-02   1.6900986E+00   3.1165848E-02   1.9071169E+00  -2.7230883E-03   3.2701632E-05  -2.0333246E-02
  5.1969660E-01  -1.4744852E-03   1.2772261E+00   4.5860055E-15  -1.3804689E+00   4.1790254E-02   1.7051929E+00   3.0974140E-02   1.9098295E+00  -2.6117918E-03   3.1955899E-05  -2.0194537E-02
  5.2302800E-01  -1.3807084E-03   1.2832939E+00   4.5468593E-15  -1.3814781E+00   4.1455795E-02   1.7203154E+00   3.0780490E-02   1.9125696E+00  -2.4993141E-03   3.1396889E-05  -2.0054694E-02
  5.2638970E-01  -1.2867773E-03   1.2893500E+00   4.1662453E-15  -1.3824975E+00   4.1122974E-02   1.7354708E+00   3.0585227E-02   1.9153389E+00  -2.3857633E-03   3.1082780E-05  -1.9913665E-02
  5.2978180E-01  -1.1919575E-03   1.2953962E+00   4.1305848E-15  -1.3835239E+00   4.0791193E-02   1.7506636E+00   3.0388697E-02   1.9181334E+00  -2.2694993E-03   3.0986231E-05  -1.9771176E-02
  5.3320430E-01  -1.0962050E-03   1.3014355E+00   4.4066939E-15  -1.3845615E+00   4.0458917E-02   1.7659020E+00   3.0190952E-02   1.9209571E+00  -2.1507939E-03   3.0815725E-05  -1.9627104E-02
  5.3665750E-01  -9.9965970E-04   1.3074714E+00   4.3868090E-15  -1.3856086E+00   4.0125295E-02   1.7811964E+00   2.9991973E-02   1.9238087E+00  -2.0299235E-03   3.0391807E-05  -1.9481442E-02
  5.4014140E-01  -9.0308285E-04   1.3135071E+00   4.0399265E-15  -1.3866683E+00   3.9788558E-02   1.7965570E+00   2.9791579E-02   1.9266932E+00  -1.9071325E-03   2.9630325E-05  -1.9334245E-02
  5.4365600E-01  -8.0687216E-04   1.3195425E+00   3.9979714E-15  -1.3877342E+00   3.9446961E-02   1.8119845E+00   2.9589655E-02   1.9296009E+00  -1.7821376E-03   2.8507171E-05  -1.9185761E-02
  5.4720160E-01  -7.0993131E-04   1.3255750E+00   4.2650217E-15  -1.3888097E+00   3.9100331E-02   1.8274742E+00   2.9386017E-02   1.9325394E+00  -1.6524852E-03   2.7242761E-05  -1.9036063E-02
  5.5077810E-01  -6.1003868E-04   1.3316021E+00   4.2241568E-15  -1.3898944E+00   3.8750427E-02   1.8430206E+00   2.9180528E-02   1.9355044E+00  -1.5152193E-03   2.6244444E-05  -1.8884987E-02
  5.5438560E-01  -5.0464056E-04   1.3376222E+00   4.1948109E-15  -1.3909887E+00   3.8398611E-02   1.8586200E+00   2.8973100E-02   1.9384975E+00  -1.3680975E-03   2.5714149E-05  -1.8732483E-02
  5.5802410E-01  -3.9045351E-04   1.3436345E+00   3.8823934E-15  -1.3920928E+00   3.8045678E-02   1.8742691E+00   2.8763943E-02   1.9415239E+00  -1.2075347E-03   2.5632180E-05  -1.8578683E-02
  5.6169370E-01  -2.6537598E-04   1.3496369E+00   3.4641226E-15  -1.3932074E+00   3.7692689E-02   1.8899585E+00   2.8553376E-02   1.9445847E+00  -1.0304262E-03   2.5737650E-05  -1.8423682E-02
  5.6539440E-01  -1.2809501E-04   1.3556285E+00   3.4345126E-15  -1.3943320E+00   3.7340316E-02   1.9056833E+00   2.8341782E-02   1.9476698E+00  -8.3295462E-04   2.5734517E-05  -1.8267360E-02
  5.6912610E-01   2.0040718E-05   1.3616107E+00   3.4098462E-15  -1.3954645E+00   3.6989086E-02   1.9214461E+00   2.8129326E-02   1.9507795E+00  -6.1424241E-04   2.5441059E-05  -1.8109550E-02
  5.7288890E-01   1.7752551E-04   1.3675873E+00   3.3804309E-15  -1.3966093E+00   3.6639491E-02   1.9372568E+00   2.7915913E-02   1.9539305E+00  -3.7406617E-04   2.4769288E-05  -1.7950069E-02
  5.7668280E-01   3.4209775E-04   1.3735611E+00   3.7388674E-15  -1.3977648E+00   3.6292353E-02   1.9531234E+00   2.7701495E-02   1.9571144E+00  -1.1428888E-04   2.3863462E-05  -1.7788993E-02
  5.8050750E-01   5.1414277E-04   1.3795310E+00   3.7169776E-15  -1.3989311E+00   3.5948227E-02   1.9690445E+00   2.7485964E-02   1.9603277E+00   1.6428307E-04   2.2929361E-05  -1.7626533E-02
  5.8436330E-01   6.9248566E-04   1.3854967E+00   3.6919821E-15  -1.4001062E+00   3.5606590E-02   1.9850182E+00   2.7269283E-02   1.9635718E+00   4.5839117E-04   2.1834505E-05  -1.7462875E-02
  5.8824990E-01   8.7562304E-04   1.3914560E+00   3.6691203E-15  -1.4012891E+00   3.5266734E-02   2.0010383E+00   2.7051552E-02   1.9668462E+00   7.6393939E-04   2.0374293E-05  -1.7297996E-02
  5.9216730E-01   1.0624826E-03   1.3974087E+00   3.8516829E-15  -1.4024809E+00   3.4927575E-02   2.0171041E+00   2.6832880E-02   1.9701514E+00   1.0767504E-03   1.8698066E-05  -1.7131805E-02
  5.9611540E-01   1.2516765E-03   1.4033552E+00   3.6152531E-15  -1.4036834E+00   3.4587679E-02   2.0332164E+00   2.6613496E-02   1.9734867E+00   1.3925140E-03   1.7012560E-05  -1.6964186E-02
  6.0009410E-01   1.4429554E-03   1.4092972E+00   3.5868242E-15  -1.4048979E+00   3.4246497E-02   2.0493800E+00   2.6393674E-02   1.9768566E+00   1.7100961E-03   1.5374951E-05  -1.6795021E-02
  6.0410320E-01   1.6330405E-03   1.4152340E+00   3.2104760E-15  -1.4061224E+00   3.3904693E-02   2.0655927E+00   2.6173676E-02   1.9802573E+00   2.0256880E-03   1.3718030E-05  -1.6624409E-02
  6.0814280E-01   1.8184216E-03   1.4211634E+00   3.1912244E-15  -1.4073585E+00   3.3563430E-02   2.0818476E+00   2.5953784E-02   1.9836948E+00   2.3353820E-03   1.2100994E-05  -1.6452788E-02
  6.1221260E-01   1.9982875E-03   1.4270827E+00   3.1732818E-15  -1.4086064E+00   3.3223438E-02   2.0981365E+00   2.5734219E-02   1.9871642E+00   2.6379046E-03   1.0726066E-05  -1.6280433E-02
  6.1631240E-01   2.1757096E-03   1.4329908E+00   3.5021292E-15  -1.4098648E+00   3.2885009E-02   2.1144569E+00   2.5515160E-02   1.9906716E+00   2.9362203E-03   9.5402609E-06  -1.6107248E-02
  6.2044220E-01   2.3529418E-03   1.4388870E+00   3.4762457E-15  -1.4111330E+00   3.2546725E-02   2.1308082E+00   2.5296705E-02   1.9942106E+00   3.2324418E-03   8.1859236E-06  -1.5933125E-02
  6.2460170E-01   2.5293897E-03   1.4447705E+00   3.4553390E-15  -1.4124127E+00   3.2205768E-02   2.1471914E+00   2.5078747E-02   1.9977852E+00   3.5257413E-03   6.3160274E-06  -1.5757899E-02
  6.2879080E-01   2.7022633E-03   1.4506387E+00   3.0891247E-15  -1.4137009E+00   3.1858917E-02   2.1635985E+00   2.4861645E-02   2.0013948E+00   3.8132623E-03   3.8569498E-06  -1.5581505E-02
  6.3300930E-01   2.8662755E-03   1.4564899E+00   2.8219425E-15  -1.4150032E+00   3.1505383E-02   2.1800247E+00   2.4645401E-02   2.0050474E+00   4.0891248E-03   9.4176845E-07  -1.5403892E-02
  6.3725690E-01   3.0156272E-03   1.4623222E+00   2.8001073E-15  -1.4163174E+00   3.1146031E-02   2.1964633E+00   2.4429949E-02   2.0087285E+00   4.3446534E-03  -2.2898383E-06  -1.5225259E-02
  6.4153340E-01   3.1456057E-03   1.4681350E+00   2.5337168E-15  -1.4176450E+00   3.0784536E-02   2.2129116E+00   2.4215071E-02   2.0124464E+00   4.5723433E-03  -5.7146291E-06  -1.5045755E-02
  6.4583890E-01   3.2541545E-03   1.4739287E+00   2.5199336E-15  -1.4189802E+00   3.0424863E-02   2.2293689E+00   2.4000669E-02   2.0161966E+00   4.7689549E-03  -9.1447245E-06  -1.4865325E-02
  6.5017310E-01   3.3385858E-03   1.4797037E+00   2.1673210E-15  -1.4203250E+00   3.0068886E-02   2.2458347E+00   2.3786870E-02   2.0199806E+00   4.9297016E-03  -1.2316890E-05  -1.4684022E-02
  6.5453550E-01   3.3974594E-03   1.4854589E+00   2.1652027E-15  -1.4216836E+00   2.9717124E-02   2.2623048E+00   2.3573727E-02   2.0238051E+00   5.0517754E-03  -1.5294754E-05  -1.4502001E-02
  6.5892580E-01   3.4301473E-03   1.4911911E+00   2.1490148E-15  -1.4230526E+00   2.9370681E-02   2.2787663E+00   2.3361344E-02   2.0276600E+00   5.1349905E-03  -1.8454512E-05  -1.4319422E-02
  6.6334380E-01   3.4361734E-03   1.4968969E+00   2.1348143E-15  -1.4244317E+00   2.9030840E-02   2.2952088E+00   2.3149709E-02   2.0315495E+00   5.1795178E-03  -2.1803162E-05  -1.4136353E-02
  6.6778930E-01   3.4155325E-03   1.5025727E+00   1.9539688E-15  -1.4258223E+00   2.8697950E-02   2.3116222E+00   2.2938984E-02   2.0354806E+00   5.1853174E-03  -2.5161590E-05  -1.3952855E-02
  6.7226180E-01   3.3745855E-03   1.5082151E+00   2.1141405E-15  -1.4272235E+00   2.8371481E-02   2.3279977E+00   2.2729245E-02   2.0394443E+00   5.1623210E-03  -2.8346687E-05  -1.3768871E-02
  6.7676120E-01   3.3192518E-03   1.5138210E+00   2.1092640E-15  -1.4286348E+00   2.8051768E-02   2.3443260E+00   2.2520689E-02   2.0434381E+00   5.1190184E-03  -3.1259476E-05  -1.3584326E-02
  6.8128710E-01   3.2563638E-03   1.5193887E+00   1.9361424E-15  -1.4300527E+00   2.7738733E-02   2.3606002E+00   2.2313611E-02   2.0474679E+00   5.0652113E-03  -3.3845880E-05  -1.3399065E-02
  6.8583930E-01   3.1912550E-03   1.5249185E+00   1.9240616E-15  -1.4314800E+00   2.7431548E-02   2.3768187E+00   2.2108248E-02   2.0515385E+00   5.0080907E-03  -3.6158879E-05  -1.3212867E-02
  6.9041730E-01   3.1236593E-03   1.5304132E+00   2.0821057E-15  -1.4329248E+00   2.7128446E-02   2.3929877E+00   2.1904694E-02   2.0556465E+00   4.9473702E-03  -3.8164121E-05  -1.3025605E-02
  6.9502090E-01   3.0556067E-03   1.5358748E+00   2.0754126E-15  -1.4343845E+00   2.6828232E-02   2.4091128E+00   2.1702808E-02   2.0597908E+00   4.8862090E-03  -3.9774601E-05  -1.2837446E-02
  6.9964970E-01   2.9881243E-03   1.5413033E+00   2.0629974E-15  -1.4358511E+00   2.6530101E-02   2.4251961E+00   2.1502377E-02   2.0639714E+00   4.8265369E-03  -4.1237291E-05  -1.2648579E-02
  7.0430350E-01   2.9189289E-03   1.5466976E+00   2.0532755E-15  -1.4373267E+00   2.6234120E-02   2.4412357E+00   2.1303057E-02   2.0681859E+00   4.7654532E-03  -4.3104714E-05  -1.2458989E-02
  7.0898170E-01   2.8407656E-03   1.5520587E+00   2.0432267E-15  -1.4388145E+00   2.5941038E-02   2.4572337E+00   2.1104675E-02   2.0724321E+00   4.6923147E-03  -4.5559143E-05  -1.2268622E-02
  7.1368410E-01   2.7463438E-03   1.5573863E+00   2.0381679E-15  -1.4403080E+00   2.5652962E-02   2.4731886E+00   2.0907161E-02   2.0767077E+00   4.5948556E-03  -4.8286978E-05  -1.2077070E-02
  7.1841040E-01   2.6334434E-03   1.5626828E+00   2.0300168E-15  -1.4418087E+00   2.5372280E-02   2.4891039E+00   2.0710399E-02   2.0810104E+00   4.4670417E-03  -5.0880035E-05  -1.1883831E-02
  7.2316020E-01   2.5034303E-03   1.5679520E+00   1.8561856E-15  -1.4433194E+00   2.5101228E-02   2.5049927E+00   2.0514063E-02   2.0853515E+00   4.3093190E-03  -5.3151187E-05  -1.1689196E-02
  7.2793300E-01   2.3593713E-03   1.5731981E+00   1.8469400E-15  -1.4448381E+00   2.4841313E-02   2.5208694E+00   2.0317802E-02   2.0897196E+00   4.1246059E-03  -5.4975880E-05  -1.1493622E-02
  7.3272850E-01   2.2045041E-03   1.5784245E+00   1.5526106E-15  -1.4463680E+00   2.4591758E-02   2.5367454E+00   2.0121711E-02   2.0941105E+00   3.9148000E-03  -5.6727716E-05  -1.1297427E-02
  7.3754630E-01   2.0419189E-03   1.5836292E+00   1.5481361E-15  -1.4479045E+00   2.4349417E-02   2.5526173E+00   1.9926189E-02   2.0985282E+00   3.6823550E-03  -5.8760525E-05  -1.1100727E-02
  7.4238600E-01   1.8730167E-03   1.5888103E+00   1.5487848E-15  -1.4494446E+00   2.4111213E-02   2.5684775E+00   1.9731646E-02   2.1029844E+00   3.4290579E-03  -6.0956477E-05  -1.0903464E-02
  7.4724730E-01   1.7002354E-03   1.5939676E+00   1.2402322E-15  -1.4509918E+00   2.3877978E-02   2.5843243E+00   1.9538573E-02   2.1074609E+00   3.1610745E-03  -6.2958179E-05  -1.0705393E-02
  7.5212970E-01   1.5255878E-03   1.5991015E+00   1.2348701E-15  -1.4525457E+00   2.3651932E-02   2.6001580E+00   1.9347310E-02   2.1119684E+00   2.8839537E-03  -6.4591049E-05  -1.0506209E-02
  7.5703290E-01   1.3484422E-03   1.6042153E+00   1.5311140E-15  -1.4541072E+00   2.3433966E-02   2.6159871E+00   1.9158166E-02   2.1165107E+00   2.6002874E-03  -6.5838239E-05  -1.0305482E-02
  7.6195650E-01   1.1692910E-03   1.6093122E+00   1.5239352E-15  -1.4556745E+00   2.3223269E-02   2.6318245E+00   1.8971317E-02   2.1210675E+00   2.3121329E-03  -6.6803381E-05  -1.0103288E-02
  7.6690000E-01   9.9096600E-04   1.6143919E+00   1.2289341E-15  -1.4572487E+00   2.3017919E-02   2.6476719E+00   1.8786991E-02   2.1256518E+00   2.0243704E-03  -6.7575608E-05  -9.9002559E-03
  7.7186310E-01   8.1532044E-04   1.6194496E+00   1.5159918E-15  -1.4588346E+00   2.2816238E-02   2.6635158E+00   1.8605635E-02   2.1302583E+00   1.7415397E-03  -6.8124556E-05  -9.6968276E-03
  7.7684530E-01   6.4866378E-04   1.6244812E+00   1.2248724E-15  -1.4604312E+00   2.2617134E-02   2.6793423E+00   1.8427725E-02   2.1348898E+00   1.4752874E-03  -6.8297537E-05  -9.4929496E-03
  7.8184630E-01   4.9858944E-04   1.6294830E+00   1.2196094E-15  -1.4620293E+00   2.2421331E-02   2.6951432E+00   1.8253810E-02   2.1395481E+00   1.2370026E-03  -6.7853597E-05  -9.2883653E-03
  7.8686570E-01   3.6858994E-04   1.6344504E+00   1.0704432E-15  -1.4636290E+00   2.2227657E-02   2.7109036E+00   1.8084668E-02   2.1442280E+00   1.0321032E-03  -6.6891260E-05  -9.0828626E-03
  7.9190300E-01   2.5890207E-04   1.6393844E+00   1.0680774E-15  -1.4652331E+00   2.2034148E-02   2.7266217E+00   1.7920982E-02   2.1489152E+00   8.6175153E-04  -6.5726408E-05  -8.8764673E-03
  7.9695790E-01   1.6672966E-04   1.6442872E+00   1.0701850E-15  -1.4668368E+00   2.1840430E-02   2.7423031E+00   1.7762763E-02   2.1536111E+00   7.2139396E-04  -6.4515964E-05  -8.6693787E-03
  8.0202990E-01   8.2694000E-05   1.6491602E+00   1.0730985E-15  -1.4684377E+00   2.1649818E-02   2.7579496E+00   1.7609652E-02   2.1583084E+00   5.9569508E-04  -6.3200886E-05  -8.4620342E-03
  8.0711880E-01   8.5670515E-07   1.6540006E+00   7.7738970E-16  -1.4700378E+00   2.1468594E-02   2.7735546E+00   1.7461974E-02   2.1630001E+00   4.7661890E-04  -6.1681025E-05  -8.2549719E-03
  8.1222400E-01  -8.1343986E-05   1.6588052E+00   1.0645160E-15  -1.4716291E+00   2.1302171E-02   2.7891078E+00   1.7320923E-02   2.1676802E+00   3.6286115E-04  -6.0262072E-05  -8.0481513E-03
  8.1734520E-01  -1.6804751E-04   1.6635751E+00   1.0596728E-15  -1.4732057E+00   2.1153755E-02   2.8046134E+00   1.7187501E-02   2.1723297E+00   2.4823859E-04  -5.9410736E-05  -7.8417061E-03
  8.2248210E-01  -2.6408379E-04   1.6683144E+00   1.0578312E-15  -1.4747647E+00   2.1026356E-02   2.8200887E+00   1.7062423E-02   2.1769485E+00   1.2362525E-04  -5.9021021E-05  -7.6355047E-03
  8.2763410E-01  -3.6984536E-04   1.6730334E+00   1.1956602E-15  -1.4763156E+00   2.0921013E-02   2.8355675E+00   1.6945899E-02   2.1815281E+00  -1.8107388E-05  -5.8822255E-05  -7.4301305E-03
  8.3280110E-01  -4.8003526E-04   1.6777417E+00   1.0575014E-15  -1.4778598E+00   2.0840844E-02   2.8510845E+00   1.6837991E-02   2.1860633E+00  -1.7240715E-04  -5.8647431E-05  -7.2268133E-03
  8.3798250E-01  -5.8998880E-04   1.6824526E+00   1.0576531E-15  -1.4793850E+00   2.0789320E-02   2.8666955E+00   1.6739556E-02   2.1905843E+00  -3.3333415E-04  -5.8078327E-05  -7.0268467E-03
  8.4317810E-01  -6.9149979E-04   1.6871768E+00   1.0501319E-15  -1.4808920E+00   2.0767665E-02   2.8824423E+00   1.6652083E-02   2.1950534E+00  -4.8386507E-04  -5.6710040E-05  -6.8312894E-03
  8.4838740E-01  -7.7598289E-04   1.6919248E+00   7.7050849E-16  -1.4823753E+00   2.0776497E-02   2.8983594E+00   1.6576622E-02   2.1994364E+00  -6.0510431E-04  -5.4648212E-05  -6.6402131E-03
  8.5361020E-01  -8.3176782E-04   1.6967178E+00   7.7274149E-16  -1.4838293E+00   2.0818660E-02   2.9145208E+00   1.6514323E-02   2.2037339E+00  -6.7528083E-04  -5.2524499E-05  -6.4542802E-03
  8.5884610E-01  -8.4007894E-04   1.7015830E+00   6.2503372E-16  -1.4852463E+00   2.0897006E-02   2.9310318E+00   1.6466830E-02   2.2079249E+00  -6.6066001E-04  -5.1193625E-05  -6.2749920E-03
  8.6409480E-01  -7.9068385E-04   1.7065534E+00   3.5719998E-16  -1.4866267E+00   2.1016641E-02   2.9480197E+00   1.6436031E-02   2.2120150E+00  -5.4106418E-04  -5.1254831E-05  -6.1045297E-03
  8.6935590E-01  -6.8742372E-04   1.7116636E+00   3.5563916E-16  -1.4879608E+00   2.1184663E-02   2.9656350E+00   1.6423987E-02   2.2159772E+00  -3.2339014E-04  -5.1986456E-05  -5.9462601E-03
  8.7462910E-01  -5.3493616E-04   1.7169483E+00   6.2365936E-16  -1.4892425E+00   2.1417841E-02   2.9840249E+00   1.6434134E-02   2.2197801E+00  -1.9872940E-05  -5.2882435E-05  -5.8031584E-03
  8.7991420E-01  -3.4171492E-04   1.7224658E+00   6.2929485E-16  -1.4904727E+00   2.1728469E-02   3.0034209E+00   1.6469903E-02   2.2234272E+00   3.5771768E-04  -5.4555334E-05  -5.6786303E-03
  8.8521090E-01  -1.3389069E-04   1.7283008E+00   3.5947697E-16  -1.4916540E+00   2.2122953E-02   3.0241879E+00   1.6534349E-02   2.2269236E+00   7.6983862E-04  -5.7705058E-05  -5.5774876E-03
  8.9051880E-01   6.9744468E-05   1.7345196E+00   6.2577272E-16  -1.4927819E+00   2.2608240E-02   3.0466403E+00   1.6631698E-02   2.2302565E+00   1.1865570E-03  -6.2450262E-05  -5.5027004E-03
  8.9583780E-01   2.5014890E-04   1.7411799E+00   6.3160111E-16  -1.4938612E+00   2.3193455E-02   3.0710391E+00   1.6767501E-02   2.2334503E+00   1.5665093E-03  -6.7108875E-05  -5.4556429E-03
  9.0116760E-01   3.9064317E-04   1.7483595E+00   6.2266008E-16  -1.4948906E+00   2.3890573E-02   3.0977521E+00   1.6945245E-02   2.2364933E+00   1.8638886E-03  -7.0608891E-05  -5.4380410E-03
  9.0650780E-01   4.9761196E-04   1.7561610E+00   6.2758497E-16  -1.4958677E+00   2.4711009E-02   3.1272641E+00   1.7167977E-02   2.2394006E+00   2.0915489E-03  -7.3181856E-05  -5.4536505E-03
  9.1185830E-01   5.9244183E-04   1.7646998E+00   3.4765943E-16  -1.4968040E+00   2.5664753E-02   3.1601118E+00   1.7441567E-02   2.2421702E+00   2.3014679E-03  -7.4543589E-05  -5.5080984E-03
  9.1721880E-01   6.7585040E-04   1.7741057E+00   3.5948639E-16  -1.4977093E+00   2.6762995E-02   3.1969073E+00   1.7773748E-02   2.2448434E+00   2.5096072E-03  -7.4812920E-05  -5.6075019E-03
  9.2258930E-01   7.4574201E-04   1.7845416E+00   3.4970540E-16  -1.4985911E+00   2.8021976E-02   3.2384229E+00   1.8170839E-02   2.2474562E+00   2.7127642E-03  -7.3382157E-05  -5.7535755E-03
  9.2796940E-01   8.1325533E-04   1.7962039E+00   6.2504129E-16  -1.4994549E+00   2.9442879E-02   3.2856091E+00   1.8641178E-02   2.2500201E+00   2.9160922E-03  -6.8882121E-05  -5.9468145E-03
  9.3335920E-01   8.8587514E-04   1.8092669E+00   6.2540822E-16  -1.5003042E+00   3.1027263E-02   3.3393601E+00   1.9192735E-02   2.2525222E+00   3.1243599E-03  -6.1570626E-05  -6.1898659E-03
  9.3875830E-01   9.6306417E-04   1.8238496E+00   6.2371776E-16  -1.5011424E+00   3.2783644E-02   3.4003526E+00   1.9833931E-02   2.2549962E+00   3.3450715E-03  -5.5292951E-05  -6.4847830E-03
  9.4416660E-01   1.0446906E-03   1.8400365E+00   3.5480135E-16  -1.5019599E+00   3.4697732E-02   3.4691463E+00   2.0573130E-02   2.2574311E+00   3.5745324E-03  -5.3449855E-05  -6.8327917E-03
  9.4958410E-01   1.1242827E-03   1.8579313E+00   8.8453478E-17  -1.5027578E+00   3.6747446E-02   3.5463358E+00   2.1415087E-02   2.2598051E+00   3.7827051E-03  -5.6297972E-05  -7.2338916E-03
  9.5501070E-01   1.1951741E-03   1.8776598E+00   8.8925638E-17  -1.5035435E+00   3.8923586E-02   3.6326259E+00   2.2361401E-02   2.2621189E+00   3.9362551E-03  -5.9821968E-05  -7.6872514E-03
  9.6044620E-01   1.2645994E-03   1.8993615E+00   3.5800081E-16  -1.5043126E+00   4.1221705E-02   3.7288237E+00   2.3411330E-02   2.2643835E+00   4.0366698E-03  -5.9515937E-05  -8.1889634E-03
  9.6589070E-01   1.3296291E-03   1.9231870E+00   3.5416400E-16  -1.5050591E+00   4.3638524E-02   3.8358235E+00   2.4565199E-02   2.2665926E+00   4.1088651E-03  -5.5019465E-05  -8.7346883E-03
  9.7134400E-01   1.3622493E-03   1.9492662E+00   3.5660875E-16  -1.5057878E+00   4.6163003E-02   3.9544902E+00   2.5823595E-02   2.2687450E+00   4.0991707E-03  -4.8952045E-05  -9.3236351E-03
  9.7680620E-01   1.3344229E-03   1.9776548E+00   3.5293356E-16  -1.5065005E+00   4.8778645E-02   4.0853414E+00   2.7182986E-02   2.2708202E+00   3.9166698E-03  -4.2685284E-05  -9.9550838E-03
  9.8227720E-01   1.2513150E-03   2.0083586E+00   8.6642511E-17  -1.5072005E+00   5.1491579E-02   4.2286881E+00   2.8637548E-02   2.2728610E+00   3.5641762E-03  -3.7194358E-05  -1.0630624E-02
  9.8775720E-01   1.1317593E-03   2.0413497E+00   8.9162074E-17  -1.5078937E+00   5.4273078E-02   4.3846329E+00   3.0182263E-02   2.2748997E+00   3.0959416E-03  -3.3853963E-05  -1.1352607E-02
  9.9324620E-01   9.9315271E-04   2.0766069E+00   3.5558562E-16  -1.5085914E+00   5.7079080E-02   4.5531005E+00   3.1810237E-02   2.2769491E+00   2.5938031E-03  -3.1605313E-05  -1.2116285E-02
  9.9874410E-01   8.7103066E-04   2.1141479E+00   3.5617628E-16  -1.5093027E+00   5.9906445E-02   4.7342537E+00   3.3519077E-02   2.2790437E+00   2.1198362E-03  -2.7744765E-05  -1.2913898E-02
  1.0042510E+00   8.1709064E-04   2.1539605E+00   6.1814166E-16  -1.5100237E+00   6.2752180E-02   4.9282529E+00   3.5302078E-02   2.2811661E+00   1.7993620E-03  -2.0950549E-05  -1.3740102E-02
  1.0097670E+00   8.5659287E-04   2.1960028E+00   6.1997961E-16  -1.5107507E+00   6.5594350E-02   5.1350798E+00   3.7146912E-02   2.2833105E+00   1.6981086E-03  -9.3615168E-06  -1.4595280E-02
  1.0152930E+00   1.0086738E-03   2.2401939E+00   6.1578000E-16  -1.5114785E+00   6.8410462E-02   5.3545063E+00   3.9037361E-02   2.2854677E+00   1.8786093E-03   4.8796310E-06  -1.5470667E-02
  1.0208280E+00   1.2749875E-03   2.2864166E+00   6.1706555E-16  -1.5122103E+00   7.1189656E-02   5.5861887E+00   4.0959765E-02   2.2876348E+00   2.3687408E-03   1.6041651E-05  -1.6350188E-02
  1.0263730E+00   1.6538161E-03   2.3345128E+00   6.1396961E-16  -1.5129470E+00   7.3880224E-02   5.8295523E+00   4.2899523E-02   2.2898114E+00   3.1863986E-03   1.9801964E-05  -1.7226592E-02
  1.0319270E+00   2.1512103E-03   2.3843088E+00   6.1678629E-16  -1.5136815E+00   7.6444956E-02   6.0839116E+00   4.4844432E-02   2.2919832E+00   4.3652116E-03   1.4686206E-05  -1.8099134E-02
  1.0374920E+00   2.7542075E-03   2.4357034E+00   6.2570748E-16  -1.5144110E+00   7.8880735E-02   6.3489016E+00   4.6784544E-02   2.2941449E+00   5.8626349E-03   3.6414176E-06  -1.8968223E-02
  1.0430660E+00   3.4324481E-03   2.4885803E+00   6.2064608E-16  -1.5151403E+00   8.1164847E-02   6.6241375E+00   4.8705304E-02   2.2963115E+00   7.6107684E-03  -8.1896725E-06  -1.9833112E-02
  1.0486520E+00   4.1456269E-03   2.5427339E+00   6.1130313E-16  -1.5158722E+00   8.3233403E-02   6.9088371E+00   5.0594278E-02   2.2984856E+00   9.5216729E-03  -1.9672939E-05  -2.0692491E-02
  1.0542480E+00   4.8280513E-03   2.5978487E+00   3.5440758E-16  -1.5166010E+00   8.5052051E-02   7.2015850E+00   5.2438224E-02   2.3006519E+00   1.1428967E-02  -3.2378127E-05  -2.1539178E-02
  1.0598550E+00   5.4641728E-03   2.6535538E+00   3.5767914E-16  -1.5173229E+00   8.6656769E-02   7.5005550E+00   5.4224589E-02   2.3027983E+00   1.3261285E-02  -4.3524995E-05  -2.2359355E-02
  1.0654740E+00   6.0005943E-03   2.7095291E+00   3.5179450E-16  -1.5180226E+00   8.8081522E-02   7.8039507E+00   5.5942031E-02   2.3048831E+00   1.4870803E-02  -4.9432759E-05  -2.3146827E-02
  1.0711040E+00   6.3783476E-03   2.7655599E+00   3.5564801E-16  -1.5186923E+00   8.9304702E-02   8.1104919E+00   5.7577084E-02   2.3068802E+00   1.6086165E-02  -5.0638871E-05  -2.3908696E-02
  1.0767470E+00   6.5781989E-03   2.8213066E+00   3.5759233E-16  -1.5193317E+00   9.0279420E-02   8.4184928E+00   5.9114313E-02   2.3087885E+00   1.6849952E-02  -4.8582042E-05  -2.4646253E-02
  1.0824030E+00   6.6022256E-03   2.8763094E+00   3.5506834E-16  -1.5199362E+00   9.0999041E-02   8.7254772E+00   6.0539661E-02   2.3105932E+00   1.7166143E-02  -4.4424909E-05  -2.5348678E-02
  1.0880710E+00   6.4466319E-03   2.9301912E+00   3.5098867E-16  -1.5205004E+00   9.1459535E-02   9.0291172E+00   6.1844218E-02   2.3122791E+00   1.6999541E-02  -3.7420967E-05  -2.6004750E-02
  1.0937530E+00   6.1243306E-03   2.9827292E+00   3.5122911E-16  -1.5210284E+00   9.1664471E-02   9.3279613E+00   6.3020090E-02   2.3138575E+00   1.6335770E-02  -2.6250293E-05  -2.6608284E-02
  1.0994490E+00   5.6952224E-03   3.0336870E+00   3.5694984E-16  -1.5215281E+00   9.1620432E-02   9.6206962E+00   6.4060195E-02   2.3153514E+00   1.5315429E-02  -1.1858807E-05  -2.7155184E-02
  1.1051590E+00   5.2217404E-03   3.0828844E+00   3.5668170E-16  -1.5220061E+00   9.1359316E-02   9.9061533E+00   6.4958647E-02   2.3167789E+00   1.4132679E-02   2.9592422E-06  -2.7646201E-02
  1.1108840E+00   4.7400825E-03   3.1302328E+00   3.5503950E-16  -1.5224593E+00   9.0929226E-02   1.0183466E+01   6.5716198E-02   2.3181337E+00   1.2911669E-02   1.8262569E-05  -2.8082140E-02
  1.1166240E+00   4.2714079E-03   3.1757744E+00   3.5129649E-16  -1.5228828E+00   9.0351328E-02   1.0452374E+01   6.6332003E-02   2.3194010E+00   1.1699291E-02   3.7410633E-05  -2.8461616E-02
  1.1223800E+00   3.8162023E-03   3.2196289E+00   6.0532055E-16  -1.5232727E+00   8.9638550E-02   1.0713221E+01   6.6800749E-02   2.3205684E+00   1.0468189E-02   5.7929927E-05  -2.8788569E-02
  1.1281530E+00   3.3624199E-03   3.2618477E+00   6.0641306E-16  -1.5236299E+00   8.8821154E-02   1.0966378E+01   6.7121169E-02   2.3216387E+00   9.1687920E-03   7.3366410E-05  -2.9071192E-02
  1.1339430E+00   2.8802410E-03   3.3023313E+00   6.0768606E-16  -1.5239581E+00   8.7931866E-02   1.1211516E+01   6.7292213E-02   2.3226223E+00   7.7383640E-03   8.4023140E-05  -2.9314558E-02
  1.1397500E+00   2.3645185E-03   3.3409191E+00   7.3223378E-16  -1.5242585E+00   8.6977033E-02   1.1447704E+01   6.7319469E-02   2.3235227E+00   6.1777065E-03   9.5004892E-05  -2.9519493E-02
  1.1455760E+00   1.8476926E-03   3.3774934E+00   9.8021438E-16  -1.5245322E+00   8.5946124E-02   1.1673981E+01   6.7210062E-02   2.3243436E+00   4.5665999E-03   1.0867983E-04  -2.9682587E-02
  1.1514200E+00   1.3707591E-03   3.4119983E+00   9.7746143E-16  -1.5247805E+00   8.4813208E-02   1.1889667E+01   6.6972467E-02   2.3250883E+00   3.0472793E-03   1.2240189E-04  -2.9802975E-02
  1.1572840E+00   9.6253114E-04   3.4444624E+00   7.2934314E-16  -1.5250019E+00   8.3577573E-02   1.2094662E+01   6.6616993E-02   2.3257526E+00   1.7389292E-03   1.3186589E-04  -2.9882215E-02
  1.1631680E+00   6.3003209E-04   3.4749686E+00   9.7050997E-16  -1.5251935E+00   8.2255637E-02   1.2289246E+01   6.6153991E-02   2.3263275E+00   6.5353972E-04   1.3541774E-04  -2.9923905E-02
  1.1690730E+00   3.4899634E-04   3.5035798E+00   7.2405130E-16  -1.5253533E+00   8.0894028E-02   1.2473687E+01   6.5592137E-02   2.3268071E+00  -2.6917226E-04   1.3284247E-04  -2.9938870E-02
  1.1750000E+00   6.6467555E-05   3.5302473E+00   6.0493506E-16  -1.5254836E+00   7.9537514E-02   1.2647741E+01   6.4944766E-02   2.3271984E+00  -1.1724191E-03   1.2638782E-04  -2.9930097E-02
  1.1809480E+00  -2.3820391E-04   3.5548810E+00   5.9955241E-16  -1.5255885E+00   7.8209306E-02   1.2810678E+01   6.4227673E-02   2.3275135E+00  -2.1446647E-03   1.2014872E-04  -2.9887809E-02
  1.1869200E+00  -5.6134255E-04   3.5775475E+00   3.5258204E-16  -1.5256720E+00   7.6883252E-02   1.2962502E+01   6.3452774E-02   2.3277641E+00  -3.1938266E-03   1.1665071E-04  -2.9809637E-02
  1.1929150E+00  -9.0947295E-04   3.5984170E+00   3.5392757E-16  -1.5257385E+00   7.5558672E-02   1.3103984E+01   6.2629023E-02   2.3279638E+00  -4.3448653E-03   1.1656222E-04  -2.9702879E-02
  1.1989340E+00  -1.2889635E-03   3.6176655E+00   3.5299838E-16  -1.5257936E+00   7.4255748E-02   1.3235988E+01   6.1767592E-02   2.3281291E+00  -5.6423551E-03   1.1698617E-04  -2.9575090E-02
  1.2049780E+00  -1.6797545E-03   3.6354678E+00   3.5757120E-16  -1.5258412E+00   7.2974104E-02   1.3359377E+01   6.0880103E-02   2.3282721E+00  -7.0111529E-03   1.1552471E-04  -2.9430150E-02
  1.2110480E+00  -2.0645515E-03   3.6520151E+00   1.1761225E-16  -1.5258805E+00   7.1694616E-02   1.3475086E+01   5.9978859E-02   2.3283904E+00  -8.3815413E-03   1.1280620E-04  -2.9267610E-02
  1.2171440E+00  -2.4320148E-03   3.6675091E+00   1.1623418E-16  -1.5259123E+00   7.0400717E-02   1.3584230E+01   5.9072302E-02   2.3284860E+00  -9.7007116E-03   1.0940871E-04  -2.9089888E-02
  1.2232680E+00  -2.7691511E-03   3.6820660E+00   3.5854493E-16  -1.5259381E+00   6.9116620E-02   1.3687575E+01   5.8164425E-02   2.3285639E+00  -1.0911612E-02   1.0669105E-04  -2.8899021E-02
  1.2294190E+00  -3.0720465E-03   3.6957675E+00   3.5450837E-16  -1.5259609E+00   6.7863755E-02   1.3785577E+01   5.7257134E-02   2.3286326E+00  -1.2009228E-02   1.0628867E-04  -2.8691818E-02
  1.2356000E+00  -3.3279798E-03   3.7087506E+00   3.5396126E-16  -1.5259820E+00   6.6648646E-02   1.3879015E+01   5.6353105E-02   2.3286963E+00  -1.2941409E-02   1.0668278E-04  -2.8472125E-02
  1.2418090E+00  -3.5356938E-03   3.7211484E+00   2.3888870E-16  -1.5260019E+00   6.5475394E-02   1.3968708E+01   5.5454874E-02   2.3287563E+00  -1.3697338E-02   1.0586901E-04  -2.8248954E-02
  1.2480490E+00  -3.7065121E-03   3.7330490E+00   1.2374760E-16  -1.5260218E+00   6.4340267E-02   1.4055212E+01   5.4567636E-02   2.3288163E+00  -1.4315883E-02   1.0404461E-04  -2.8023692E-02
  1.2543190E+00  -3.8471603E-03   3.7445199E+00   1.2235754E-16  -1.5260410E+00   6.3242942E-02   1.4138941E+01   5.3695770E-02   2.3288744E+00  -1.4824863E-02   1.0257673E-04  -2.7791938E-02
  1.2606210E+00  -3.9579000E-03   3.7556278E+00   1.2396576E-16  -1.5260592E+00   6.2198637E-02   1.4220318E+01   5.2840914E-02   2.3289295E+00  -1.5232498E-02   1.0285361E-04  -2.7552171E-02
  1.2669560E+00  -4.0476591E-03   3.7664310E+00   1.5707600E-17  -1.5260776E+00   6.1201835E-02   1.4299740E+01   5.2002861E-02   2.3289855E+00  -1.5565694E-02   1.0273156E-04  -2.7308241E-02
  1.2733230E+00  -4.1276594E-03   3.7769632E+00   1.0651059E-17  -1.5260960E+00   6.0237336E-02   1.4377442E+01   5.1179630E-02   2.3290412E+00  -1.5862013E-02   9.7502332E-05  -2.7065490E-02
  1.2797240E+00  -4.2157033E-03   3.7872406E+00  -1.0357056E-16  -1.5261151E+00   5.9296350E-02   1.4453533E+01   5.0368803E-02   2.3290989E+00  -1.6193713E-02   8.7300526E-05  -2.6824155E-02
  1.2861600E+00  -4.3180734E-03   3.7972759E+00  -2.1231873E-16  -1.5261340E+00   5.8383835E-02   1.4528070E+01   4.9571688E-02   2.3291565E+00  -1.6592717E-02   7.6716161E-05  -2.6580446E-02
  1.2926310E+00  -4.4286098E-03   3.8070884E+00  -3.1520168E-16  -1.5261536E+00   5.7500617E-02   1.4601156E+01   4.8792258E-02   2.3292158E+00  -1.7039910E-02   6.7501467E-05  -2.6333870E-02
  1.2991380E+00  -4.5392033E-03   3.8167045E+00  -2.0764026E-16  -1.5261736E+00   5.6645770E-02   1.4672970E+01   4.8032062E-02   2.3292768E+00  -1.7503225E-02   5.8430098E-05  -2.6084724E-02
  1.3056810E+00  -4.6568280E-03   3.8261570E+00  -2.0410742E-16  -1.5261932E+00   5.5826387E-02   1.4743749E+01   4.7290791E-02   2.3293362E+00  -1.8011069E-02   4.9706561E-05  -2.5832799E-02
  1.3122620E+00  -4.7892792E-03   3.8354686E+00  -1.9649805E-16  -1.5262144E+00   5.5032712E-02   1.4813654E+01   4.6568653E-02   2.3294006E+00  -1.8583886E-02   4.2220429E-05  -2.5580608E-02
  1.3188810E+00  -4.9226604E-03   3.8446386E+00  -1.9502918E-16  -1.5262355E+00   5.4254990E-02   1.4882683E+01   4.5865608E-02   2.3294649E+00  -1.9161965E-02   3.5578998E-05  -2.5330338E-02
  1.3255380E+00  -5.0463560E-03   3.8536512E+00  -2.9698637E-16  -1.5262566E+00   5.3493383E-02   1.4950703E+01   4.5180749E-02   2.3295293E+00  -1.9698992E-02   2.8682079E-05  -2.5080229E-02
  1.3322340E+00  -5.1665409E-03   3.8624996E+00  -1.9152604E-16  -1.5262794E+00   5.2741126E-02   1.5017643E+01   4.4512367E-02   2.3295982E+00  -2.0212411E-02   2.1064161E-05  -2.4828283E-02
  1.3389700E+00  -5.2966120E-03   3.8711817E+00  -2.8790585E-16  -1.5263023E+00   5.1999276E-02   1.5083473E+01   4.3860313E-02   2.3296677E+00  -2.0750657E-02   1.2670372E-05  -2.4575007E-02
  1.3457470E+00  -5.4448191E-03   3.8797134E+00  -2.8973880E-16  -1.5263247E+00   5.1278419E-02   1.5148314E+01   4.3226480E-02   2.3297358E+00  -2.1345525E-02   4.0460909E-06  -2.4321233E-02
  1.3525650E+00  -5.6147154E-03   3.8881174E+00  -2.8560716E-16  -1.5263472E+00   5.0579453E-02   1.5212331E+01   4.2611731E-02   2.3298046E+00  -2.2016950E-02  -3.6200192E-06  -2.4065168E-02
  1.3594240E+00  -5.7971095E-03   3.8964234E+00  -2.8049807E-16  -1.5263715E+00   4.9897690E-02   1.5275738E+01   4.2015081E-02   2.3298785E+00  -2.2740933E-02  -9.8507704E-06  -2.3805307E-02
  1.3663250E+00  -5.9899122E-03   3.9046477E+00  -3.8064916E-16  -1.5263960E+00   4.9229741E-02   1.5338658E+01   4.1434539E-02   2.3299530E+00  -2.3512325E-02  -1.5195109E-05  -2.3542830E-02
  1.3732690E+00  -6.2055099E-03   3.9127942E+00  -4.8071971E-16  -1.5264202E+00   4.8580622E-02   1.5401128E+01   4.0866256E-02   2.3300263E+00  -2.4369687E-02  -2.0930113E-05  -2.3279229E-02
  1.3802560E+00  -6.4483665E-03   3.9208630E+00  -5.6304241E-16  -1.5264439E+00   4.7960709E-02   1.5463150E+01   4.0305787E-02   2.3300988E+00  -2.5327717E-02  -2.8350610E-05  -2.3015869E-02
  1.3872870E+00  -6.7035367E-03   3.9288619E+00  -5.5867519E-16  -1.5264685E+00   4.7365865E-02   1.5524794E+01   3.9750274E-02   2.3301738E+00  -2.6334414E-02  -3.6606188E-05  -2.2754014E-02
  1.3943620E+00  -6.9631938E-03   3.9367955E+00  -5.6276714E-16  -1.5264945E+00   4.6782337E-02   1.5586083E+01   3.9198619E-02   2.3302527E+00  -2.7359189E-02  -4.4217743E-05  -2.2492297E-02
  1.4014810E+00  -7.2210348E-03   3.9446816E+00  -7.6555103E-16  -1.5265200E+00   4.6200770E-02   1.5647148E+01   3.8650601E-02   2.3303306E+00  -2.8375878E-02  -5.1677133E-05  -2.2228576E-02
  1.4086460E+00  -7.4711069E-03   3.9525345E+00  -7.5996936E-16  -1.5265454E+00   4.5628737E-02   1.5708109E+01   3.8105216E-02   2.3304078E+00  -2.9360462E-02  -6.0090341E-05  -2.1963073E-02
  1.4158560E+00  -7.7241100E-03   3.9603437E+00  -5.5019774E-16  -1.5265709E+00   4.5075966E-02   1.5768889E+01   3.7562341E-02   2.3304855E+00  -3.0353147E-02  -6.9384020E-05  -2.1696451E-02
  1.4231130E+00  -7.9845369E-03   3.9680909E+00  -5.2585794E-16  -1.5265972E+00   4.4530559E-02   1.5829339E+01   3.7022525E-02   2.3305656E+00  -3.1371798E-02  -7.8262181E-05  -2.1428871E-02
  1.4304150E+00  -8.2492614E-03   3.9757681E+00  -5.2576827E-16  -1.5266239E+00   4.3978538E-02   1.5889389E+01   3.6486822E-02   2.3306468E+00  -3.2406682E-02  -8.5747283E-05  -2.1160416E-02
  1.4377640E+00  -8.5111419E-03   3.9833704E+00  -4.3609263E-16  -1.5266500E+00   4.3418786E-02   1.5948985E+01   3.5957002E-02   2.3307268E+00  -3.3431439E-02  -9.2830644E-05  -2.0890405E-02
  1.4451590E+00  -8.7648642E-03   3.9908952E+00  -5.0890704E-16  -1.5266770E+00   4.2850591E-02   1.6008088E+01   3.5435064E-02   2.3308090E+00  -3.4427729E-02  -1.0074681E-04  -2.0617818E-02
  1.4526020E+00  -9.0128582E-03   3.9983573E+00  -5.0478254E-16  -1.5267041E+00   4.2274725E-02   1.6066799E+01   3.4923223E-02   2.3308916E+00  -3.5402550E-02  -1.1019051E-04  -2.0343215E-02
  1.4600920E+00  -9.2636036E-03   4.0057818E+00  -5.0226970E-16  -1.5267318E+00   4.1701493E-02   1.6125308E+01   3.4422499E-02   2.3309760E+00  -3.6388378E-02  -1.2137860E-04  -2.0067253E-02
  1.4676290E+00  -9.5316915E-03   4.0131846E+00  -3.1629077E-16  -1.5267600E+00   4.1142887E-02   1.6183735E+01   3.3932707E-02   2.3310619E+00  -3.7445170E-02  -1.3275996E-04  -1.9789513E-02
  1.4752140E+00  -9.8234328E-03   4.0205764E+00  -2.2027361E-16  -1.5267887E+00   4.0608896E-02   1.6242170E+01   3.3452326E-02   2.3311494E+00  -3.8599334E-02  -1.4196201E-04  -1.9509318E-02
  1.4828460E+00  -1.0131112E-02   4.0279615E+00  -4.0506179E-16  -1.5268170E+00   4.0104954E-02   1.6300649E+01   3.2979792E-02   2.3312360E+00  -3.9820613E-02  -1.4913913E-04  -1.9226951E-02
  1.4905260E+00  -1.0461833E-02   4.0353493E+00  -4.9653468E-16  -1.5268459E+00   3.9628221E-02   1.6359244E+01   3.2514734E-02   2.3313239E+00  -4.1136101E-02  -1.5613793E-04  -1.8943686E-02
  1.4982550E+00  -1.0821380E-02   4.0427471E+00  -4.8578768E-16  -1.5268748E+00   3.9164940E-02   1.6418019E+01   3.2058354E-02   2.3314126E+00  -4.2569297E-02  -1.6271104E-04  -1.8659209E-02
  1.5060310E+00  -1.1188568E-02   4.0501688E+00  -4.7993645E-16  -1.5269042E+00   3.8702851E-02   1.6477092E+01   3.1609847E-02   2.3315023E+00  -4.4042059E-02  -1.6753299E-04  -1.8372603E-02
  1.5138550E+00  -1.1533174E-02   4.0576253E+00  -4.7699213E-16  -1.5269338E+00   3.8234914E-02   1.6536567E+01   3.1168025E-02   2.3315926E+00  -4.5438016E-02  -1.7131586E-04  -1.8084315E-02
  1.5217280E+00  -1.1847878E-02   4.0651219E+00  -6.5505186E-16  -1.5269642E+00   3.7756385E-02   1.6596495E+01   3.0730566E-02   2.3316851E+00  -4.6728854E-02  -1.7552017E-04  -1.7794209E-02
  1.5296480E+00  -1.2148296E-02   4.0726655E+00  -7.3920265E-16  -1.5269951E+00   3.7274410E-02   1.6656929E+01   3.0296119E-02   2.3317794E+00  -4.7975984E-02  -1.8057295E-04  -1.7501934E-02
  1.5376170E+00  -1.2450557E-02   4.0802514E+00  -7.3748449E-16  -1.5270261E+00   3.6798119E-02   1.6717819E+01   2.9864100E-02   2.3318738E+00  -4.9245143E-02  -1.8576497E-04  -1.7207990E-02
  1.5456330E+00  -1.2763349E-02   4.0878655E+00  -5.4867119E-16  -1.5270568E+00   3.6339319E-02   1.6779065E+01   2.9433167E-02   2.3319675E+00  -5.0572185E-02  -1.8955810E-04  -1.6912984E-02
  1.5536970E+00  -1.3090738E-02   4.0954990E+00  -5.4474629E-16  -1.5270883E+00   3.5896375E-02   1.6840599E+01   2.9002443E-02   2.3320633E+00  -5.1976819E-02  -1.9194851E-04  -1.6617928E-02
  1.5618080E+00  -1.3427873E-02   4.1031412E+00  -5.3830311E-16  -1.5271195E+00   3.5457444E-02   1.6902334E+01   2.8570691E-02   2.3321589E+00  -5.3438513E-02  -1.9462400E-04  -1.6323036E-02
  1.5699660E+00  -1.3775849E-02   4.1107680E+00  -4.2823455E-16  -1.5271509E+00   3.5008444E-02   1.6964071E+01   2.8137312E-02   2.3322543E+00  -5.4957790E-02  -1.9832758E-04  -1.6027457E-02
  1.5781720E+00  -1.4137089E-02   4.1183531E+00  -4.2675225E-16  -1.5271825E+00   3.4544267E-02   1.7025596E+01   2.7700437E-02   2.3323503E+00  -5.6543242E-02  -2.0190974E-04  -1.5730095E-02
  1.5864250E+00  -1.4514380E-02   4.1258699E+00  -4.2060548E-16  -1.5272145E+00   3.4065885E-02   1.7086695E+01   2.7258354E-02   2.3324480E+00  -5.8209919E-02  -2.0554429E-04  -1.5431372E-02
  1.5947230E+00  -1.4908238E-02   4.1332906E+00  -4.3527539E-16  -1.5272464E+00   3.3581934E-02   1.7147140E+01   2.6810292E-02   2.3325458E+00  -5.9960856E-02  -2.0957472E-04  -1.5131502E-02
  1.6030690E+00  -1.5310744E-02   4.1405821E+00  -4.1469971E-16  -1.5272791E+00   3.3095736E-02   1.7206651E+01   2.6357304E-02   2.3326452E+00  -6.1761245E-02  -2.1259678E-04  -1.4830118E-02
  1.6114590E+00  -1.5702015E-02   4.1477336E+00  -4.2386590E-16  -1.5273111E+00   3.2605074E-02   1.7265122E+01   2.5902408E-02   2.3327431E+00  -6.3522402E-02  -2.1442557E-04  -1.4526406E-02
  1.6198960E+00  -1.6085497E-02   4.1547465E+00  -4.2091787E-16  -1.5273436E+00   3.2108907E-02   1.7322542E+01   2.5449799E-02   2.3328423E+00  -6.5249544E-02  -2.1635461E-04  -1.4221193E-02
  1.6283770E+00  -1.6469929E-02   4.1616208E+00  -3.2877051E-16  -1.5273770E+00   3.1612818E-02   1.7378895E+01   2.5001425E-02   2.3329441E+00  -6.6979370E-02  -2.1982485E-04  -1.3914554E-02
  1.6369020E+00  -1.6876871E-02   4.1683615E+00  -3.2773053E-16  -1.5274106E+00   3.1120305E-02   1.7434209E+01   2.4558778E-02   2.3330466E+00  -6.8801772E-02  -2.2529976E-04  -1.3604769E-02
  1.6454720E+00  -1.7328557E-02   4.1749874E+00  -3.9152295E-16  -1.5274436E+00   3.0635122E-02   1.7488636E+01   2.4121437E-02   2.3331477E+00  -7.0808026E-02  -2.3174841E-04  -1.3291565E-02
  1.6540850E+00  -1.7836037E-02   4.1815041E+00  -4.0307264E-16  -1.5274778E+00   3.0161115E-02   1.7542213E+01   2.3688460E-02   2.3332520E+00  -7.3044720E-02  -2.3725373E-04  -1.2975815E-02
  1.6627410E+00  -1.8394801E-02   4.1879112E+00  -3.8583391E-16  -1.5275114E+00   2.9696864E-02   1.7594952E+01   2.3259333E-02   2.3333546E+00  -7.5494839E-02  -2.4119578E-04  -1.2657576E-02
  1.6714380E+00  -1.8988383E-02   4.1942037E+00  -2.2717424E-16  -1.5275451E+00   2.9243863E-02   1.7646816E+01   2.2835156E-02   2.3334577E+00  -7.8093516E-02  -2.4428142E-04  -1.2336027E-02
  1.6801780E+00  -1.9590537E-02   4.2003874E+00  -1.4325532E-16  -1.5275794E+00   2.8805501E-02   1.7697856E+01   2.2416101E-02   2.3335625E+00  -8.0733447E-02  -2.4746183E-04  -1.2011210E-02
  1.6889580E+00  -2.0182303E-02   4.2064810E+00  -6.4699046E-17  -1.5276135E+00   2.8379928E-02   1.7748228E+01   2.2001991E-02   2.3336665E+00  -8.3337328E-02  -2.5150902E-04  -1.1682565E-02
  1.6977780E+00  -2.0758545E-02   4.2125023E+00  -5.6470603E-17  -1.5276484E+00   2.7967876E-02   1.7798066E+01   2.1594461E-02   2.3337729E+00  -8.5884715E-02  -2.5617368E-04  -1.1349664E-02
  1.7066380E+00  -2.1331959E-02   4.2184670E+00   1.0942379E-16  -1.5276841E+00   2.7569538E-02   1.7847493E+01   2.1193103E-02   2.3338820E+00  -8.8430287E-02  -2.6084934E-04  -1.1012560E-02
  1.7155360E+00  -2.1933821E-02   4.2243836E+00   1.1101602E-16  -1.5277197E+00   2.7185645E-02   1.7896577E+01   2.0794447E-02   2.3339905E+00  -9.1107115E-02  -2.6568015E-04  -1.0670898E-02
  1.7244720E+00  -2.2590144E-02   4.2302521E+00   1.0864652E-16  -1.5277551E+00   2.6816127E-02   1.7945308E+01   2.0397810E-02   2.3340987E+00  -9.4023472E-02  -2.7058298E-04  -1.0325722E-02
  1.7334450E+00  -2.3312386E-02   4.2360890E+00   1.1235497E-16  -1.5277904E+00   2.6467481E-02   1.7993828E+01   1.9997242E-02   2.3342065E+00  -9.7222639E-02  -2.7521543E-04  -9.9772478E-03
  1.7424540E+00  -2.4107356E-02   4.2418974E+00   1.1190037E-16  -1.5278260E+00   2.6146577E-02   1.8042163E+01   1.9593810E-02   2.3343156E+00  -1.0073438E-01  -2.8009436E-04  -9.6251707E-03
  1.7514970E+00  -2.4979348E-02   4.2476708E+00   3.1568255E-17  -1.5278623E+00   2.5853908E-02   1.8090258E+01   1.9182579E-02   2.3344264E+00  -1.0457852E-01  -2.8431426E-04  -9.2704027E-03
  1.7605750E+00  -2.5916351E-02   4.2534095E+00   1.1456799E-16  -1.5278976E+00   2.5587822E-02   1.8138116E+01   1.8765276E-02   2.3345343E+00  -1.0870870E-01  -2.8625978E-04  -8.9137669E-03
  1.7696860E+00  -2.6903811E-02   4.2591168E+00   3.9172483E-17  -1.5279336E+00   2.5342399E-02   1.8185762E+01   1.8339009E-02   2.3346445E+00  -1.1306731E-01  -2.8620393E-04  -8.5552639E-03
  1.7788290E+00  -2.7940471E-02   4.2647897E+00   1.1871334E-16  -1.5279701E+00   2.5113656E-02   1.8233180E+01   1.7904803E-02   2.3347558E+00  -1.1764890E-01  -2.8474508E-04  -8.1947821E-03
  1.7880030E+00  -2.9023589E-02   4.2704022E+00  -4.1070828E-17  -1.5280073E+00   2.4897301E-02   1.8280158E+01   1.7462219E-02   2.3348690E+00  -1.2244242E-01  -2.8111805E-04  -7.8327438E-03
  1.7972070E+00  -3.0143346E-02   4.2759259E+00   1.1717550E-16  -1.5280437E+00   2.4691578E-02   1.8326458E+01   1.7009691E-02   2.3349802E+00  -1.2740416E-01  -2.7490801E-04  -7.4693805E-03
  1.8064400E+00  -3.1275309E-02   4.2813364E+00   3.9646641E-17  -1.5280795E+00   2.4500656E-02   1.8371861E+01   1.6546542E-02   2.3350892E+00  -1.3242572E-01  -2.6672593E-04  -7.1045988E-03
  1.8157010E+00  -3.2406484E-02   4.2866143E+00  -3.9800268E-17  -1.5281163E+00   2.4332763E-02   1.8416194E+01   1.6067773E-02   2.3352017E+00  -1.3745090E-01  -2.5659850E-04  -6.7387557E-03
  1.8249880E+00  -3.3529398E-02   4.2917539E+00  -4.0884577E-17  -1.5281520E+00   2.4191038E-02   1.8459401E+01   1.5569245E-02   2.3353108E+00  -1.4245194E-01  -2.4460010E-04  -6.3717457E-03
  1.8343000E+00  -3.4649121E-02   4.2967324E+00  -1.9350433E-16  -1.5281874E+00   2.4072055E-02   1.8501276E+01   1.5046395E-02   2.3354191E+00  -1.4745371E-01  -2.3124803E-04  -6.0032602E-03
  1.8436370E+00  -3.5759591E-02   4.3015322E+00  -1.1453587E-16  -1.5282233E+00   2.3979556E-02   1.8541669E+01   1.4493765E-02   2.3355286E+00  -1.5242889E-01  -2.1695564E-04  -5.6329753E-03
  1.8529960E+00  -3.6843716E-02   4.3061496E+00  -3.7469099E-17  -1.5282582E+00   2.3923833E-02   1.8580544E+01   1.3905549E-02   2.3356355E+00  -1.5730350E-01  -2.0176676E-04  -5.2609182E-03
  1.8623770E+00  -3.7895115E-02   4.3105659E+00  -3.5042128E-17  -1.5282935E+00   2.3913953E-02   1.8617733E+01   1.3275340E-02   2.3357433E+00  -1.6204350E-01  -1.8581556E-04  -4.8862682E-03
  1.8717790E+00  -3.8898049E-02   4.3147823E+00   1.2366637E-16  -1.5283288E+00   2.3954433E-02   1.8653250E+01   1.2597375E-02   2.3358511E+00  -1.6657609E-01  -1.6956256E-04  -4.5085538E-03
  1.8811990E+00  -3.9846016E-02   4.3187893E+00   1.2443229E-16  -1.5283641E+00   2.4045558E-02   1.8687023E+01   1.1861910E-02   2.3359587E+00  -1.7087269E-01  -1.5344346E-04  -4.1281013E-03
  1.8906370E+00  -4.0748277E-02   4.3225856E+00   1.2236853E-16  -1.5283973E+00   2.4193936E-02   1.8719051E+01   1.1064002E-02   2.3360605E+00  -1.7497228E-01  -1.3720632E-04  -3.7455478E-03
  1.9000920E+00  -4.1604487E-02   4.3261512E+00   5.1543132E-17  -1.5284291E+00   2.4404848E-02   1.8749180E+01   1.0195034E-02   2.3361579E+00  -1.7886534E-01  -1.2148504E-04  -3.3598383E-03
  1.9095610E+00  -4.2438717E-02   4.3294907E+00  -3.3509004E-17  -1.5284617E+00   2.4690319E-02   1.8777460E+01   9.2464790E-03   2.3362574E+00  -1.8264710E-01  -1.0635118E-04  -2.9703588E-03
  1.9190440E+00  -4.3259709E-02   4.3326459E+00  -3.0687615E-17  -1.5284929E+00   2.5072512E-02   1.8804278E+01   8.2083592E-03   2.3363525E+00  -1.8635300E-01  -9.2075562E-05  -2.5764737E-03
  1.9285390E+00  -4.4075017E-02   4.3356737E+00   1.2243657E-16  -1.5285218E+00   2.5592836E-02   1.8830159E+01   7.0673551E-03   2.3364407E+00  -1.9001657E-01  -7.8687633E-05  -2.1782185E-03
  1.9380450E+00  -4.4889063E-02   4.3386378E+00  -2.7810687E-17  -1.5285399E+00   2.6295192E-02   1.8855720E+01   5.8098545E-03   2.3364979E+00  -1.9366504E-01  -6.6416688E-05  -1.7760488E-03
  1.9475610E+00  -4.5716573E-02   4.3415352E+00  -2.8386501E-17  -1.5285089E+00   2.7251866E-02   1.8881045E+01   4.4473755E-03   2.3364498E+00  -1.9736865E-01  -5.5439958E-05  -1.3690071E-03
  1.9570840E+00  -4.6564437E-02   4.3442663E+00  -2.7170303E-17  -1.5284395E+00   2.8547580E-02   1.8905347E+01   3.0592821E-03   2.3363692E+00  -2.0116934E-01  -4.5110846E-05  -9.7230444E-04
  1.9666140E+00  -4.7417559E-02   4.3462767E+00  -1.0546601E-16  -1.5283746E+00   3.0263174E-02   1.8924023E+01   1.8368757E-03   2.3362961E+00  -2.0499550E-01  -3.3435292E-05  -6.2610360E-04
  1.9761490E+00  -4.8204057E-02   4.3471256E+00  -3.0522049E-17  -1.5281866E+00   3.2395743E-02   1.8933363E+01   9.1785944E-04   2.3359454E+00  -2.0851914E-01  -1.6313442E-05  -3.7872472E-04
  1.9856880E+00  -4.8719347E-02   4.3460359E+00   0.0000000E+00  -1.5274073E+00   3.4458922E-02   1.8927453E+01   0.0000000E+00   2.3354543E+00  -2.1077601E-01   0.0000000E+00   0.0000000E+00
