  9.8831150E-04  -3.1767319E-05   2.1889212E-01   2.7563703E-18  -9.6353453E-01   3.2480988E-03   5.7116087E-02   1.0222968E-04   9.4043037E-01  -5.6629537E-06   7.5316749E-08  -5.9606005E-04
  2.9649370E-03  -9.5422857E-05   6.4919798E-01   1.6795228E-18  -9.6677422E-01   1.5909119E-02   4.9797607E-01   7.2721519E-04   9.4677841E-01  -5.0500836E-05   5.0729575E-07  -3.6256419E-03
  4.9415700E-03  -1.5420275E-04   1.0489395E+00   9.2775390E-16  -9.6861929E-01   2.9266336E-02   1.2760077E+00   2.0797351E-03   9.5067339E-01  -1.2078923E-04   6.8080571E-07  -8.9119961E-03
  6.9182150E-03  -2.1139309E-04   1.3954616E+00   9.3508054E-16  -9.7106970E-01   4.0869926E-02   2.2102681E+00   4.0920565E-03   9.5588577E-01  -2.0860661E-04  -1.3126290E-07  -1.4888827E-02
  8.8948770E-03  -2.7787159E-04   1.6820228E+00   9.2495952E-16  -9.7405017E-01   5.0659832E-02   3.1498329E+00   6.6053217E-03   9.6221131E-01  -3.3843378E-04  -1.5437972E-06  -2.0356869E-02
  1.0871560E-02  -3.6009559E-04   1.9136962E+00   9.4787587E-16  -9.7742927E-01   5.8850863E-02   4.0134969E+00   9.4497506E-03   9.6934797E-01  -5.2753055E-04  -2.6803665E-06  -2.4857568E-02
  1.2848270E-02  -4.5585907E-04   2.1000595E+00   9.2623183E-16  -9.8105886E-01   6.5623735E-02   4.7732350E+00   1.2473343E-02   9.7697362E-01  -7.6914948E-04  -3.0062238E-06  -2.8380268E-02
  1.4825010E-02  -5.5827447E-04   2.2507855E+00   9.2297646E-16  -9.8480710E-01   7.1151695E-02   5.4290630E+00   1.5552411E-02   9.8480794E-01  -1.0439613E-03  -2.6059123E-06  -3.1079803E-02
  1.6801790E-02  -6.6093312E-04   2.3740106E+00   9.4479528E-16  -9.8856591E-01   7.5617277E-02   5.9923453E+00   1.8593132E-02   9.9262668E-01  -1.3339468E-03  -1.7739100E-06  -3.3136404E-02
  1.8778610E-02  -7.5886918E-04   2.4760855E+00   9.3306746E-16  -9.9225691E-01   7.9202678E-02   6.4773434E+00   2.1528821E-02   1.0002673E+00  -1.6242628E-03  -7.6637589E-07  -3.4706123E-02
  2.0755470E-02  -8.5096812E-04   2.5618164E+00   9.3573769E-16  -9.9582408E-01   8.2072814E-02   6.8976376E+00   2.4315606E-02   1.0076169E+00  -1.9090020E-03   1.7565109E-07  -3.5910773E-02
  2.2732390E-02  -9.3863268E-04   2.6348056E+00   9.4245813E-16  -9.9923186E-01   8.4365319E-02   7.2649259E+00   2.6927397E-02   1.0146071E+00  -2.1891958E-03   9.2166773E-07  -3.6841097E-02
  2.4709350E-02  -1.0249435E-03   2.6977600E+00   9.3433314E-16  -1.0024596E+00   8.6191819E-02   7.5888707E+00   2.9350999E-02   1.0211988E+00  -2.4703861E-03   1.4603091E-06  -3.7563890E-02
  2.6686380E-02  -1.1130294E-03   2.7527277E+00   2.5295379E-18  -1.0054997E+00   8.7640877E-02   7.8773051E+00   3.1582372E-02   1.0273803E+00  -2.7604738E-03   1.7678550E-06  -3.8128686E-02
  2.8663470E-02  -1.2033610E-03   2.8012689E+00   1.4903036E-17  -1.0083498E+00   8.8782205E-02   8.1365064E+00   3.3623725E-02   1.0331496E+00  -3.0624910E-03   1.8896722E-06  -3.8572200E-02
  3.0640630E-02  -1.2933435E-03   2.8445838E+00   9.4046585E-16  -1.0110136E+00   8.9669838E-02   8.3714948E+00   3.5481552E-02   1.0385217E+00  -3.3706011E-03   2.0291147E-06  -3.8921525E-02
  3.2617850E-02  -1.3802334E-03   2.8836054E+00   9.5344713E-16  -1.0134987E+00   9.0346641E-02   8.5862933E+00   3.7165039E-02   1.0435141E+00  -3.6756589E-03   2.3163988E-06  -3.9196614E-02
  3.4595150E-02  -1.4614818E-03   2.9190655E+00   9.4790181E-16  -1.0158152E+00   9.0848433E-02   8.7841354E+00   3.8684993E-02   1.0481471E+00  -3.9672256E-03   2.6509437E-06  -3.9412587E-02
  3.6572530E-02  -1.5349468E-03   2.9515449E+00   2.7708224E-15  -1.0179743E+00   9.1205161E-02   8.9676411E+00   4.0052860E-02   1.0524475E+00  -4.2355703E-03   2.9233242E-06  -3.9581258E-02
  3.8549990E-02  -1.6009923E-03   2.9815088E+00   3.7131434E-15  -1.0199868E+00   9.1440117E-02   9.1389454E+00   4.1280427E-02   1.0564412E+00  -4.4807385E-03   3.2128620E-06  -3.9711582E-02
  4.0527530E-02  -1.6603688E-03   3.0093327E+00   3.7087303E-15  -1.0218659E+00   9.1571674E-02   9.2997934E+00   4.2379337E-02   1.0601558E+00  -4.7052756E-03   3.6319437E-06  -3.9810435E-02
  4.2505170E-02  -1.7137209E-03   3.0353222E+00   3.7127108E-15  -1.0236216E+00   9.1616153E-02   9.4516203E+00   4.3360984E-02   1.0636125E+00  -4.9111840E-03   4.1603073E-06  -3.9883342E-02
  4.4482890E-02  -1.7623437E-03   3.0597289E+00   3.7201819E-15  -1.0252658E+00   9.1585973E-02   9.5956196E+00   4.4236264E-02   1.0668409E+00  -5.1024093E-03   4.7067145E-06  -3.9934900E-02
  4.6460720E-02  -1.8085363E-03   3.0827613E+00   3.7147008E-15  -1.0268083E+00   9.1490132E-02   9.7327901E+00   4.5015317E-02   1.0698569E+00  -5.2863881E-03   5.2062315E-06  -3.9969022E-02
  4.8438630E-02  -1.8525933E-03   3.1045908E+00   2.7946656E-15  -1.0282593E+00   9.1335927E-02   9.8639576E+00   4.5707681E-02   1.0726835E+00  -5.4637577E-03   5.6047712E-06  -3.9989023E-02
  5.0416650E-02  -1.8939732E-03   3.1253579E+00   2.7960857E-15  -1.0296287E+00   9.1129270E-02   9.9897976E+00   4.6322128E-02   1.0753438E+00  -5.6324854E-03   5.9989528E-06  -3.9997282E-02
  5.2394780E-02  -1.9320405E-03   3.1451793E+00   2.8025127E-15  -1.0309236E+00   9.0876424E-02   1.0110872E+01   4.6866764E-02   1.0778515E+00  -5.7903010E-03   6.5750319E-06  -3.9995423E-02
  5.4373010E-02  -1.9654490E-03   3.1641550E+00   2.7887219E-15  -1.0321523E+00   9.0583755E-02   1.0227666E+01   4.7349024E-02   1.0802274E+00  -5.9331157E-03   7.4661919E-06  -3.9984884E-02
  5.6351340E-02  -1.9936588E-03   3.1823704E+00   9.4420525E-16  -1.0333226E+00   9.0257783E-02   1.0340595E+01   4.7775536E-02   1.0824876E+00  -6.0590979E-03   8.6233433E-06  -3.9967077E-02
  5.8329790E-02  -2.0161497E-03   3.1998974E+00   9.5922029E-16  -1.0344389E+00   8.9904287E-02   1.0450010E+01   4.8152023E-02   1.0846404E+00  -6.1665787E-03   9.8304784E-06  -3.9943058E-02
  6.0308350E-02  -2.0319972E-03   3.2167985E+00   9.6198876E-16  -1.0355073E+00   8.9528698E-02   1.0556213E+01   4.8483464E-02   1.0866968E+00  -6.2519062E-03   1.0811054E-05  -3.9913636E-02
  6.2287020E-02  -2.0411334E-03   3.2331272E+00   9.4393665E-16  -1.0365332E+00   8.9135597E-02   1.0659470E+01   4.8774280E-02   1.0886727E+00  -6.3138033E-03   1.1347160E-05  -3.9879553E-02
  6.4265810E-02  -2.0442927E-03   3.2489295E+00   9.5837921E-16  -1.0375200E+00   8.8727091E-02   1.0760002E+01   4.9028423E-02   1.0905709E+00  -6.3534604E-03   1.1417482E-05  -3.9841331E-02
  6.6244720E-02  -2.0422851E-03   3.2642458E+00   9.6187459E-16  -1.0384722E+00   8.8306274E-02   1.0858007E+01   4.9249446E-02   1.0924034E+00  -6.3731660E-03   1.1117774E-05  -3.9799444E-02
  6.8223740E-02  -2.0351957E-03   3.2791123E+00   9.6305581E-16  -1.0393923E+00   8.7876170E-02   1.0953664E+01   4.9440584E-02   1.0941739E+00  -6.3738182E-03   1.0603994E-05  -3.9754383E-02
  7.0202890E-02  -2.0222313E-03   3.2935627E+00   9.5415427E-16  -1.0402840E+00   8.7439392E-02   1.1047137E+01   4.9604780E-02   1.0958887E+00  -6.3534806E-03   9.9558401E-06  -3.9706583E-02
  7.2182160E-02  -2.0039259E-03   3.3076264E+00   2.8144178E-15  -1.0411502E+00   8.6997343E-02   1.1138575E+01   4.9744711E-02   1.0975551E+00  -6.3140704E-03   9.2373439E-06  -3.9656412E-02
  7.4161550E-02  -1.9814136E-03   3.3213288E+00   3.7145675E-15  -1.0419934E+00   8.6551870E-02   1.1228104E+01   4.9862809E-02   1.0991778E+00  -6.2593826E-03   8.6309789E-06  -3.9604172E-02
  7.6141060E-02  -1.9568723E-03   3.3346925E+00   3.7264544E-15  -1.0428155E+00   8.6105443E-02   1.1315835E+01   4.9961256E-02   1.1007594E+00  -6.1970655E-03   8.2593478E-06  -3.9550110E-02
  7.8120690E-02  -1.9320267E-03   3.3477387E+00   3.7239139E-15  -1.0436192E+00   8.5659715E-02   1.1401876E+01   5.0041994E-02   1.1023089E+00  -6.1326507E-03   8.1191293E-06  -3.9494381E-02
  8.0100450E-02  -1.9076713E-03   3.3604868E+00   3.7240156E-15  -1.0444058E+00   8.5214786E-02   1.1486324E+01   5.0106643E-02   1.1038255E+00  -6.0683359E-03   8.1555573E-06  -3.9437089E-02
  8.2080340E-02  -1.8843397E-03   3.3729547E+00   3.7419018E-15  -1.0451773E+00   8.4770994E-02   1.1569270E+01   5.0156742E-02   1.1053139E+00  -6.0060666E-03   8.3996504E-06  -3.9378243E-02
  8.4060350E-02  -1.8611959E-03   3.3851580E+00   3.7287457E-15  -1.0459351E+00   8.4328347E-02   1.1650791E+01   5.0193771E-02   1.1067784E+00  -5.9436613E-03   8.9290382E-06  -3.9317735E-02
  8.6040480E-02  -1.8381248E-03   3.3971102E+00   3.7245719E-15  -1.0466803E+00   8.3886980E-02   1.1730954E+01   5.0218999E-02   1.1082184E+00  -5.8808836E-03   9.6511869E-06  -3.9255497E-02
  8.8020730E-02  -1.8148736E-03   3.4088236E+00   3.7154488E-15  -1.0474147E+00   8.3447745E-02   1.1809820E+01   5.0233612E-02   1.1096420E+00  -5.8173358E-03   1.0462837E-05  -3.9191646E-02
  9.0001120E-02  -1.7920041E-03   3.4203097E+00   3.7446881E-15  -1.0481392E+00   8.3012155E-02   1.1887444E+01   5.0238732E-02   1.1110473E+00  -5.7555719E-03   1.1314618E-05  -3.9126421E-02
  9.1981620E-02  -1.7686977E-03   3.4315790E+00   3.7367577E-15  -1.0488550E+00   8.2581705E-02   1.1963881E+01   5.0235392E-02   1.1124373E+00  -5.6925528E-03   1.2225569E-05  -3.9060082E-02
  9.3962250E-02  -1.7443519E-03   3.4426419E+00   5.5577265E-15  -1.0495632E+00   8.2158159E-02   1.2039184E+01   5.0224540E-02   1.1138128E+00  -5.6258012E-03   1.3170107E-05  -3.8992681E-02
  9.5943000E-02  -1.7188742E-03   3.4535084E+00   6.4874121E-15  -1.0502641E+00   8.1742764E-02   1.2113406E+01   5.0206961E-02   1.1151777E+00  -5.5545388E-03   1.4049399E-05  -3.8924207E-02
  9.7923880E-02  -1.6916615E-03   3.4641880E+00   6.5081330E-15  -1.0509582E+00   8.1335261E-02   1.2186596E+01   5.0183378E-02   1.1165324E+00  -5.4766182E-03   1.4857412E-05  -3.8854781E-02
  9.9904880E-02  -1.6631888E-03   3.4746890E+00   6.4943103E-15  -1.0516460E+00   8.0935305E-02   1.2258798E+01   5.0154440E-02   1.1178778E+00  -5.3936348E-03   1.5605728E-05  -3.8784514E-02
  1.0188600E-01  -1.6340245E-03   3.4850188E+00   7.6276030E-15  -1.0523287E+00   8.0541714E-02   1.2330050E+01   5.0120668E-02   1.1192187E+00  -5.3075673E-03   1.6158280E-05  -3.8713528E-02
  1.0386720E-01  -1.6044047E-03   3.4951841E+00   9.2444909E-15  -1.0530067E+00   8.0153729E-02   1.2400385E+01   5.0082536E-02   1.1205524E+00  -5.2192811E-03   1.6448084E-05  -3.8642004E-02
  1.0584860E-01  -1.5743907E-03   3.5051907E+00   1.0224447E-14  -1.0536796E+00   7.9771220E-02   1.2469833E+01   5.0040286E-02   1.1218789E+00  -5.1289345E-03   1.6456867E-05  -3.8570155E-02
  1.0783010E-01  -1.5439393E-03   3.5150430E+00   1.1820791E-14  -1.0543491E+00   7.9394368E-02   1.2538414E+01   4.9994215E-02   1.1232046E+00  -5.0359970E-03   1.6197726E-05  -3.8498141E-02
  1.0981160E-01  -1.5127776E-03   3.5247457E+00   1.1829951E-14  -1.0550142E+00   7.9023357E-02   1.2606150E+01   4.9944657E-02   1.1245235E+00  -4.9393545E-03   1.5792977E-05  -3.8426027E-02
  1.1179330E-01  -1.4808141E-03   3.5343036E+00   1.2960087E-14  -1.0556766E+00   7.8657729E-02   1.2673067E+01   4.9891809E-02   1.1258390E+00  -4.8391631E-03   1.5305526E-05  -3.8353741E-02
  1.1377520E-01  -1.4477531E-03   3.5437216E+00   1.2954894E-14  -1.0563353E+00   7.8297668E-02   1.2739188E+01   4.9835810E-02   1.1271503E+00  -4.7345467E-03   1.4681888E-05  -3.8281115E-02
  1.1575710E-01  -1.4145044E-03   3.5530042E+00   1.2958982E-14  -1.0569918E+00   7.7943040E-02   1.2804537E+01   4.9776884E-02   1.1284557E+00  -4.6286381E-03   1.4021465E-05  -3.8207990E-02
  1.1773910E-01  -1.3812016E-03   3.5621553E+00   1.1823666E-14  -1.0576456E+00   7.7593510E-02   1.2869132E+01   4.9715352E-02   1.1297588E+00  -4.5219089E-03   1.3554846E-05  -3.8134357E-02
  1.1972130E-01  -1.3487047E-03   3.5711784E+00   1.1823997E-14  -1.0582971E+00   7.7248817E-02   1.2932989E+01   4.9651364E-02   1.1310595E+00  -4.4170620E-03   1.3421813E-05  -3.8060268E-02
  1.2170350E-01  -1.3178938E-03   3.5800775E+00   1.1821153E-14  -1.0589458E+00   7.6908849E-02   1.2996130E+01   4.9585176E-02   1.1323526E+00  -4.3172289E-03   1.3657257E-05  -3.7985765E-02
  1.2368590E-01  -1.2891134E-03   3.5888566E+00   1.1815396E-14  -1.0595938E+00   7.6573418E-02   1.3058574E+01   4.9516968E-02   1.1336431E+00  -4.2235877E-03   1.4293158E-05  -3.7910857E-02
  1.2566830E-01  -1.2618515E-03   3.5975197E+00   1.0227400E-14  -1.0602394E+00   7.6242779E-02   1.3120343E+01   4.9446867E-02   1.1349328E+00  -4.1345692E-03   1.5277316E-05  -3.7835538E-02
  1.2765090E-01  -1.2361436E-03   3.6060711E+00   1.1827072E-14  -1.0608838E+00   7.5917092E-02   1.3181463E+01   4.9375060E-02   1.1362228E+00  -4.0501944E-03   1.6416725E-05  -3.7759758E-02
  1.2963350E-01  -1.2124686E-03   3.6145149E+00   1.1799942E-14  -1.0615258E+00   7.5596615E-02   1.3241956E+01   4.9301660E-02   1.1375110E+00  -3.9721085E-03   1.7586699E-05  -3.7683561E-02
  1.3161630E-01  -1.1904833E-03   3.6228543E+00   1.1791123E-14  -1.0621667E+00   7.5281240E-02   1.3301840E+01   4.9226906E-02   1.1388009E+00  -3.8992337E-03   1.8682079E-05  -3.7607000E-02
  1.3359910E-01  -1.1700108E-03   3.6310918E+00   1.1802895E-14  -1.0628065E+00   7.4970226E-02   1.3361128E+01   4.9151065E-02   1.1400921E+00  -3.8312786E-03   1.9601660E-05  -3.7530042E-02
  1.3558210E-01  -1.1508636E-03   3.6392304E+00   1.1795426E-14  -1.0634445E+00   7.4663647E-02   1.3419836E+01   4.9074324E-02   1.1413794E+00  -3.7677876E-03   2.0212688E-05  -3.7452681E-02
  1.3756510E-01  -1.1331848E-03   3.6472727E+00   1.1789586E-14  -1.0640809E+00   7.4361438E-02   1.3477979E+01   4.8996855E-02   1.1426636E+00  -3.7094304E-03   2.0435485E-05  -3.7374995E-02
  1.3954820E-01  -1.1176628E-03   3.6552207E+00   1.1787444E-14  -1.0647173E+00   7.4063650E-02   1.3535567E+01   4.8918753E-02   1.1439505E+00  -3.6590450E-03   2.0325065E-05  -3.7297005E-02
  1.4153140E-01  -1.1044179E-03   3.6630768E+00   1.2984738E-14  -1.0653542E+00   7.3770150E-02   1.3592611E+01   4.8840052E-02   1.1452363E+00  -3.6170525E-03   1.9983604E-05  -3.7218744E-02
  1.4351470E-01  -1.0937385E-03   3.6708434E+00   1.1771998E-14  -1.0659901E+00   7.3481030E-02   1.3649126E+01   4.8760687E-02   1.1465228E+00  -3.5846028E-03   1.9542521E-05  -3.7140298E-02
  1.4549800E-01  -1.0856126E-03   3.6785229E+00   1.1759406E-14  -1.0666257E+00   7.3196362E-02   1.3705124E+01   4.8680720E-02   1.1478162E+00  -3.5618179E-03   1.9034071E-05  -3.7061763E-02
  1.4748150E-01  -1.0793471E-03   3.6861172E+00   1.1772578E-14  -1.0672596E+00   7.2915445E-02   1.3760616E+01   4.8600118E-02   1.1491068E+00  -3.5457886E-03   1.8456659E-05  -3.6983263E-02
  1.4946500E-01  -1.0744175E-03   3.6936281E+00   1.3000556E-14  -1.0678939E+00   7.2637443E-02   1.3815611E+01   4.8518934E-02   1.1503989E+00  -3.5347850E-03   1.7861648E-05  -3.6904891E-02
  1.5144860E-01  -1.0712868E-03   3.7010577E+00   1.2987488E-14  -1.0685273E+00   7.2361606E-02   1.3870121E+01   4.8437096E-02   1.1516886E+00  -3.5311751E-03   1.7397035E-05  -3.6826633E-02
  1.5343220E-01  -1.0692785E-03   3.7084074E+00   1.1744224E-14  -1.0691601E+00   7.2087650E-02   1.3924154E+01   4.8354600E-02   1.1529772E+00  -3.5328826E-03   1.7140834E-05  -3.6748379E-02
  1.5541590E-01  -1.0684718E-03   3.7156789E+00   1.1727618E-14  -1.0697920E+00   7.1815164E-02   1.3977717E+01   4.8271489E-02   1.1542667E+00  -3.5404471E-03   1.7072534E-05  -3.6669946E-02
  1.5739970E-01  -1.0683180E-03   3.7228738E+00   1.1745720E-14  -1.0704232E+00   7.1543824E-02   1.4030818E+01   4.8187778E-02   1.1555595E+00  -3.5517639E-03   1.7244115E-05  -3.6591216E-02
  1.5938350E-01  -1.0684921E-03   3.7299936E+00   1.1715043E-14  -1.0710535E+00   7.1273466E-02   1.4083466E+01   4.8103462E-02   1.1568542E+00  -3.5656993E-03   1.7675549E-05  -3.6512178E-02
  1.6136750E-01  -1.0686361E-03   3.7370400E+00   1.3011327E-14  -1.0716828E+00   7.1004196E-02   1.4135668E+01   4.8018666E-02   1.1581477E+00  -3.5807488E-03   1.8298377E-05  -3.6432926E-02
  1.6335140E-01  -1.0685805E-03   3.7440141E+00   1.1712696E-14  -1.0723116E+00   7.0736409E-02   1.4187431E+01   4.7933480E-02   1.1594448E+00  -3.5959388E-03   1.9060719E-05  -3.6353613E-02
  1.6533540E-01  -1.0681573E-03   3.7509169E+00   1.0250828E-14  -1.0729404E+00   7.0469628E-02   1.4238759E+01   4.7847970E-02   1.1607369E+00  -3.6104051E-03   1.9876003E-05  -3.6274263E-02
  1.6731950E-01  -1.0666134E-03   3.7577493E+00   1.1716209E-14  -1.0735683E+00   7.0204285E-02   1.4289655E+01   4.7762215E-02   1.1620309E+00  -3.6212236E-03   2.0598362E-05  -3.6194937E-02
  1.6930360E-01  -1.0646441E-03   3.7645129E+00   1.1707612E-14  -1.0741972E+00   6.9939848E-02   1.4340131E+01   4.7676189E-02   1.1633267E+00  -3.6310427E-03   2.1096286E-05  -3.6115583E-02
  1.7128780E-01  -1.0623625E-03   3.7712092E+00   1.1698075E-14  -1.0748254E+00   6.9676444E-02   1.4390192E+01   4.7589807E-02   1.1646221E+00  -3.6397808E-03   2.1343621E-05  -3.6036036E-02
  1.7327200E-01  -1.0606145E-03   3.7778396E+00   1.0263282E-14  -1.0754538E+00   6.9414364E-02   1.4439848E+01   4.7503110E-02   1.1659211E+00  -3.6500145E-03   2.1345508E-05  -3.5956266E-02
  1.7525620E-01  -1.0595276E-03   3.7844057E+00   1.0260045E-14  -1.0760816E+00   6.9153932E-02   1.4489108E+01   4.7415938E-02   1.1672211E+00  -3.6619293E-03   2.1173188E-05  -3.5876307E-02
  1.7724050E-01  -1.0586046E-03   3.7909094E+00   1.1683120E-14  -1.0767083E+00   6.8896102E-02   1.4537983E+01   4.7328278E-02   1.1685208E+00  -3.6736937E-03   2.1053972E-05  -3.5796108E-02
  1.7922480E-01  -1.0580968E-03   3.7973524E+00   1.0263398E-14  -1.0773351E+00   6.8640946E-02   1.4586483E+01   4.7240178E-02   1.1698195E+00  -3.6863133E-03   2.1081400E-05  -3.5715557E-02
  1.8120920E-01  -1.0579537E-03   3.8037370E+00   1.0271077E-14  -1.0779616E+00   6.8388003E-02   1.4634622E+01   4.7151659E-02   1.1711152E+00  -3.6997898E-03   2.1157540E-05  -3.5634678E-02
  1.8319360E-01  -1.0585633E-03   3.8100649E+00   1.0276054E-14  -1.0785873E+00   6.8137089E-02   1.4682412E+01   4.7062757E-02   1.1724148E+00  -3.7156781E-03   2.1253267E-05  -3.5553580E-02
  1.8517800E-01  -1.0593772E-03   3.8163377E+00   1.0271263E-14  -1.0792138E+00   6.7887621E-02   1.4729860E+01   4.6973425E-02   1.1737169E+00  -3.7317942E-03   2.1401164E-05  -3.5472202E-02
  1.8716240E-01  -1.0606402E-03   3.8225570E+00   1.0280741E-14  -1.0798386E+00   6.7640264E-02   1.4776978E+01   4.6883627E-02   1.1750163E+00  -3.7495112E-03   2.1610332E-05  -3.5390564E-02
  1.8914690E-01  -1.0631372E-03   3.8287235E+00   1.0287718E-14  -1.0804638E+00   6.7394789E-02   1.4823768E+01   4.6793368E-02   1.1763119E+00  -3.7723069E-03   2.1868089E-05  -3.5308718E-02
  1.9113140E-01  -1.0669084E-03   3.8348372E+00   9.3441614E-15  -1.0810897E+00   6.7151436E-02   1.4870231E+01   4.6702541E-02   1.1776095E+00  -3.8008777E-03   2.2146481E-05  -3.5226755E-02
  1.9311590E-01  -1.0725718E-03   3.8408983E+00   1.0271254E-14  -1.0817130E+00   6.6910526E-02   1.4916365E+01   4.6611101E-02   1.1789094E+00  -3.8373580E-03   2.2401695E-05  -3.5144773E-02
  1.9510040E-01  -1.0809224E-03   3.8469071E+00   1.0282034E-14  -1.0823354E+00   6.6671326E-02   1.4962171E+01   4.6519060E-02   1.1802116E+00  -3.8847972E-03   2.2577029E-05  -3.5062786E-02
  1.9708490E-01  -1.0923352E-03   3.8528644E+00   9.3528562E-15  -1.0829578E+00   6.6433878E-02   1.5007652E+01   4.6426406E-02   1.1815151E+00  -3.9443303E-03   2.2699710E-05  -3.4980877E-02
  1.9906950E-01  -1.1067089E-03   3.8587706E+00   9.3562079E-15  -1.0835796E+00   6.6198168E-02   1.5052810E+01   4.6333204E-02   1.1828147E+00  -4.0153623E-03   2.2810068E-05  -3.4899089E-02
  2.0105400E-01  -1.1232500E-03   3.8646270E+00   9.3528138E-15  -1.0842021E+00   6.5963963E-02   1.5097655E+01   4.6239491E-02   1.1841101E+00  -4.0944687E-03   2.2842267E-05  -3.4817289E-02
  2.0303860E-01  -1.1415557E-03   3.8704342E+00   9.3571032E-15  -1.0848223E+00   6.5732087E-02   1.5142189E+01   4.6145258E-02   1.1854123E+00  -4.1800258E-03   2.2756685E-05  -3.4735407E-02
  2.0502320E-01  -1.1609113E-03   3.8761938E+00   9.3516277E-15  -1.0854421E+00   6.5502245E-02   1.5186423E+01   4.6050534E-02   1.1867142E+00  -4.2692327E-03   2.2630749E-05  -3.4653437E-02
  2.0700780E-01  -1.1800378E-03   3.8819068E+00   1.0288162E-14  -1.0860609E+00   6.5274213E-02   1.5230364E+01   4.5955317E-02   1.1880137E+00  -4.3572850E-03   2.2501230E-05  -3.4571454E-02
  2.0899240E-01  -1.1992069E-03   3.8875743E+00   1.0305675E-14  -1.0866791E+00   6.5047438E-02   1.5274019E+01   4.5859669E-02   1.1893143E+00  -4.4454731E-03   2.2379915E-05  -3.4489545E-02
  2.1097700E-01  -1.2184487E-03   3.8931978E+00   1.0305880E-14  -1.0872970E+00   6.4820989E-02   1.5317397E+01   4.5763649E-02   1.1906157E+00  -4.5341382E-03   2.2321476E-05  -3.4407759E-02
  2.1296170E-01  -1.2373986E-03   3.8987782E+00   1.0296999E-14  -1.0879143E+00   6.4594567E-02   1.5360506E+01   4.5667332E-02   1.1919152E+00  -4.6219797E-03   2.2333617E-05  -3.4326035E-02
  2.1494630E-01  -1.2554567E-03   3.9043159E+00   1.0314872E-14  -1.0885323E+00   6.4367240E-02   1.5403345E+01   4.5570769E-02   1.1932212E+00  -4.7064402E-03   2.2397120E-05  -3.4244287E-02
  2.1693090E-01  -1.2727317E-03   3.9098108E+00   9.3543877E-15  -1.0891503E+00   6.4139161E-02   1.5445913E+01   4.5474002E-02   1.1945286E+00  -4.7879241E-03   2.2496412E-05  -3.4162492E-02
  2.1891560E-01  -1.2895533E-03   3.9152631E+00   9.3654783E-15  -1.0897682E+00   6.3910850E-02   1.5488209E+01   4.5377113E-02   1.1958307E+00  -4.8679615E-03   2.2635757E-05  -3.4080569E-02
  2.2090020E-01  -1.3060730E-03   3.9206733E+00   9.3435304E-15  -1.0903868E+00   6.3682974E-02   1.5530235E+01   4.5280162E-02   1.1971334E+00  -4.9472596E-03   2.2823263E-05  -3.3998526E-02
  2.2288490E-01  -1.3223313E-03   3.9260418E+00   9.3603371E-15  -1.0910055E+00   6.3455804E-02   1.5571991E+01   4.5183146E-02   1.1984372E+00  -5.0261112E-03   2.3015616E-05  -3.3916368E-02
  2.2486960E-01  -1.3377641E-03   3.9313689E+00   9.3799877E-15  -1.0916239E+00   6.3230088E-02   1.5613481E+01   4.5086199E-02   1.1997439E+00  -5.1022865E-03   2.3226383E-05  -3.3834112E-02
  2.2685420E-01  -1.3528684E-03   3.9366549E+00   9.3518582E-15  -1.0922424E+00   6.3005739E-02   1.5654705E+01   4.4989295E-02   1.2010457E+00  -5.1777687E-03   2.3504848E-05  -3.3751770E-02
  2.2883890E-01  -1.3678635E-03   3.9419001E+00   9.3662029E-15  -1.0928611E+00   6.2783217E-02   1.5695662E+01   4.4892356E-02   1.2023544E+00  -5.2531924E-03   2.3909146E-05  -3.3669496E-02
  2.3082370E-01  -1.3824372E-03   3.9471046E+00   9.3602629E-15  -1.0934793E+00   6.2562651E-02   1.5736355E+01   4.4795355E-02   1.2036658E+00  -5.3274528E-03   2.4546187E-05  -3.3587363E-02
  2.3280840E-01  -1.3963506E-03   3.9522686E+00   1.0310768E-14  -1.0940978E+00   6.2344222E-02   1.5776783E+01   4.4698357E-02   1.2049783E+00  -5.3996409E-03   2.5380131E-05  -3.3505328E-02
  2.3479320E-01  -1.4092471E-03   3.9573921E+00   1.0329081E-14  -1.0947155E+00   6.2128100E-02   1.5816945E+01   4.4601333E-02   1.2062904E+00  -5.4678207E-03   2.6281847E-05  -3.3423332E-02
  2.3677800E-01  -1.4207281E-03   3.9624758E+00   1.0311684E-14  -1.0953331E+00   6.1914269E-02   1.5856846E+01   4.4504343E-02   1.2076024E+00  -5.5301218E-03   2.7123713E-05  -3.3341375E-02
  2.3876290E-01  -1.4299230E-03   3.9675202E+00   1.1543804E-14  -1.0959515E+00   6.1702421E-02   1.5896486E+01   4.4407357E-02   1.2089207E+00  -5.5824998E-03   2.7736945E-05  -3.3259497E-02
  2.4074780E-01  -1.4370875E-03   3.9725256E+00   1.1569108E-14  -1.0965706E+00   6.1491975E-02   1.5935868E+01   4.4310484E-02   1.2102355E+00  -5.6261611E-03   2.8090922E-05  -3.3177681E-02
  2.4273270E-01  -1.4421481E-03   3.9774923E+00   1.0326066E-14  -1.0971896E+00   6.1282119E-02   1.5974991E+01   4.4213768E-02   1.2115480E+00  -5.6606790E-03   2.8244855E-05  -3.3095804E-02
  2.4471770E-01  -1.4448102E-03   3.9824205E+00   1.1556624E-14  -1.0978082E+00   6.1072975E-02   1.6013857E+01   4.4117299E-02   1.2128658E+00  -5.6845447E-03   2.8219766E-05  -3.3013727E-02
  2.4670280E-01  -1.4452717E-03   3.9873106E+00   1.1545577E-14  -1.0984272E+00   6.0864290E-02   1.6052467E+01   4.4021115E-02   1.2141893E+00  -5.6984153E-03   2.8075600E-05  -3.2931390E-02
  2.4868800E-01  -1.4430513E-03   3.9921636E+00   1.3070844E-14  -1.0990461E+00   6.0656102E-02   1.6090830E+01   4.3925220E-02   1.2155119E+00  -5.7005385E-03   2.7879617E-05  -3.2848785E-02
  2.5067330E-01  -1.4380306E-03   3.9969806E+00   1.3073281E-14  -1.0996651E+00   6.0448608E-02   1.6128951E+01   4.3829597E-02   1.2168380E+00  -5.6903686E-03   2.7665938E-05  -3.2765987E-02
  2.5265870E-01  -1.4306211E-03   4.0017624E+00   1.3095016E-14  -1.1002850E+00   6.0241277E-02   1.6166837E+01   4.3734227E-02   1.2181633E+00  -5.6695986E-03   2.7467936E-05  -3.2683065E-02
  2.5464420E-01  -1.4208973E-03   4.0065094E+00   1.1536926E-14  -1.1009046E+00   6.0034366E-02   1.6204491E+01   4.3639051E-02   1.2194915E+00  -5.6385560E-03   2.7259964E-05  -3.2600128E-02
  2.5662990E-01  -1.4094604E-03   4.0112228E+00   1.0334170E-14  -1.1015250E+00   5.9827526E-02   1.6241920E+01   4.3543928E-02   1.2208206E+00  -5.5999926E-03   2.7062596E-05  -3.2517182E-02
  2.5861570E-01  -1.3968510E-03   4.0159032E+00   1.0338378E-14  -1.1021442E+00   5.9621303E-02   1.6279129E+01   4.3448818E-02   1.2221479E+00  -5.5564340E-03   2.6957743E-05  -3.2434218E-02
  2.6060170E-01  -1.3828645E-03   4.0205517E+00   1.0345461E-14  -1.1027650E+00   5.9415308E-02   1.6316125E+01   4.3353832E-02   1.2234849E+00  -5.5071057E-03   2.6914968E-05  -3.2351238E-02
  2.6258790E-01  -1.3674583E-03   4.0251695E+00   1.0343764E-14  -1.1033849E+00   5.9209683E-02   1.6352917E+01   4.3258936E-02   1.2248182E+00  -5.4516461E-03   2.6893226E-05  -3.2268209E-02
  2.6457440E-01  -1.3512922E-03   4.0297571E+00   1.0342886E-14  -1.1040063E+00   5.9004237E-02   1.6389509E+01   4.3164066E-02   1.2261555E+00  -5.3928330E-03   2.7019407E-05  -3.2185119E-02
  2.6656100E-01  -1.3349208E-03   4.0343156E+00   1.0341428E-14  -1.1046264E+00   5.8799134E-02   1.6425906E+01   4.3069282E-02   1.2274867E+00  -5.3328916E-03   2.7335909E-05  -3.2101948E-02
  2.6854800E-01  -1.3190668E-03   4.0388452E+00   1.1487289E-14  -1.1052472E+00   5.8594073E-02   1.6462113E+01   4.2974577E-02   1.2288242E+00  -5.2746230E-03   2.7711378E-05  -3.2018775E-02
  2.7053530E-01  -1.3040507E-03   4.0433464E+00   1.3075706E-14  -1.1058670E+00   5.8389032E-02   1.6498129E+01   4.2879936E-02   1.2301681E+00  -5.2192221E-03   2.8056910E-05  -3.1935637E-02
  2.7252300E-01  -1.2900419E-03   4.0478194E+00   1.3078049E-14  -1.1064873E+00   5.8184319E-02   1.6533959E+01   4.2785341E-02   1.2315136E+00  -5.1674700E-03   2.8346407E-05  -3.1852442E-02
  2.7451100E-01  -1.2771955E-03   4.0522653E+00   1.3083189E-14  -1.1071080E+00   5.7980003E-02   1.6569609E+01   4.2690828E-02   1.2328510E+00  -5.1202031E-03   2.8582916E-05  -3.1769122E-02
  2.7649940E-01  -1.2651554E-03   4.0566844E+00   1.1476722E-14  -1.1077296E+00   5.7775832E-02   1.6605081E+01   4.2596357E-02   1.2341951E+00  -5.0760462E-03   2.8730802E-05  -3.1685772E-02
  2.7848840E-01  -1.2541748E-03   4.0610770E+00   1.1486974E-14  -1.1083513E+00   5.7571893E-02   1.6640378E+01   4.2501881E-02   1.2355380E+00  -5.0361856E-03   2.8741908E-05  -3.1602372E-02
  2.8047780E-01  -1.2442858E-03   4.0654435E+00   1.1472208E-14  -1.1089731E+00   5.7368500E-02   1.6675502E+01   4.2407375E-02   1.2368838E+00  -5.0008636E-03   2.8563443E-05  -3.1518931E-02
  2.8246780E-01  -1.2356372E-03   4.0697850E+00   1.3038168E-14  -1.1095944E+00   5.7165800E-02   1.6710459E+01   4.2312869E-02   1.2382308E+00  -4.9705562E-03   2.8153121E-05  -3.1435467E-02
  2.8445840E-01  -1.2288185E-03   4.0741019E+00   1.1462699E-14  -1.1102160E+00   5.6963187E-02   1.6745254E+01   4.2218367E-02   1.2395744E+00  -4.9479300E-03   2.7571511E-05  -3.1351958E-02
  2.8644970E-01  -1.2228745E-03   4.0783948E+00   1.1450113E-14  -1.1108397E+00   5.6760918E-02   1.6779889E+01   4.2123833E-02   1.2409259E+00  -4.9291667E-03   2.6976965E-05  -3.1268403E-02
  2.8844170E-01  -1.2175320E-03   4.0826640E+00   1.1446935E-14  -1.1114629E+00   5.6559243E-02   1.6814368E+01   4.2029287E-02   1.2422755E+00  -4.9130787E-03   2.6467339E-05  -3.1184788E-02
  2.9043460E-01  -1.2132701E-03   4.0869095E+00   1.1444528E-14  -1.1120865E+00   5.6358002E-02   1.6848688E+01   4.1934767E-02   1.2436298E+00  -4.9013732E-03   2.6114773E-05  -3.1101127E-02
  2.9242830E-01  -1.2093707E-03   4.0911309E+00   1.1426796E-14  -1.1127097E+00   5.6157444E-02   1.6882848E+01   4.1840262E-02   1.2449864E+00  -4.8913888E-03   2.5930263E-05  -3.1017419E-02
  2.9442290E-01  -1.2056962E-03   4.0953278E+00   1.1432672E-14  -1.1133329E+00   5.5958263E-02   1.6916844E+01   4.1745693E-02   1.2463427E+00  -4.8827378E-03   2.5811841E-05  -3.0933692E-02
  2.9641850E-01  -1.2022823E-03   4.0995006E+00   1.1413787E-14  -1.1139563E+00   5.5760398E-02   1.6950677E+01   4.1651054E-02   1.2477041E+00  -4.8755067E-03   2.5727566E-05  -3.0849919E-02
  2.9841530E-01  -1.1996076E-03   4.1036495E+00   1.1419972E-14  -1.1145804E+00   5.5564035E-02   1.6984348E+01   4.1556365E-02   1.2490623E+00  -4.8715033E-03   2.5680411E-05  -3.0766043E-02
  3.0041320E-01  -1.1973407E-03   4.1077745E+00   1.1406271E-14  -1.1152054E+00   5.5369453E-02   1.7017858E+01   4.1461649E-02   1.2504285E+00  -4.8691907E-03   2.5667367E-05  -3.0682049E-02
  3.0241240E-01  -1.1950513E-03   4.1118758E+00   1.1391822E-14  -1.1158312E+00   5.5176301E-02   1.7051207E+01   4.1366841E-02   1.2517940E+00  -4.8668995E-03   2.5647136E-05  -3.0597894E-02
  3.0441300E-01  -1.1938954E-03   4.1159537E+00   1.1388452E-14  -1.1164576E+00   5.4984669E-02   1.7084398E+01   4.1271910E-02   1.2531586E+00  -4.8696143E-03   2.5561619E-05  -3.0513539E-02
  3.0641510E-01  -1.1937519E-03   4.1200088E+00   1.1385129E-14  -1.1170846E+00   5.4794527E-02   1.7117433E+01   4.1176898E-02   1.2545197E+00  -4.8764407E-03   2.5412216E-05  -3.0429075E-02
  3.0841880E-01  -1.1934196E-03   4.1240418E+00   1.1370757E-14  -1.1177121E+00   5.4605533E-02   1.7150320E+01   4.1081783E-02   1.2558866E+00  -4.8822275E-03   2.5266704E-05  -3.0344573E-02
  3.1042420E-01  -1.1934616E-03   4.1280534E+00   1.1365217E-14  -1.1183394E+00   5.4417871E-02   1.7183062E+01   4.0986543E-02   1.2572617E+00  -4.8892582E-03   2.5195358E-05  -3.0260007E-02
  3.1243150E-01  -1.1933877E-03   4.1320442E+00   1.1335235E-14  -1.1189663E+00   5.4231826E-02   1.7215667E+01   4.0891169E-02   1.2586383E+00  -4.8954183E-03   2.5204382E-05  -3.0175327E-02
  3.1444070E-01  -1.1930996E-03   4.1360153E+00   1.1326708E-14  -1.1195939E+00   5.4047240E-02   1.7248139E+01   4.0795627E-02   1.2600149E+00  -4.9002139E-03   2.5269400E-05  -3.0090615E-02
  3.1645200E-01  -1.1925828E-03   4.1399670E+00   1.1324341E-14  -1.1202223E+00   5.3863741E-02   1.7280483E+01   4.0699989E-02   1.2613932E+00  -4.9036607E-03   2.5363185E-05  -3.0005899E-02
  3.1846560E-01  -1.1918823E-03   4.1438995E+00   1.1315784E-14  -1.1208530E+00   5.3680667E-02   1.7312700E+01   4.0604263E-02   1.2627723E+00  -4.9057840E-03   2.5493411E-05  -2.9921183E-02
  3.2048160E-01  -1.1907966E-03   4.1478130E+00   1.0240289E-14  -1.1214849E+00   5.3498069E-02   1.7344790E+01   4.0508515E-02   1.2641593E+00  -4.9057574E-03   2.5666081E-05  -2.9836526E-02
  3.2250020E-01  -1.1886569E-03   4.1517076E+00   1.0234453E-14  -1.1221172E+00   5.3315754E-02   1.7376754E+01   4.0412721E-02   1.2655450E+00  -4.9006431E-03   2.5850358E-05  -2.9751820E-02
  3.2452150E-01  -1.1859790E-03   4.1555834E+00   1.1242425E-14  -1.1227507E+00   5.3133655E-02   1.7408592E+01   4.0316990E-02   1.2669317E+00  -4.8922592E-03   2.6003110E-05  -2.9667013E-02
  3.2654580E-01  -1.1826749E-03   4.1594413E+00   1.1237207E-14  -1.1233852E+00   5.2951861E-02   1.7440311E+01   4.0221184E-02   1.2683280E+00  -4.8802360E-03   2.6152829E-05  -2.9582062E-02
  3.2857310E-01  -1.1787568E-03   4.1632811E+00   1.2777777E-14  -1.1240200E+00   5.2770596E-02   1.7471910E+01   4.0125315E-02   1.2697227E+00  -4.8648358E-03   2.6383004E-05  -2.9496978E-02
  3.3060370E-01  -1.1742014E-03   4.1671035E+00   1.1185202E-14  -1.1246556E+00   5.2589748E-02   1.7503392E+01   4.0029356E-02   1.2711246E+00  -4.8461434E-03   2.6734190E-05  -2.9411739E-02
  3.3263770E-01  -1.1686606E-03   4.1709092E+00   1.2755066E-14  -1.1252928E+00   5.2409800E-02   1.7534765E+01   3.9933326E-02   1.2725298E+00  -4.8228840E-03   2.7166680E-05  -2.9326279E-02
  3.3467550E-01  -1.1611658E-03   4.1746994E+00   1.1161398E-14  -1.1259317E+00   5.2230519E-02   1.7566036E+01   3.9837135E-02   1.2739349E+00  -4.7910709E-03   2.7640175E-05  -2.9240492E-02
  3.3671720E-01  -1.1515542E-03   4.1784748E+00   1.0140555E-14  -1.1265719E+00   5.2052099E-02   1.7597211E+01   3.9740823E-02   1.2753464E+00  -4.7501632E-03   2.8159800E-05  -2.9154386E-02
  3.3876300E-01  -1.1394850E-03   4.1822365E+00   1.1110649E-14  -1.1272135E+00   5.1874152E-02   1.7628300E+01   3.9644356E-02   1.2767569E+00  -4.6987312E-03   2.8675443E-05  -2.9067919E-02
  3.4081310E-01  -1.1251686E-03   4.1859853E+00   1.1092149E-14  -1.1278569E+00   5.1696782E-02   1.7659307E+01   3.9547752E-02   1.2781741E+00  -4.6378259E-03   2.9086010E-05  -2.8981135E-02
  3.4286790E-01  -1.1083411E-03   4.1897213E+00   1.2598286E-14  -1.1285012E+00   5.1519753E-02   1.7690234E+01   3.9451027E-02   1.2795957E+00  -4.5664907E-03   2.9312070E-05  -2.8894042E-02
  3.4492750E-01  -1.0891173E-03   4.1934452E+00   1.2569728E-14  -1.1291479E+00   5.1342889E-02   1.7721086E+01   3.9354180E-02   1.2810256E+00  -4.4852870E-03   2.9428125E-05  -2.8806630E-02
  3.4699230E-01  -1.0679226E-03   4.1971576E+00   1.2552676E-14  -1.1297955E+00   5.1166385E-02   1.7751870E+01   3.9257131E-02   1.2824558E+00  -4.3962647E-03   2.9526764E-05  -2.8718891E-02
  3.4906240E-01  -1.0450897E-03   4.2008589E+00   1.2494323E-14  -1.1304457E+00   5.0990167E-02   1.7782585E+01   3.9159978E-02   1.2838942E+00  -4.3006995E-03   2.9570825E-05  -2.8630877E-02
  3.5113820E-01  -1.0212410E-03   4.2045492E+00   1.2481547E-14  -1.1310969E+00   5.0814163E-02   1.7813235E+01   3.9062703E-02   1.2853374E+00  -4.2011075E-03   2.9563963E-05  -2.8542615E-02
  3.5321990E-01  -9.9660840E-04   4.2082289E+00   1.2438526E-14  -1.1317496E+00   5.0638782E-02   1.7843822E+01   3.8965288E-02   1.2867856E+00  -4.0982296E-03   2.9560491E-05  -2.8454125E-02
  3.5530790E-01  -9.7148701E-04   4.2118986E+00   1.2385926E-14  -1.1324036E+00   5.0464120E-02   1.7874352E+01   3.8867682E-02   1.2882407E+00  -3.9930658E-03   2.9533313E-05  -2.8365397E-02
  3.5740240E-01  -9.4621705E-04   4.2155591E+00   1.0858107E-14  -1.1330602E+00   5.0290234E-02   1.7904830E+01   3.8769864E-02   1.2897060E+00  -3.8866348E-03   2.9437896E-05  -2.8276463E-02
  3.5950380E-01  -9.2070024E-04   4.2192109E+00   1.2292932E-14  -1.1337191E+00   5.0117000E-02   1.7935262E+01   3.8671871E-02   1.2911738E+00  -3.7783866E-03   2.9321146E-05  -2.8187287E-02
  3.6161240E-01  -8.9506421E-04   4.2228544E+00   1.0780896E-14  -1.1343818E+00   4.9944798E-02   1.7965651E+01   3.8573735E-02   1.2926459E+00  -3.6691931E-03   2.9195723E-05  -2.8097820E-02
  3.6372850E-01  -8.6894766E-04   4.2264905E+00   1.0747595E-14  -1.1350464E+00   4.9774022E-02   1.7996002E+01   3.8475446E-02   1.2941243E+00  -3.5573958E-03   2.9035520E-05  -2.8008062E-02
  3.6585240E-01  -8.4321104E-04   4.2301196E+00   1.0705343E-14  -1.1357145E+00   4.9603872E-02   1.8026321E+01   3.8377017E-02   1.2956102E+00  -3.4466673E-03   2.8932752E-05  -2.7918025E-02
  3.6798450E-01  -8.1835192E-04   4.2337424E+00   9.7335021E-15  -1.1363848E+00   4.9434490E-02   1.8056613E+01   3.8278395E-02   1.2971021E+00  -3.3390431E-03   2.8922023E-05  -2.7827600E-02
  3.7012510E-01  -7.9431366E-04   4.2373599E+00   9.7072455E-15  -1.1370581E+00   4.9265987E-02   1.8086885E+01   3.8179580E-02   1.2986050E+00  -3.2343144E-03   2.8897535E-05  -2.7736728E-02
  3.7227470E-01  -7.7124290E-04   4.2409728E+00   9.6726284E-15  -1.1377337E+00   4.9098525E-02   1.8117144E+01   3.8080569E-02   1.3001191E+00  -3.1331424E-03   2.8795209E-05  -2.7645446E-02
  3.7443360E-01  -7.4919820E-04   4.2445816E+00   1.0533996E-14  -1.1384125E+00   4.8932088E-02   1.8147392E+01   3.7981370E-02   1.3016394E+00  -3.0356614E-03   2.8654474E-05  -2.7553765E-02
  3.7660210E-01  -7.2840834E-04   4.2481867E+00   1.1909911E-14  -1.1390954E+00   4.8766790E-02   1.8177636E+01   3.7881959E-02   1.3031691E+00  -2.9427504E-03   2.8471411E-05  -2.7461704E-02
  3.7878060E-01  -7.0850592E-04   4.2517890E+00   1.1862928E-14  -1.1397823E+00   4.8602412E-02   1.8207883E+01   3.7782293E-02   1.3047020E+00  -2.8529999E-03   2.8172411E-05  -2.7369169E-02
  3.8096960E-01  -6.9025855E-04   4.2553892E+00   1.1791429E-14  -1.1404724E+00   4.8438922E-02   1.8238136E+01   3.7682407E-02   1.3062428E+00  -2.7698368E-03   2.7798027E-05  -2.7276130E-02
  3.8316940E-01  -6.7336161E-04   4.2589874E+00   1.2758672E-14  -1.1411667E+00   4.8276031E-02   1.8268398E+01   3.7582315E-02   1.3077926E+00  -2.6921014E-03   2.7453517E-05  -2.7182594E-02
  3.8538040E-01  -6.5795331E-04   4.2625841E+00   1.2708405E-14  -1.1418646E+00   4.8113529E-02   1.8298672E+01   3.7481960E-02   1.3093522E+00  -2.6205645E-03   2.7163373E-05  -2.7088526E-02
  3.8760310E-01  -6.4394548E-04   4.2661800E+00   1.2625697E-14  -1.1425660E+00   4.7951296E-02   1.8328964E+01   3.7381349E-02   1.3109334E+00  -2.5547650E-03   2.6913800E-05  -2.6993956E-02
  3.8983790E-01  -6.3113361E-04   4.2697758E+00   1.3529185E-14  -1.1432706E+00   4.7788940E-02   1.8359279E+01   3.7280420E-02   1.3125204E+00  -2.4938179E-03   2.6702671E-05  -2.6898809E-02
  3.9208510E-01  -6.1964125E-04   4.2733717E+00   1.3462810E-14  -1.1439795E+00   4.7626327E-02   1.8389620E+01   3.7179261E-02   1.3141132E+00  -2.4379991E-03   2.6521625E-05  -2.6803049E-02
  3.9434520E-01  -6.0911238E-04   4.2769681E+00   1.2451306E-14  -1.1446928E+00   4.7463328E-02   1.8419991E+01   3.7077779E-02   1.3157234E+00  -2.3857278E-03   2.6361376E-05  -2.6706706E-02
  3.9661870E-01  -5.9893886E-04   4.2805658E+00   1.1357198E-14  -1.1454102E+00   4.7300188E-02   1.8450396E+01   3.6975949E-02   1.3173431E+00  -2.3345366E-03   2.6186648E-05  -2.6609780E-02
  3.9890590E-01  -5.8806246E-04   4.2841650E+00   1.1270733E-14  -1.1461325E+00   4.7136429E-02   1.8480837E+01   3.6873835E-02   1.3189712E+00  -2.2800066E-03   2.6006817E-05  -2.6512225E-02
  4.0120740E-01  -5.7616929E-04   4.2877657E+00   1.1202711E-14  -1.1468614E+00   4.6971939E-02   1.8511315E+01   3.6771379E-02   1.3206131E+00  -2.2211076E-03   2.5888513E-05  -2.6413985E-02
  4.0352350E-01  -5.6315066E-04   4.2913682E+00   9.8332263E-15  -1.1475953E+00   4.6806752E-02   1.8541832E+01   3.6668549E-02   1.3222601E+00  -2.1572314E-03   2.5773809E-05  -2.6315037E-02
  4.0585460E-01  -5.4955433E-04   4.2949731E+00   9.7837578E-15  -1.1483339E+00   4.6641165E-02   1.8572393E+01   3.6565332E-02   1.3239249E+00  -2.0907749E-03   2.5591340E-05  -2.6215393E-02
  4.0820130E-01  -5.3551729E-04   4.2985814E+00   8.9097273E-15  -1.1490772E+00   4.6474984E-02   1.8603007E+01   3.6461739E-02   1.3256059E+00  -2.0224409E-03   2.5315445E-05  -2.6115021E-02
  4.1056400E-01  -5.2043198E-04   4.3021944E+00   8.8548597E-15  -1.1498256E+00   4.6308248E-02   1.8633684E+01   3.6357826E-02   1.3272976E+00  -1.9494129E-03   2.4956571E-05  -2.6013881E-02
  4.1294320E-01  -5.0417366E-04   4.3058126E+00   8.7994390E-15  -1.1505796E+00   4.6140851E-02   1.8664430E+01   3.6253633E-02   1.3290119E+00  -1.8710974E-03   2.4622136E-05  -2.5912065E-02
  4.1533920E-01  -4.8671965E-04   4.3094369E+00   8.7405317E-15  -1.1513390E+00   4.5972390E-02   1.8695252E+01   3.6149247E-02   1.3307377E+00  -1.7874469E-03   2.4366184E-05  -2.5809581E-02
  4.1775260E-01  -4.6779030E-04   4.3130685E+00   7.5178744E-15  -1.1521047E+00   4.5802533E-02   1.8726161E+01   3.6044599E-02   1.3324735E+00  -1.6970337E-03   2.4141235E-05  -2.5706356E-02
  4.2018400E-01  -4.4692137E-04   4.3167081E+00   8.6134784E-15  -1.1528770E+00   4.5631086E-02   1.8757163E+01   3.5939673E-02   1.3342237E+00  -1.5975469E-03   2.3908925E-05  -2.5602346E-02
  4.2263360E-01  -4.2422422E-04   4.3203552E+00   8.5636199E-15  -1.1536553E+00   4.5457924E-02   1.8788255E+01   3.5834473E-02   1.3359887E+00  -1.4894111E-03   2.3651658E-05  -2.5497529E-02
  4.2510200E-01  -3.9971163E-04   4.3240095E+00   8.5056277E-15  -1.1544407E+00   4.5283239E-02   1.8819433E+01   3.5729025E-02   1.3377729E+00  -1.3724926E-03   2.3355138E-05  -2.5391971E-02
  4.2758940E-01  -3.7304411E-04   4.3276716E+00   9.1855589E-15  -1.1552340E+00   4.5107317E-02   1.8850702E+01   3.5623307E-02   1.3395731E+00  -1.2450650E-03   2.3118517E-05  -2.5285682E-02
  4.3009650E-01  -3.4399867E-04   4.3313412E+00   1.0231984E-14  -1.1560340E+00   4.4930183E-02   1.8882058E+01   3.5517270E-02   1.3413922E+00  -1.1063427E-03   2.2976740E-05  -2.5178611E-02
  4.3262350E-01  -3.1141582E-04   4.3350183E+00   1.1190721E-14  -1.1568402E+00   4.4751859E-02   1.8913503E+01   3.5410823E-02   1.3432210E+00  -9.5138893E-04   2.2864566E-05  -2.5070632E-02
  4.3517110E-01  -2.7534435E-04   4.3387033E+00   1.1098205E-14  -1.1576529E+00   4.4572284E-02   1.8945039E+01   3.5303936E-02   1.3450772E+00  -7.8073644E-04   2.2781303E-05  -2.4961679E-02
  4.3773950E-01  -2.3515523E-04   4.3423966E+00   1.1801564E-14  -1.1584728E+00   4.4391497E-02   1.8976671E+01   3.5196542E-02   1.3469528E+00  -5.9192102E-04   2.2677839E-05  -2.4851782E-02
  4.4032920E-01  -1.9104437E-04   4.3460985E+00   1.2774153E-14  -1.1593001E+00   4.4209365E-02   1.9008402E+01   3.5088618E-02   1.3488371E+00  -3.8570695E-04   2.2520303E-05  -2.4740948E-02
  4.4294070E-01  -1.4257735E-04   4.3498089E+00   1.1608182E-14  -1.1601359E+00   4.4025966E-02   1.9040231E+01   3.4980125E-02   1.3507387E+00  -1.6011835E-04   2.2370382E-05  -2.4629183E-02
  4.4557440E-01  -8.9718084E-05   4.3535277E+00   1.1528455E-14  -1.1609784E+00   4.3841482E-02   1.9072157E+01   3.4870981E-02   1.3526558E+00   8.4941460E-05   2.2246539E-05  -2.4516428E-02
  4.4823060E-01  -3.3545239E-05   4.3572549E+00   1.2448143E-14  -1.1618276E+00   4.3656359E-02   1.9104183E+01   3.4761140E-02   1.3545961E+00   3.4471386E-04   2.2140411E-05  -2.4402628E-02
  4.5090980E-01   2.5213812E-05   4.3609906E+00   1.1313407E-14  -1.1626839E+00   4.3470468E-02   1.9136308E+01   3.4650536E-02   1.3565636E+00   6.1566678E-04   2.2031274E-05  -2.4287779E-02
  4.5361250E-01   8.6095910E-05   4.3647351E+00   1.2227654E-14  -1.1635475E+00   4.3283820E-02   1.9168536E+01   3.4539098E-02   1.3585446E+00   8.9594533E-04   2.1795304E-05  -2.4171801E-02
  4.5633890E-01   1.4897877E-04   4.3684893E+00   1.3081108E-14  -1.1644190E+00   4.3096463E-02   1.9200872E+01   3.4426796E-02   1.3605443E+00   1.1849929E-03   2.1348125E-05  -2.4054618E-02
  4.5908950E-01   2.1392517E-04   4.3722534E+00   1.2966172E-14  -1.1652985E+00   4.2908210E-02   1.9233321E+01   3.4313611E-02   1.3625653E+00   1.4831023E-03   2.0815268E-05  -2.3936225E-02
  4.6186460E-01   2.8102170E-04   4.3760286E+00   1.2854817E-14  -1.1661869E+00   4.2718656E-02   1.9265892E+01   3.4199459E-02   1.3646059E+00   1.7904557E-03   2.0339842E-05  -2.3816684E-02
  4.6466470E-01   3.5007043E-04   4.3798150E+00   1.2749103E-14  -1.1670822E+00   4.2527693E-02   1.9298589E+01   3.4084303E-02   1.3666669E+00   2.1061912E-03   1.9931247E-05  -2.3696127E-02
  4.6749000E-01   4.2132109E-04   4.3836129E+00   1.2642915E-14  -1.1679864E+00   4.2335343E-02   1.9331413E+01   3.3968158E-02   1.3687503E+00   2.4313382E-03   1.9471566E-05  -2.3574628E-02
  4.7034100E-01   4.9456465E-04   4.3874219E+00   1.2526502E-14  -1.1688979E+00   4.2141456E-02   1.9364361E+01   3.3850936E-02   1.3708509E+00   2.7650664E-03   1.8891530E-05  -2.3452183E-02
  4.7321800E-01   5.6931480E-04   4.3912419E+00   1.2423851E-14  -1.1698183E+00   4.1946143E-02   1.9397434E+01   3.3732561E-02   1.3729731E+00   3.1050178E-03   1.8241086E-05  -2.3328772E-02
  4.7612140E-01   6.4517750E-04   4.3950731E+00   1.2315956E-14  -1.1707461E+00   4.1749733E-02   1.9430631E+01   3.3612978E-02   1.3751158E+00   3.4489314E-03   1.7680677E-05  -2.3204345E-02
  4.7905140E-01   7.2194789E-04   4.3989158E+00   1.2205516E-14  -1.1716827E+00   4.1552241E-02   1.9463958E+01   3.3492217E-02   1.3772798E+00   3.7956932E-03   1.7323371E-05  -2.3078824E-02
  4.8200830E-01   8.0044208E-04   4.4027701E+00   1.1195821E-14  -1.1726285E+00   4.1353459E-02   1.9497415E+01   3.3370236E-02   1.3794634E+00   4.1489281E-03   1.7119460E-05  -2.2952086E-02
  4.8499260E-01   8.8073093E-04   4.4066362E+00   1.1085958E-14  -1.1735823E+00   4.1153804E-02   1.9531003E+01   3.3247081E-02   1.3816715E+00   4.5088071E-03   1.6959672E-05  -2.2823990E-02
  4.8800440E-01   9.6250689E-04   4.4105143E+00   1.0995631E-14  -1.1745441E+00   4.0953475E-02   1.9564722E+01   3.3122854E-02   1.3839081E+00   4.8742792E-03   1.6780193E-05  -2.2694470E-02
  4.9104410E-01   1.0459898E-03   4.4144043E+00   1.0069781E-14  -1.1755146E+00   4.0752722E-02   1.9598573E+01   3.2997731E-02   1.3861575E+00   5.2466645E-03   1.6501018E-05  -2.2563589E-02
  4.9411200E-01   1.1317042E-03   4.4183061E+00   9.9873454E-15  -1.1764957E+00   4.0551580E-02   1.9632553E+01   3.2871789E-02   1.3884378E+00   5.6286878E-03   1.6042639E-05  -2.2431488E-02
  4.9720820E-01   1.2188831E-03   4.4222198E+00   9.8941119E-15  -1.1774854E+00   4.0350416E-02   1.9666665E+01   3.2745085E-02   1.3907342E+00   6.0173634E-03   1.5449710E-05  -2.2298208E-02
  5.0033310E-01   1.3075515E-03   4.4261450E+00   9.8119187E-15  -1.1784838E+00   4.0149333E-02   1.9700906E+01   3.2617704E-02   1.3930654E+00   6.4133535E-03   1.4832261E-05  -2.2163730E-02
  5.0348680E-01   1.3982263E-03   4.4300812E+00   9.7216697E-15  -1.1794923E+00   3.9948679E-02   1.9735270E+01   3.2489640E-02   1.3954110E+00   6.8189815E-03   1.4285457E-05  -2.2027990E-02
  5.0666970E-01   1.4912576E-03   4.4340282E+00   9.0297100E-15  -1.1805111E+00   3.9748868E-02   1.9769758E+01   3.2360882E-02   1.3977913E+00   7.2357542E-03   1.3814699E-05  -2.1890959E-02
  5.0988190E-01   1.5868956E-03   4.4379862E+00   8.9577159E-15  -1.1815397E+00   3.9550090E-02   1.9804373E+01   3.2231413E-02   1.4001927E+00   7.6648385E-03   1.3377478E-05  -2.1752647E-02
  5.1312370E-01   1.6847935E-03   4.4419562E+00   9.4775604E-15  -1.1825781E+00   3.9352736E-02   1.9839123E+01   3.2101223E-02   1.4026208E+00   8.1047887E-03   1.3023918E-05  -2.1613106E-02
  5.1639520E-01   1.7847902E-03   4.4459387E+00   9.4054931E-15  -1.1836265E+00   3.9156958E-02   1.9874013E+01   3.1970261E-02   1.4050720E+00   8.5549986E-03   1.2835937E-05  -2.1472316E-02
  5.1969660E-01   1.8872278E-03   4.4499339E+00   9.3284431E-15  -1.1846851E+00   3.8962175E-02   1.9909045E+01   3.1838411E-02   1.4075490E+00   9.0170568E-03   1.2813968E-05  -2.1330186E-02
  5.2302800E-01   1.9927103E-03   4.4539407E+00   9.2570307E-15  -1.1857525E+00   3.8768009E-02   1.9944210E+01   3.1705582E-02   1.4100604E+00   9.4935073E-03   1.2842753E-05  -2.1186742E-02
  5.2638970E-01   2.1013677E-03   4.4579583E+00   8.5692373E-15  -1.1868310E+00   3.8573950E-02   1.9979500E+01   3.1571671E-02   1.4125845E+00   9.9850981E-03   1.2796333E-05  -2.1042050E-02
  5.2978180E-01   2.2131459E-03   4.4619857E+00   8.5112669E-15  -1.1879185E+00   3.8379164E-02   2.0014907E+01   3.1436559E-02   1.4151363E+00   1.0491755E-02   1.2647233E-05  -2.0896115E-02
  5.3320430E-01   2.3279550E-03   4.4660217E+00   9.0248601E-15  -1.1890143E+00   3.8183615E-02   2.0050419E+01   3.1300096E-02   1.4177244E+00   1.1012851E-02   1.2474212E-05  -2.0748897E-02
  5.3665750E-01   2.4459985E-03   4.4700652E+00   8.9644719E-15  -1.1901213E+00   3.7987185E-02   2.0086028E+01   3.1162202E-02   1.4203256E+00   1.1549082E-02   1.2314032E-05  -2.0600420E-02
  5.4014140E-01   2.5674050E-03   4.4741150E+00   8.3017232E-15  -1.1912371E+00   3.7790100E-02   2.0121722E+01   3.1022820E-02   1.4229591E+00   1.2100487E-02   1.2118972E-05  -2.0450789E-02
  5.4365600E-01   2.6916269E-03   4.4781689E+00   8.2323339E-15  -1.1923648E+00   3.7591902E-02   2.0157483E+01   3.0882035E-02   1.4256156E+00   1.2664629E-02   1.1910720E-05  -2.0299985E-02
  5.4720160E-01   2.8184569E-03   4.4822256E+00   8.7469658E-15  -1.1935024E+00   3.7392472E-02   2.0193298E+01   3.0740056E-02   1.4282908E+00   1.3240682E-02   1.1753495E-05  -2.0147855E-02
  5.5077810E-01   2.9471269E-03   4.4862843E+00   8.6751654E-15  -1.1946487E+00   3.7192430E-02   2.0229161E+01   3.0597094E-02   1.4309974E+00   1.3825538E-02   1.1527760E-05  -1.9994267E-02
  5.5438560E-01   3.0770282E-03   4.4903441E+00   8.6144155E-15  -1.1958052E+00   3.6992331E-02   2.0265063E+01   3.0453317E-02   1.4337392E+00   1.4417328E-02   1.1049068E-05  -1.9839211E-02
  5.5802410E-01   3.2072454E-03   4.4944055E+00   7.9639091E-15  -1.1969714E+00   3.6792560E-02   2.0301008E+01   3.0308848E-02   1.4365084E+00   1.5012639E-02   1.0355432E-05  -1.9682696E-02
  5.6169370E-01   3.3382230E-03   4.4984692E+00   7.0733807E-15  -1.1981487E+00   3.6592900E-02   2.0337001E+01   3.0163747E-02   1.4392928E+00   1.5613646E-02   9.6935684E-06  -1.9524786E-02
  5.6539440E-01   3.4719461E-03   4.5025358E+00   7.0273134E-15  -1.1993353E+00   3.6392959E-02   2.0373048E+01   3.0018051E-02   1.4421183E+00   1.6229069E-02   9.3149831E-06  -1.9365592E-02
  5.6912610E-01   3.6099300E-03   4.5066068E+00   6.9692068E-15  -1.2005334E+00   3.6192776E-02   2.0409161E+01   2.9871838E-02   1.4449732E+00   1.6865369E-02   9.2941043E-06  -1.9205146E-02
  5.7288890E-01   3.7530845E-03   4.5106821E+00   6.9248050E-15  -1.2017444E+00   3.5992546E-02   2.0445345E+01   2.9725100E-02   1.4478387E+00   1.7526869E-02   9.4567260E-06  -1.9043358E-02
  5.7668280E-01   3.9010463E-03   4.5147621E+00   7.6619485E-15  -1.2029657E+00   3.5791987E-02   2.0481599E+01   2.9577810E-02   1.4507406E+00   1.8212226E-02   9.5802882E-06  -1.8880132E-02
  5.8050750E-01   4.0525490E-03   4.5188473E+00   7.6006314E-15  -1.2041961E+00   3.5590753E-02   2.0517934E+01   2.9429927E-02   1.4536774E+00   1.8915430E-02   9.5150402E-06  -1.8715482E-02
  5.8436330E-01   4.2063941E-03   4.5229382E+00   7.5431056E-15  -1.2054379E+00   3.5388700E-02   2.0554352E+01   2.9281371E-02   1.4566351E+00   1.9630606E-02   9.2105302E-06  -1.8549503E-02
  5.8824990E-01   4.3621432E-03   4.5270355E+00   7.4801632E-15  -1.2066892E+00   3.5186304E-02   2.0590860E+01   2.9132051E-02   1.4596243E+00   2.0355039E-02   8.7538780E-06  -1.8382188E-02
  5.9216730E-01   4.5198252E-03   4.5311400E+00   8.0074694E-15  -1.2079491E+00   3.4984457E-02   2.0627466E+01   2.8981886E-02   1.4626488E+00   2.1088047E-02   8.2725006E-06  -1.8213455E-02
  5.9611540E-01   4.6785348E-03   4.5352530E+00   7.3732577E-15  -1.2092188E+00   3.4783614E-02   2.0664180E+01   2.8830772E-02   1.4656974E+00   2.1825169E-02   7.8394071E-06  -1.8043346E-02
  6.0009410E-01   4.8384514E-03   4.5393741E+00   7.3191002E-15  -1.2105002E+00   3.4583947E-02   2.0701002E+01   2.8678536E-02   1.4687746E+00   2.2567443E-02   7.4659249E-06  -1.7872045E-02
  6.0410320E-01   4.9998809E-03   4.5435023E+00   6.5568331E-15  -1.2117923E+00   3.4385117E-02   2.0737919E+01   2.8525025E-02   1.4718775E+00   2.3316422E-02   7.1088866E-06  -1.7699615E-02
  6.0814280E-01   5.1620384E-03   4.5476357E+00   6.4984215E-15  -1.2130947E+00   3.4186854E-02   2.0774918E+01   2.8370098E-02   1.4749974E+00   2.4068589E-02   6.6355438E-06  -1.7525999E-02
  6.1221260E-01   5.3238756E-03   4.5517739E+00   6.4504052E-15  -1.2144056E+00   3.3989093E-02   2.0811992E+01   2.8213569E-02   1.4781469E+00   2.4819188E-02   6.0005093E-06  -1.7351084E-02
  6.1631240E-01   5.4842704E-03   4.5559173E+00   7.1005152E-15  -1.2157235E+00   3.3791712E-02   2.0849147E+01   2.8055286E-02   1.4813361E+00   2.5562752E-02   5.3695660E-06  -1.7174812E-02
  6.2044220E-01   5.6432677E-03   4.5600666E+00   7.0466692E-15  -1.2170505E+00   3.3594458E-02   2.0886389E+01   2.7895229E-02   1.4845479E+00   2.6299215E-02   4.9468632E-06  -1.6997201E-02
  6.2460170E-01   5.8003728E-03   4.5642213E+00   7.0092336E-15  -1.2183874E+00   3.3396634E-02   2.0923712E+01   2.7733438E-02   1.4877741E+00   2.7026661E-02   4.7571113E-06  -1.6818246E-02
  6.2879080E-01   5.9544240E-03   4.5683820E+00   6.2962409E-15  -1.2197338E+00   3.3197280E-02   2.0961123E+01   2.7570008E-02   1.4910298E+00   2.7740948E-02   4.6590170E-06  -1.6637937E-02
  6.3300930E-01   6.1050933E-03   4.5725501E+00   5.8102139E-15  -1.2210893E+00   3.2995943E-02   2.0998635E+01   2.7405084E-02   1.4943147E+00   2.8441932E-02   4.4891891E-06  -1.6456332E-02
  6.3725690E-01   6.2522576E-03   4.5767273E+00   5.7685606E-15  -1.2224550E+00   3.2792943E-02   2.1036263E+01   2.7238896E-02   1.4976211E+00   2.9129856E-02   4.0906044E-06  -1.6273492E-02
  6.4153340E-01   6.3943996E-03   4.5809143E+00   5.1866400E-15  -1.2238303E+00   3.2588466E-02   2.1074018E+01   2.7071736E-02   1.5009482E+00   2.9798389E-02   3.3403808E-06  -1.6089376E-02
  6.4583890E-01   6.5309876E-03   4.5851108E+00   5.1505791E-15  -1.2252131E+00   3.2382160E-02   2.1111897E+01   2.6903810E-02   1.5043113E+00   3.0445345E-02   2.3233005E-06  -1.5903952E-02
  6.5017310E-01   6.6635072E-03   4.5893158E+00   4.4289016E-15  -1.2266051E+00   3.2173873E-02   2.1149893E+01   2.6735308E-02   1.5077018E+00   3.1077191E-02   1.3266683E-06  -1.5717359E-02
  6.5453550E-01   6.7946035E-03   4.5935277E+00   4.4101748E-15  -1.2280064E+00   3.1964211E-02   2.1187993E+01   2.6566192E-02   1.5111148E+00   3.1705522E-02   6.3787449E-07  -1.5529715E-02
  6.5892580E-01   6.9260665E-03   4.5977463E+00   4.3840158E-15  -1.2294156E+00   3.1753610E-02   2.1226196E+01   2.6396385E-02   1.5145674E+00   3.2338161E-02   4.3657429E-07  -1.5340954E-02
  6.6334380E-01   7.0589464E-03   4.6019730E+00   4.3661824E-15  -1.2308342E+00   3.1541862E-02   2.1264513E+01   2.6225911E-02   1.5180410E+00   3.2979265E-02   7.1250577E-07  -1.5150916E-02
  6.6778930E-01   7.1932927E-03   4.6062093E+00   3.9257734E-15  -1.2322631E+00   3.1328437E-02   2.1302956E+01   2.6054650E-02   1.5215380E+00   3.3628968E-02   1.2042384E-06  -1.4959558E-02
  6.7226180E-01   7.3282466E-03   4.6104547E+00   4.3249048E-15  -1.2337014E+00   3.1113352E-02   2.1341521E+01   2.5882605E-02   1.5250708E+00   3.4283583E-02   1.5604120E-06  -1.4766920E-02
  6.7676120E-01   7.4631206E-03   4.6147069E+00   4.3094948E-15  -1.2351501E+00   3.0897441E-02   2.1380184E+01   2.5709775E-02   1.5286232E+00   3.4940175E-02   1.5691807E-06  -1.4572958E-02
  6.8128710E-01   7.5979108E-03   4.6189633E+00   3.8807757E-15  -1.2366102E+00   3.0681646E-02   2.1418924E+01   2.5536200E-02   1.5321891E+00   3.5598978E-02   1.2435227E-06  -1.4377717E-02
  6.8583930E-01   7.7338345E-03   4.6232222E+00   3.8648106E-15  -1.2380788E+00   3.0466471E-02   2.1457727E+01   2.5362023E-02   1.5357968E+00   3.6265973E-02   7.3510126E-07  -1.4181444E-02
  6.9041730E-01   7.8732939E-03   4.6274826E+00   4.2508487E-15  -1.2395547E+00   3.0251916E-02   2.1496584E+01   2.5187579E-02   1.5394292E+00   3.6951718E-02   3.1949286E-07  -1.3984307E-02
  6.9502090E-01   8.0181033E-03   4.6317452E+00   4.2279817E-15  -1.2410392E+00   3.0038668E-02   2.1535499E+01   2.5013181E-02   1.5430860E+00   3.7663404E-02   1.0706209E-07  -1.3786170E-02
  6.9964970E-01   8.1692435E-03   4.6360119E+00   4.2145784E-15  -1.2425317E+00   2.9827591E-02   2.1574491E+01   2.4839217E-02   1.5467744E+00   3.8405160E-02  -1.2508609E-07  -1.3586858E-02
  7.0430350E-01   8.3257979E-03   4.6402846E+00   4.2019618E-15  -1.2440340E+00   2.9619029E-02   2.1613577E+01   2.4666196E-02   1.5504831E+00   3.9172475E-02  -5.7444457E-07  -1.3386363E-02
  7.0898170E-01   8.4860676E-03   4.6445634E+00   4.1792067E-15  -1.2455448E+00   2.9412876E-02   2.1652761E+01   2.4494652E-02   1.5542301E+00   3.9957278E-02  -1.2260805E-06  -1.3184701E-02
  7.1368410E-01   8.6483651E-03   4.6488485E+00   4.1636872E-15  -1.2470645E+00   2.9208638E-02   2.1692045E+01   2.4325115E-02   1.5580156E+00   4.0751825E-02  -1.9068481E-06  -1.2981930E-02
  7.1841040E-01   8.8121248E-03   4.6531406E+00   4.1488404E-15  -1.2485946E+00   2.9006319E-02   2.1731438E+01   2.4157945E-02   1.5618189E+00   4.1553758E-02  -2.4581225E-06  -1.2778096E-02
  7.2316020E-01   8.9773543E-03   4.6574402E+00   3.7499615E-15  -1.2501349E+00   2.8806490E-02   2.1770945E+01   2.3993266E-02   1.5656572E+00   4.2362829E-02  -2.8952766E-06  -1.2573265E-02
  7.2793300E-01   9.1422816E-03   4.6617478E+00   3.7404093E-15  -1.2516828E+00   2.8610335E-02   2.1810572E+01   2.3831134E-02   1.5695279E+00   4.3169770E-02  -3.3154676E-06  -1.2367537E-02
  7.3272850E-01   9.3050220E-03   4.6660660E+00   3.2053954E-15  -1.2532397E+00   2.8419334E-02   2.1850341E+01   2.3671548E-02   1.5734260E+00   4.3965241E-02  -3.8482713E-06  -1.2160737E-02
  7.3754630E-01   9.4642220E-03   4.6703979E+00   3.1875924E-15  -1.2548062E+00   2.8234644E-02   2.1890284E+01   2.3514643E-02   1.5773518E+00   4.4742673E-02  -4.5187366E-06  -1.1952779E-02
  7.4238600E-01   9.6193375E-03   4.6747456E+00   3.1649682E-15  -1.2563809E+00   2.8055456E-02   2.1930419E+01   2.3360711E-02   1.5812993E+00   4.5498388E-02  -5.1498443E-06  -1.1743884E-02
  7.4724730E-01   9.7713618E-03   4.6791105E+00   2.5637248E-15  -1.2579610E+00   2.7880940E-02   2.1970760E+01   2.3209630E-02   1.5852728E+00   4.6236069E-02  -5.7319279E-06  -1.1534395E-02
  7.5212970E-01   9.9216209E-03   4.6834932E+00   2.5605515E-15  -1.2595471E+00   2.7710811E-02   2.2011314E+01   2.3061308E-02   1.5892848E+00   4.6961785E-02  -6.3209168E-06  -1.1324251E-02
  7.5703290E-01   1.0070860E-02   4.6878939E+00   3.1200588E-15  -1.2611448E+00   2.7545978E-02   2.2052087E+01   2.2916260E-02   1.5933113E+00   4.7680086E-02  -6.9306146E-06  -1.1113253E-02
  7.6195650E-01   1.0218637E-02   4.6923116E+00   3.1057731E-15  -1.2627538E+00   2.7387517E-02   2.2093071E+01   2.2775233E-02   1.5973484E+00   4.8389328E-02  -7.5427068E-06  -1.0901424E-02
  7.6690000E-01   1.0365056E-02   4.6967448E+00   2.5437789E-15  -1.2643672E+00   2.7235629E-02   2.2134253E+01   2.2638781E-02   1.6014082E+00   4.9091268E-02  -8.0738021E-06  -1.0688987E-02
  7.7186310E-01   1.0510478E-02   4.7011918E+00   3.0756793E-15  -1.2659826E+00   2.7089531E-02   2.2175618E+01   2.2507479E-02   1.6054895E+00   4.9789559E-02  -8.5254691E-06  -1.0476206E-02
  7.7684530E-01   1.0653905E-02   4.7056487E+00   2.5304000E-15  -1.2675965E+00   2.6949053E-02   2.2217127E+01   2.2382092E-02   1.6095999E+00   5.0479009E-02  -9.0710788E-06  -1.0263163E-02
  7.8184630E-01   1.0793049E-02   4.7101109E+00   2.5267268E-15  -1.2692110E+00   2.6814745E-02   2.2258737E+01   2.2263162E-02   1.6137260E+00   5.1147343E-02  -9.7497354E-06  -1.0050268E-02
  7.8686570E-01   1.0927681E-02   4.7145729E+00   2.1592302E-15  -1.2708302E+00   2.6687823E-02   2.2300390E+01   2.2150415E-02   1.6178430E+00   5.1793064E-02  -1.0247745E-05  -9.8376877E-03
  7.9190300E-01   1.1058076E-02   4.7190314E+00   2.1520043E-15  -1.2724517E+00   2.6570553E-02   2.2342059E+01   2.2043856E-02   1.6219679E+00   5.2418001E-02  -1.0497842E-05  -9.6250685E-03
  7.9695790E-01   1.1182029E-02   4.7234869E+00   2.1529239E-15  -1.2740711E+00   2.6464127E-02   2.2383749E+01   2.1943983E-02   1.6261067E+00   5.3011771E-02  -1.0901713E-05  -9.4125740E-03
  8.0202990E-01   1.1297604E-02   4.7279403E+00   2.1438136E-15  -1.2756908E+00   2.6370545E-02   2.2425469E+01   2.1850794E-02   1.6302518E+00   5.3565239E-02  -1.1691707E-05  -9.2004725E-03
  8.0711880E-01   1.1405786E-02   4.7323932E+00   1.7891328E-15  -1.2773142E+00   2.6291839E-02   2.2467238E+01   2.1764575E-02   1.6343787E+00   5.4082654E-02  -1.2693992E-05  -8.9886395E-03
  8.1222400E-01   1.1508035E-02   4.7368466E+00   2.1396500E-15  -1.2789317E+00   2.6230502E-02   2.2509070E+01   2.1686422E-02   1.6384913E+00   5.4572181E-02  -1.3884130E-05  -8.7775749E-03
  8.1734520E-01   1.1604281E-02   4.7412992E+00   2.1310561E-15  -1.2805356E+00   2.6187367E-02   2.2550949E+01   2.1617940E-02   1.6425942E+00   5.5034513E-02  -1.5275234E-05  -8.5684608E-03
  8.2248210E-01   1.1694166E-02   4.7457465E+00   2.1344190E-15  -1.2821238E+00   2.6165135E-02   2.2592831E+01   2.1559099E-02   1.6466790E+00   5.5468579E-02  -1.6683440E-05  -8.3615463E-03
  8.2763410E-01   1.1778921E-02   4.7501855E+00   2.4807120E-15  -1.2836977E+00   2.6167277E-02   2.2634690E+01   2.1510047E-02   1.6507450E+00   5.5878612E-02  -1.8256548E-05  -8.1570412E-03
  8.3280110E-01   1.1856722E-02   4.7546160E+00   2.1242325E-15  -1.2852607E+00   2.6195494E-02   2.2676529E+01   2.1471662E-02   1.6547333E+00   5.6251803E-02  -2.0093586E-05  -7.9560201E-03
  8.3798250E-01   1.1925405E-02   4.7590401E+00   2.1157362E-15  -1.2868013E+00   2.6254984E-02   2.2718379E+01   2.1445190E-02   1.6586881E+00   5.6577200E-02  -2.2104260E-05  -7.7592820E-03
  8.4317810E-01   1.1982649E-02   4.7634652E+00   2.1200198E-15  -1.2883108E+00   2.6349041E-02   2.2760318E+01   2.1432967E-02   1.6626008E+00   5.6843727E-02  -2.4250479E-05  -7.5675642E-03
  8.4838740E-01   1.2023239E-02   4.7678978E+00   1.7688088E-15  -1.2897901E+00   2.6478994E-02   2.2802417E+01   2.1437920E-02   1.6664273E+00   5.7027143E-02  -2.6567374E-05  -7.3818156E-03
  8.5361020E-01   1.2042638E-02   4.7723442E+00   1.7684065E-15  -1.2912349E+00   2.6650175E-02   2.2844734E+01   2.1462902E-02   1.6701587E+00   5.7104542E-02  -2.9667815E-05  -7.2032713E-03
  8.5884610E-01   1.2033037E-02   4.7768102E+00   1.0704951E-15  -1.2926389E+00   2.6872008E-02   2.2887336E+01   2.1509897E-02   1.6737836E+00   5.7038882E-02  -3.3265241E-05  -7.0339958E-03
  8.6409480E-01   1.1991268E-02   4.7813025E+00   7.1936606E-16  -1.2939958E+00   2.7150427E-02   2.2930298E+01   2.1579757E-02   1.6772981E+00   5.6818361E-02  -3.6009203E-05  -6.8760374E-03
  8.6935590E-01   1.1916043E-02   4.7858350E+00   7.2133661E-16  -1.2953038E+00   2.7491857E-02   2.2973773E+01   2.1673270E-02   1.6806741E+00   5.6435630E-02  -3.7592220E-05  -6.7301533E-03
  8.7462910E-01   1.1808472E-02   4.7904367E+00   1.0681891E-15  -1.2965595E+00   2.7912124E-02   2.3018070E+01   2.1792760E-02   1.6839097E+00   5.5894135E-02  -3.8626052E-05  -6.5974926E-03
  8.7991420E-01   1.1668502E-02   4.7951414E+00   1.0719668E-15  -1.2977567E+00   2.8420298E-02   2.3063550E+01   2.1942294E-02   1.6869997E+00   5.5190875E-02  -3.9653519E-05  -6.4813925E-03
  8.8521090E-01   1.1498706E-02   4.7999882E+00   7.2206354E-16  -1.2988882E+00   2.9028970E-02   2.3110631E+01   2.2126221E-02   1.6899275E+00   5.4335401E-02  -4.1347862E-05  -6.3860203E-03
  8.9051880E-01   1.1302839E-02   4.8050289E+00   1.0583265E-15  -1.2999538E+00   2.9750742E-02   2.3159865E+01   2.2348698E-02   1.6926752E+00   5.3345364E-02  -4.4392166E-05  -6.3150691E-03
  8.9583780E-01   1.1075812E-02   4.8103280E+00   1.0661150E-15  -1.3009520E+00   3.0596916E-02   2.3211926E+01   2.2614140E-02   1.6952281E+00   5.2196453E-02  -4.9065203E-05  -6.2721087E-03
  9.0116760E-01   1.0816720E-02   4.8159526E+00   1.0620593E-15  -1.3018760E+00   3.1575223E-02   2.3267527E+01   2.2928978E-02   1.6975988E+00   5.0885804E-02  -5.4920079E-05  -6.2598254E-03
  9.0650780E-01   1.0534489E-02   4.8219865E+00   1.0633505E-15  -1.3027255E+00   3.2692138E-02   2.3327566E+01   2.3300310E-02   1.6997870E+00   4.9453696E-02  -6.0961819E-05  -6.2808371E-03
  9.1185830E-01   1.0237558E-02   4.8285340E+00   7.2305996E-16  -1.3035033E+00   3.3955208E-02   2.3393156E+01   2.3734512E-02   1.7017769E+00   4.7934813E-02  -6.6745670E-05  -6.3382596E-03
  9.1721880E-01   9.9341205E-03   4.8357293E+00   7.2669250E-16  -1.3042109E+00   3.5377544E-02   2.3465714E+01   2.4237806E-02   1.7035734E+00   4.6371129E-02  -7.2319775E-05  -6.4367341E-03
  9.2258930E-01   9.6213290E-03   4.8437299E+00   7.2603834E-16  -1.3048496E+00   3.6975041E-02   2.3546926E+01   2.4817698E-02   1.7051833E+00   4.4756252E-02  -7.7658278E-05  -6.5829853E-03
  9.2796940E-01   9.2853167E-03   4.8527057E+00   1.0606802E-15  -1.3054222E+00   3.8776927E-02   2.3638622E+01   2.5481861E-02   1.7066257E+00   4.3030450E-02  -8.2996890E-05  -6.7812518E-03
  9.3335920E-01   8.9248883E-03   4.8628427E+00   1.0633418E-15  -1.3059352E+00   4.0801113E-02   2.3742819E+01   2.6237233E-02   1.7079077E+00   4.1192830E-02  -8.7654407E-05  -7.0334252E-03
  9.3875830E-01   8.5503487E-03   4.8743415E+00   1.0644210E-15  -1.3063952E+00   4.3042659E-02   2.3861734E+01   2.7089820E-02   1.7090416E+00   3.9296932E-02  -9.1015106E-05  -7.3438492E-03
  9.4416660E-01   8.1767224E-03   4.8873955E+00   7.2495004E-16  -1.3068077E+00   4.5500531E-02   2.3997549E+01   2.8046900E-02   1.7100504E+00   3.7428440E-02  -9.3720659E-05  -7.7185832E-03
  9.4958410E-01   7.8109055E-03   4.9021850E+00   3.8411081E-16  -1.3071829E+00   4.8189677E-02   2.4152324E+01   2.9116182E-02   1.7109677E+00   3.5621135E-02  -9.6516007E-05  -8.1616809E-03
  9.5501070E-01   7.4671722E-03   4.9189026E+00   3.8651656E-16  -1.3075368E+00   5.1111267E-02   2.4328255E+01   3.0305294E-02   1.7118271E+00   3.3948495E-02  -1.0098975E-04  -8.6724159E-03
  9.6044620E-01   7.1507410E-03   4.9377540E+00   7.2451846E-16  -1.3078839E+00   5.4260358E-02   2.4527685E+01   3.1619867E-02   1.7126459E+00   3.2452198E-02  -1.0772613E-04  -9.2484708E-03
  9.6589070E-01   6.8480232E-03   4.9589205E+00   7.2647169E-16  -1.3082349E+00   5.7613595E-02   2.4752747E+01   3.3064097E-02   1.7134881E+00   3.1067685E-02  -1.1607467E-04  -9.8896115E-03
  9.7134400E-01   6.5482094E-03   4.9825446E+00   7.2119929E-16  -1.3085986E+00   6.1145906E-02   2.5005170E+01   3.4642121E-02   1.7143650E+00   2.9724790E-02  -1.2404854E-04  -1.0598113E-02
  9.7680620E-01   6.2528552E-03   5.0087488E+00   7.2045336E-16  -1.3089791E+00   6.4831479E-02   2.5286500E+01   3.6354900E-02   1.7152850E+00   2.8430816E-02  -1.2951734E-04  -1.1374141E-02
  9.8227720E-01   5.9564105E-03   5.0376361E+00   3.9359338E-16  -1.3093821E+00   6.8637172E-02   2.5598088E+01   3.8200259E-02   1.7162659E+00   2.7154956E-02  -1.3143142E-04  -1.2213273E-02
  9.8775720E-01   5.6549429E-03   5.0692864E+00   3.9025773E-16  -1.3098179E+00   7.2532500E-02   2.5940997E+01   4.0172986E-02   1.7173309E+00   2.5841383E-02  -1.3037270E-04  -1.3108797E-02
  9.9324620E-01   5.3492990E-03   5.1037708E+00   7.1658861E-16  -1.3102926E+00   7.6478557E-02   2.6316206E+01   4.2263822E-02   1.7185012E+00   2.4469518E-02  -1.2821413E-04  -1.4055467E-02
  9.9874410E-01   5.0589718E-03   5.1411102E+00   7.2486268E-16  -1.3108079E+00   8.0419096E-02   2.6724204E+01   4.4459513E-02   1.7197757E+00   2.3155136E-02  -1.2778095E-04  -1.5050345E-02
  1.0042510E+00   4.8042083E-03   5.1812938E+00   1.0529783E-15  -1.3113659E+00   8.4328595E-02   2.7165161E+01   4.6744824E-02   1.7211671E+00   2.2016363E-02  -1.3026428E-04  -1.6089548E-02
  1.0097670E+00   4.5732351E-03   5.2242774E+00   1.0518899E-15  -1.3119682E+00   8.8185549E-02   2.7638874E+01   4.9104662E-02   1.7226707E+00   2.1019663E-02  -1.3421159E-04  -1.7164280E-02
  1.0152930E+00   4.3447155E-03   5.2699668E+00   1.0513445E-15  -1.3126148E+00   9.1935026E-02   2.8144553E+01   5.1524104E-02   1.7242977E+00   2.0064400E-02  -1.4046799E-04  -1.8264008E-02
  1.0208280E+00   4.1177341E-03   5.3182335E+00   1.0512226E-15  -1.3133077E+00   9.5509647E-02   2.8680999E+01   5.3983297E-02   1.7260399E+00   1.9133254E-02  -1.4806135E-04  -1.9379696E-02
  1.0263730E+00   3.8965384E-03   5.3689074E+00   1.0489951E-15  -1.3140415E+00   9.8885935E-02   2.9246566E+01   5.6463114E-02   1.7279005E+00   1.8244850E-02  -1.5254494E-04  -2.0503149E-02
  1.0319270E+00   3.6726722E-03   5.4217549E+00   1.0574927E-15  -1.3148113E+00   1.0204711E-01   2.9838879E+01   5.8943738E-02   1.7298580E+00   1.7327617E-02  -1.5450451E-04  -2.1628495E-02
  1.0374920E+00   3.4230121E-03   5.4764954E+00   1.0433041E-15  -1.3156114E+00   1.0497000E-01   3.0455027E+01   6.1403160E-02   1.7318956E+00   1.6241843E-02  -1.5729225E-04  -2.2748942E-02
  1.0430660E+00   3.1282309E-03   5.5328193E+00   1.0533124E-15  -1.3164333E+00   1.0763014E-01   3.1091738E+01   6.3818086E-02   1.7339970E+00   1.4857932E-02  -1.6065322E-04  -2.3851288E-02
  1.0486520E+00   2.7825706E-03   5.5903821E+00   1.0519659E-15  -1.3172710E+00   1.0998443E-01   3.1745295E+01   6.6165905E-02   1.7361410E+00   1.3135122E-02  -1.6239733E-04  -2.4920167E-02
  1.0542480E+00   2.4113270E-03   5.6488347E+00   7.2756282E-16  -1.3181167E+00   1.1199209E-01   3.2411847E+01   6.8427471E-02   1.7383074E+00   1.1215105E-02  -1.6439869E-04  -2.5946755E-02
  1.0598550E+00   2.0488265E-03   5.7078450E+00   7.2911177E-16  -1.3189613E+00   1.1365214E-01   3.3087768E+01   7.0583568E-02   1.7404751E+00   9.3075767E-03  -1.7106701E-04  -2.6927589E-02
  1.0654740E+00   1.7009702E-03   5.7670600E+00   7.2159926E-16  -1.3197981E+00   1.1497066E-01   3.3769162E+01   7.2613210E-02   1.7426274E+00   7.4706274E-03  -1.8209129E-04  -2.7855311E-02
  1.0711040E+00   1.3626941E-03   5.8260825E+00   7.3050074E-16  -1.3206207E+00   1.1594568E-01   3.4451479E+01   7.4497258E-02   1.7447484E+00   5.6591102E-03  -1.9321003E-04  -2.8725605E-02
  1.0767470E+00   1.0167191E-03   5.8845681E+00   7.2136492E-16  -1.3214217E+00   1.1658889E-01   3.5130726E+01   7.6220670E-02   1.7468172E+00   3.7470064E-03  -1.9991568E-04  -2.9541237E-02
  1.0824030E+00   6.6110109E-04   5.9422051E+00   7.2260030E-16  -1.3221942E+00   1.1691887E-01   3.5803263E+01   7.7772403E-02   1.7488126E+00   1.7344789E-03  -2.0123505E-04  -3.0301312E-02
  1.0880710E+00   2.9284351E-04   5.9986537E+00   7.2358354E-16  -1.3229291E+00   1.1693743E-01   3.6465056E+01   7.9144506E-02   1.7507139E+00  -3.7935676E-04  -2.0053459E-04  -3.0999975E-02
  1.0937530E+00  -9.2951448E-05   6.0535951E+00   7.1936050E-16  -1.3236218E+00   1.1665966E-01   3.7112251E+01   8.0331399E-02   1.7525066E+00  -2.6393195E-03  -2.0219547E-04  -3.1633234E-02
  1.0994490E+00  -5.0263578E-04   6.1067505E+00   7.2157181E-16  -1.3242710E+00   1.1610335E-01   3.7741424E+01   8.1328357E-02   1.7541852E+00  -5.0932490E-03  -2.0813032E-04  -3.2198671E-02
  1.1051590E+00  -9.3432032E-04   6.1579031E+00   7.2088030E-16  -1.3248743E+00   1.1530923E-01   3.8349849E+01   8.2130329E-02   1.7557483E+00  -7.7158004E-03  -2.1670151E-04  -3.2698072E-02
  1.1108840E+00  -1.3732045E-03   6.2068703E+00   7.2536689E-16  -1.3254299E+00   1.1431187E-01   3.8935197E+01   8.2737860E-02   1.7571879E+00  -1.0402967E-02  -2.2379647E-04  -3.3134597E-02
  1.1166240E+00  -1.8226046E-03   6.2535012E+00   7.2087276E-16  -1.3259376E+00   1.1313410E-01   3.9495443E+01   8.3156035E-02   1.7585043E+00  -1.3162445E-02  -2.2518022E-04  -3.3508185E-02
  1.1223800E+00  -2.2980780E-03   6.2976965E+00   1.0367598E-15  -1.3263985E+00   1.1179219E-01   4.0029132E+01   8.3389404E-02   1.7596985E+00  -1.6076506E-02  -2.1906632E-04  -3.3822449E-02
  1.1281530E+00  -2.7986155E-03   6.3393961E+00   1.0339696E-15  -1.3268147E+00   1.1030486E-01   4.0535256E+01   8.3444770E-02   1.7607790E+00  -1.9139289E-02  -2.0873120E-04  -3.4083020E-02
  1.1339430E+00  -3.3141892E-03   6.3785970E+00   1.0367546E-15  -1.3271887E+00   1.0867858E-01   4.1013467E+01   8.3332832E-02   1.7617500E+00  -2.2294944E-02  -1.9760712E-04  -3.4291580E-02
  1.1397500E+00  -3.8519558E-03   6.4153476E+00   1.6260806E-15  -1.3275225E+00   1.0692999E-01   4.1464130E+01   8.3065037E-02   1.7626165E+00  -2.5591616E-02  -1.8520009E-04  -3.4449030E-02
  1.1455760E+00  -4.4117241E-03   6.4496895E+00   1.9732241E-15  -1.3278178E+00   1.0509614E-01   4.1887546E+01   8.2653922E-02   1.7633833E+00  -2.9046137E-02  -1.7074990E-04  -3.4557688E-02
  1.1514200E+00  -4.9924017E-03   6.4817098E+00   1.9676153E-15  -1.3280782E+00   1.0321224E-01   4.2284463E+01   8.2112485E-02   1.7640587E+00  -3.2677214E-02  -1.5664057E-04  -3.4624180E-02
  1.1572840E+00  -5.5655960E-03   6.5114975E+00   1.6190271E-15  -1.3283058E+00   1.0129442E-01   4.2655726E+01   8.1453040E-02   1.7646487E+00  -3.6324544E-02  -1.4458388E-04  -3.4653244E-02
  1.1631680E+00  -6.0943794E-03   6.5391664E+00   1.9610715E-15  -1.3285016E+00   9.9332070E-02   4.3002444E+01   8.0687303E-02   1.7651570E+00  -3.9741343E-02  -1.3390778E-04  -3.4643999E-02
  1.1690730E+00  -6.5537189E-03   6.5648649E+00   1.6163306E-15  -1.3286679E+00   9.7349935E-02   4.3326149E+01   7.9826976E-02   1.7655896E+00  -4.2741430E-02  -1.2283653E-04  -3.4597391E-02
  1.1750000E+00  -6.9463863E-03   6.5887490E+00   1.0310267E-15  -1.3288076E+00   9.5379795E-02   4.3628517E+01   7.8886658E-02   1.7659531E+00  -4.5328085E-02  -1.1100046E-04  -3.4520069E-02
  1.1809480E+00  -7.2897211E-03   6.6109679E+00   1.0287040E-15  -1.3289242E+00   9.3425364E-02   4.3911245E+01   7.7879230E-02   1.7662564E+00  -4.7603244E-02  -1.0021394E-04  -3.4415933E-02
  1.1869200E+00  -7.6034367E-03   6.6316559E+00   7.2590169E-16  -1.3290218E+00   9.1490290E-02   4.4175861E+01   7.6815190E-02   1.7665095E+00  -4.9678509E-02  -9.1123997E-05  -3.4284273E-02
  1.1929150E+00  -7.9057874E-03   6.6509588E+00   7.1875304E-16  -1.3291044E+00   8.9583044E-02   4.4424031E+01   7.5703765E-02   1.7667234E+00  -5.1685005E-02  -8.2478113E-05  -3.4128532E-02
  1.1989340E+00  -8.2049569E-03   6.6690213E+00   7.2535764E-16  -1.3291751E+00   8.7718205E-02   4.4657416E+01   7.4554222E-02   1.7669065E+00  -5.3694961E-02  -7.4085983E-05  -3.3953416E-02
  1.2049780E+00  -8.5070056E-03   6.6860000E+00   7.2242772E-16  -1.3292355E+00   8.5903429E-02   4.4877807E+01   7.3378553E-02   1.7670642E+00  -5.5746466E-02  -6.6427921E-05  -3.3762924E-02
  1.2110480E+00  -8.8101219E-03   6.7020498E+00   4.2313400E-16  -1.3292875E+00   8.4137015E-02   4.5087034E+01   7.2185884E-02   1.7672011E+00  -5.7833612E-02  -6.0908424E-05  -3.3561834E-02
  1.2171440E+00  -9.1052612E-03   6.7172873E+00   4.2255349E-16  -1.3293338E+00   8.2418022E-02   4.5286494E+01   7.0982547E-02   1.7673206E+00  -5.9901316E-02  -5.8598719E-05  -3.3352067E-02
  1.2232680E+00  -9.3875077E-03   6.7318127E+00   7.2166050E-16  -1.3293746E+00   8.0743640E-02   4.5477365E+01   6.9774717E-02   1.7674258E+00  -6.1914159E-02  -5.8587543E-05  -3.3134063E-02
  1.2294190E+00  -9.6557785E-03   6.7457208E+00   7.2531023E-16  -1.3294102E+00   7.9110731E-02   4.5660779E+01   6.8568159E-02   1.7675196E+00  -6.3846832E-02  -5.9652870E-05  -3.2907249E-02
  1.2356000E+00  -9.9135575E-03   6.7591020E+00   7.2670107E-16  -1.3294417E+00   7.7523336E-02   4.5837853E+01   6.7367256E-02   1.7676017E+00  -6.5709898E-02  -6.1364973E-05  -3.2670780E-02
  1.2418090E+00  -1.0160148E-02   6.7720263E+00   4.2779969E-16  -1.3294698E+00   7.5990868E-02   4.6009451E+01   6.6175785E-02   1.7676751E+00  -6.7498941E-02  -6.2303285E-05  -3.2425745E-02
  1.2480490E+00  -1.0391754E-02   6.7845416E+00   4.3342939E-16  -1.3294946E+00   7.4512893E-02   4.6176147E+01   6.4995880E-02   1.7677388E+00  -6.9187234E-02  -6.1842964E-05  -3.2174177E-02
  1.2543190E+00  -1.0604384E-02   6.7966844E+00   4.4126387E-16  -1.3295165E+00   7.3082101E-02   4.6338365E+01   6.3831621E-02   1.7677966E+00  -7.0747987E-02  -6.1212675E-05  -3.1918978E-02
  1.2606210E+00  -1.0796498E-02   6.8084837E+00   1.5074744E-16  -1.3295362E+00   7.1686102E-02   4.6496454E+01   6.2688837E-02   1.7678485E+00  -7.2170048E-02  -6.0094838E-05  -3.1661595E-02
  1.2669560E+00  -1.0969181E-02   6.8199692E+00  -1.0295235E-16  -1.3295554E+00   7.0326717E-02   4.6650762E+01   6.1570875E-02   1.7678996E+00  -7.3454866E-02  -5.7903967E-05  -3.1401463E-02
  1.2733230E+00  -1.1127368E-02   6.8311782E+00  -9.3163868E-17  -1.3295744E+00   6.9011039E-02   4.6801728E+01   6.0478758E-02   1.7679484E+00  -7.4630354E-02  -5.6211021E-05  -3.1138096E-02
  1.2797240E+00  -1.1280796E-02   6.8421495E+00  -1.2399228E-16  -1.3295930E+00   6.7743250E-02   4.6949829E+01   5.9412217E-02   1.7679977E+00  -7.5767403E-02  -5.5498913E-05  -3.0872077E-02
  1.2861600E+00  -1.1429410E-02   6.8529070E+00  -4.5569070E-16  -1.3296110E+00   6.6526005E-02   4.7095369E+01   5.8370553E-02   1.7680461E+00  -7.6873369E-02  -5.5312603E-05  -3.0603266E-02
  1.2926310E+00  -1.1573479E-02   6.8634703E+00  -6.7847711E-16  -1.3296289E+00   6.5357946E-02   4.7238596E+01   5.7354084E-02   1.7680925E+00  -7.7951701E-02  -5.6047832E-05  -3.0330486E-02
  1.2991380E+00  -1.1715741E-02   6.8738679E+00  -4.4469599E-16  -1.3296471E+00   6.4238615E-02   4.7379872E+01   5.6363908E-02   1.7681388E+00  -7.9018496E-02  -5.7912507E-05  -3.0053605E-02
  1.3056810E+00  -1.1860872E-02   6.8841190E+00  -4.3373048E-16  -1.3296651E+00   6.3164933E-02   4.7519443E+01   5.5400972E-02   1.7681866E+00  -8.0105148E-02  -6.0773099E-05  -2.9773806E-02
  1.3122620E+00  -1.2010128E-02   6.8942401E+00  -3.7690568E-16  -1.3296835E+00   6.2133919E-02   4.7657507E+01   5.4465232E-02   1.7682349E+00  -8.1224542E-02  -6.4130504E-05  -2.9491360E-02
  1.3188810E+00  -1.2167947E-02   6.9042494E+00  -3.6944596E-16  -1.3297018E+00   6.1142141E-02   4.7794275E+01   5.3555360E-02   1.7682833E+00  -8.2404809E-02  -6.6874690E-05  -2.9206138E-02
  1.3255380E+00  -1.2333373E-02   6.9141653E+00  -6.3740158E-16  -1.3297207E+00   6.0184505E-02   4.7929987E+01   5.2669606E-02   1.7683325E+00  -8.3637885E-02  -6.8287049E-05  -2.8918260E-02
  1.3322340E+00  -1.2499864E-02   6.9239983E+00  -4.0909805E-16  -1.3297402E+00   5.9261193E-02   4.8064786E+01   5.1805573E-02   1.7683833E+00  -8.4884279E-02  -6.8864783E-05  -2.8628539E-02
  1.3389700E+00  -1.2666782E-02   6.9337490E+00  -6.2166836E-16  -1.3297599E+00   5.8369065E-02   4.8198674E+01   5.0962325E-02   1.7684359E+00  -8.6141382E-02  -6.9152100E-05  -2.8337067E-02
  1.3457470E+00  -1.2836181E-02   6.9434195E+00  -6.1575017E-16  -1.3297804E+00   5.7498569E-02   4.8331671E+01   5.0138749E-02   1.7684897E+00  -8.7420581E-02  -6.9614994E-05  -2.8043197E-02
  1.3525650E+00  -1.3002326E-02   6.9530086E+00  -6.0635159E-16  -1.3298009E+00   5.6643298E-02   4.8463752E+01   4.9333516E-02   1.7685451E+00  -8.8678368E-02  -7.1493321E-05  -2.7747397E-02
  1.3594240E+00  -1.3163399E-02   6.9625109E+00  -5.9686630E-16  -1.3298221E+00   5.5805754E-02   4.8594839E+01   4.8546282E-02   1.7686009E+00  -8.9899564E-02  -7.4223742E-05  -2.7449842E-02
  1.3663250E+00  -1.3319628E-02   6.9719256E+00  -8.5034252E-16  -1.3298434E+00   5.4987481E-02   4.8724913E+01   4.7776205E-02   1.7686573E+00  -9.1085893E-02  -7.6200137E-05  -2.7150131E-02
  1.3732690E+00  -1.3467781E-02   6.9812518E+00  -8.5906127E-16  -1.3298655E+00   5.4185972E-02   4.8853954E+01   4.7022737E-02   1.7687151E+00  -9.2217426E-02  -7.7218917E-05  -2.6848717E-02
  1.3802560E+00  -1.3603216E-02   6.9904838E+00  -1.0926351E-15  -1.3298882E+00   5.3401348E-02   4.8981875E+01   4.6285390E-02   1.7687755E+00  -9.3261660E-02  -7.7424936E-05  -2.6546099E-02
  1.3872870E+00  -1.3725273E-02   6.9996186E+00  -1.0790445E-15  -1.3299112E+00   5.2637363E-02   4.9108621E+01   4.5563522E-02   1.7688355E+00  -9.4212305E-02  -7.6992636E-05  -2.6242200E-02
  1.3943620E+00  -1.3834863E-02   7.0086550E+00  -1.2949050E-15  -1.3299346E+00   5.1892403E-02   4.9234174E+01   4.4856352E-02   1.7688965E+00  -9.5076742E-02  -7.6812153E-05  -2.5936159E-02
  1.4014810E+00  -1.3932089E-02   7.0175973E+00  -1.5706838E-15  -1.3299581E+00   5.1165450E-02   4.9358583E+01   4.4162239E-02   1.7689591E+00  -9.5854627E-02  -7.7523971E-05  -2.5626875E-02
  1.4086460E+00  -1.4020428E-02   7.0264562E+00  -1.5546248E-15  -1.3299817E+00   5.0460059E-02   4.9481992E+01   4.3479388E-02   1.7690220E+00  -9.6569766E-02  -7.9228218E-05  -2.5314595E-02
  1.4158560E+00  -1.4104833E-02   7.0352402E+00  -1.2538663E-15  -1.3300059E+00   4.9774969E-02   4.9604511E+01   4.2807175E-02   1.7690863E+00  -9.7259797E-02  -8.1277702E-05  -2.5000877E-02
  1.4231130E+00  -1.4190921E-02   7.0439458E+00  -1.0256786E-15  -1.3300312E+00   4.9102640E-02   4.9726088E+01   4.2145762E-02   1.7691526E+00  -9.7963929E-02  -8.3150613E-05  -2.4685736E-02
  1.4304150E+00  -1.4282955E-02   7.0525699E+00  -1.0055689E-15  -1.3300567E+00   4.8436451E-02   4.9846675E+01   4.1494291E-02   1.7692190E+00  -9.8711037E-02  -8.4696590E-05  -2.4367616E-02
  1.4377640E+00  -1.4376587E-02   7.0611110E+00  -7.6782384E-16  -1.3300817E+00   4.7774607E-02   4.9966250E+01   4.0851439E-02   1.7692860E+00  -9.9468561E-02  -8.5878070E-05  -2.4046345E-02
  1.4451590E+00  -1.4468394E-02   7.0695688E+00  -9.9004902E-16  -1.3301070E+00   4.7118712E-02   5.0084802E+01   4.0217461E-02   1.7693528E+00  -1.0021400E-01  -8.7018883E-05  -2.3722993E-02
  1.4526020E+00  -1.4558372E-02   7.0779352E+00  -9.7781246E-16  -1.3301328E+00   4.6468746E-02   5.0202209E+01   3.9592877E-02   1.7694216E+00  -1.0094668E-01  -8.8037573E-05  -2.3398105E-02
  1.4600920E+00  -1.4647045E-02   7.0862038E+00  -9.6432808E-16  -1.3301584E+00   4.5821915E-02   5.0318369E+01   3.8977832E-02   1.7694901E+00  -1.0166793E-01  -8.8291389E-05  -2.3071243E-02
  1.4676290E+00  -1.4730321E-02   7.0943720E+00  -7.1639037E-16  -1.3301844E+00   4.5178792E-02   5.0433239E+01   3.8371328E-02   1.7695601E+00  -1.0235103E-01  -8.7845343E-05  -2.2741882E-02
  1.4752140E+00  -1.4806034E-02   7.1024431E+00  -4.6863584E-16  -1.3302114E+00   4.4539349E-02   5.0546861E+01   3.7771747E-02   1.7696300E+00  -1.0298185E-01  -8.7706842E-05  -2.2409939E-02
  1.4828460E+00  -1.4879638E-02   7.1104160E+00  -7.0959272E-16  -1.3302386E+00   4.3899705E-02   5.0659217E+01   3.7179540E-02   1.7697032E+00  -1.0360034E-01  -8.8253921E-05  -2.2076346E-02
  1.4905260E+00  -1.4952502E-02   7.1182858E+00  -1.1372625E-15  -1.3302662E+00   4.3262171E-02   5.0770242E+01   3.6594933E-02   1.7697757E+00  -1.0421945E-01  -8.9023692E-05  -2.1741591E-02
  1.4982550E+00  -1.5025631E-02   7.1260542E+00  -1.1220304E-15  -1.3302938E+00   4.2632071E-02   5.0879951E+01   3.6018368E-02   1.7698492E+00  -1.0485029E-01  -8.9587507E-05  -2.1404695E-02
  1.5060310E+00  -1.5098905E-02   7.1337264E+00  -1.1126307E-15  -1.3303215E+00   4.2010998E-02   5.0988407E+01   3.5448886E-02   1.7699234E+00  -1.0549267E-01  -8.9634071E-05  -2.1065147E-02
  1.5138550E+00  -1.5168522E-02   7.1413076E+00  -1.1010689E-15  -1.3303492E+00   4.1399252E-02   5.1095677E+01   3.4885709E-02   1.7699984E+00  -1.0611906E-01  -8.9457144E-05  -2.0722567E-02
  1.5217280E+00  -1.5238935E-02   7.1487963E+00  -1.3464868E-15  -1.3303776E+00   4.0797544E-02   5.1201740E+01   3.4329153E-02   1.7700729E+00  -1.0675723E-01  -8.9545110E-05  -2.0377330E-02
  1.5296480E+00  -1.5317323E-02   7.1561966E+00  -1.4587371E-15  -1.3304060E+00   4.0204925E-02   5.1306653E+01   3.3779116E-02   1.7701491E+00  -1.0745762E-01  -8.9665888E-05  -2.0030866E-02
  1.5376170E+00  -1.5408658E-02   7.1635072E+00  -1.4417258E-15  -1.3304345E+00   3.9620508E-02   5.1410399E+01   3.3235552E-02   1.7702265E+00  -1.0825596E-01  -8.9480681E-05  -1.9683144E-02
  1.5456330E+00  -1.5509999E-02   7.1707302E+00  -1.0899973E-15  -1.3304640E+00   3.9045631E-02   5.1512992E+01   3.2697626E-02   1.7703045E+00  -1.0913213E-01  -8.9119011E-05  -1.9333365E-02
  1.5536970E+00  -1.5606881E-02   7.1778603E+00  -1.0794757E-15  -1.3304932E+00   3.8481513E-02   5.1614353E+01   3.2165117E-02   1.7703833E+00  -1.0998217E-01  -8.8820643E-05  -1.8981070E-02
  1.5618080E+00  -1.5688472E-02   7.1848904E+00  -1.0701102E-15  -1.3305230E+00   3.7929539E-02   5.1714377E+01   3.1639443E-02   1.7704625E+00  -1.1072565E-01  -8.8491580E-05  -1.8626085E-02
  1.5699660E+00  -1.5749740E-02   7.1918168E+00  -8.3069955E-16  -1.3305536E+00   3.7391287E-02   5.1813009E+01   3.1120083E-02   1.7705432E+00  -1.1132156E-01  -8.7780190E-05  -1.8269073E-02
  1.5781720E+00  -1.5793488E-02   7.1986375E+00  -8.2115607E-16  -1.3305838E+00   3.6863715E-02   5.1910215E+01   3.0606477E-02   1.7706240E+00  -1.1178734E-01  -8.6379383E-05  -1.7910784E-02
  1.5864250E+00  -1.5818581E-02   7.2053456E+00  -8.1085309E-16  -1.3306148E+00   3.6340099E-02   5.2005891E+01   3.0099171E-02   1.7707060E+00  -1.1211468E-01  -8.4714147E-05  -1.7551193E-02
  1.5947230E+00  -1.5825110E-02   7.2119361E+00  -9.9596080E-16  -1.3306466E+00   3.5818980E-02   5.2099955E+01   2.9596899E-02   1.7707900E+00  -1.1230356E-01  -8.3607337E-05  -1.7189491E-02
  1.6030690E+00  -1.5820376E-02   7.2184132E+00  -8.0081303E-16  -1.3306782E+00   3.5307231E-02   5.2192462E+01   2.9098762E-02   1.7708740E+00  -1.1240238E-01  -8.3516461E-05  -1.6825469E-02
  1.6114590E+00  -1.5809520E-02   7.2247825E+00  -9.7782664E-16  -1.3307102E+00   3.4809090E-02   5.2283486E+01   2.8604853E-02   1.7709585E+00  -1.1244898E-01  -8.4194560E-05  -1.6459644E-02
  1.6198960E+00  -1.5794107E-02   7.2310511E+00  -9.6505821E-16  -1.3307422E+00   3.4327386E-02   5.2373131E+01   2.8112607E-02   1.7710433E+00  -1.1245717E-01  -8.4472513E-05  -1.6091818E-02
  1.6283770E+00  -1.5773479E-02   7.2372188E+00  -5.7274343E-16  -1.3307744E+00   3.3863769E-02   5.2461398E+01   2.7621492E-02   1.7711291E+00  -1.1242250E-01  -8.3567928E-05  -1.5722029E-02
  1.6369020E+00  -1.5743637E-02   7.2432798E+00  -5.6277529E-16  -1.3308071E+00   3.3413289E-02   5.2548200E+01   2.7131029E-02   1.7712164E+00  -1.1231501E-01  -8.2013050E-05  -1.5350524E-02
  1.6454720E+00  -1.5700554E-02   7.2492361E+00  -7.5929666E-16  -1.3308397E+00   3.2973885E-02   5.2633566E+01   2.6640821E-02   1.7713018E+00  -1.1210893E-01  -8.0740433E-05  -1.4976780E-02
  1.6540850E+00  -1.5646558E-02   7.2550845E+00  -9.3094475E-16  -1.3308722E+00   3.2549718E-02   5.2717441E+01   2.6151201E-02   1.7713898E+00  -1.1181964E-01  -8.0024035E-05  -1.4600328E-02
  1.6627410E+00  -1.5584833E-02   7.2608265E+00  -7.4553508E-16  -1.3309052E+00   3.2138829E-02   5.2799842E+01   2.5661876E-02   1.7714764E+00  -1.1146725E-01  -7.9329885E-05  -1.4222432E-02
  1.6714380E+00  -1.5521349E-02   7.2664647E+00  -5.2795812E-16  -1.3309379E+00   3.1741685E-02   5.2880797E+01   2.5171289E-02   1.7715646E+00  -1.1109747E-01  -7.8306152E-05  -1.3843656E-02
  1.6801780E+00  -1.5460461E-02   7.2720003E+00  -3.1395772E-16  -1.3309713E+00   3.1364114E-02   5.2960323E+01   2.4678765E-02   1.7716541E+00  -1.1074032E-01  -7.7067961E-05  -1.3462987E-02
  1.6889580E+00  -1.5401951E-02   7.2774324E+00  -1.3796041E-16  -1.3310052E+00   3.1008848E-02   5.3038403E+01   2.4183086E-02   1.7717440E+00  -1.1039312E-01  -7.5848510E-05  -1.3080725E-02
  1.6977780E+00  -1.5346150E-02   7.2827528E+00  -1.0089819E-16  -1.3310392E+00   3.0676218E-02   5.3114926E+01   2.3684211E-02   1.7718339E+00  -1.1005558E-01  -7.4654564E-05  -1.2696787E-02
  1.7066380E+00  -1.5286617E-02   7.2879553E+00   1.3302999E-16  -1.3310730E+00   3.0363324E-02   5.3189795E+01   2.3182374E-02   1.7719239E+00  -1.0968387E-01  -7.3067039E-05  -1.2310311E-02
  1.7155360E+00  -1.5219106E-02   7.2930490E+00   1.3351081E-16  -1.3311069E+00   3.0065890E-02   5.3263133E+01   2.2678893E-02   1.7720132E+00  -1.0925122E-01  -7.1134452E-05  -1.1920983E-02
  1.7244720E+00  -1.5149037E-02   7.2980478E+00   1.4021216E-16  -1.3311406E+00   2.9777560E-02   5.3335139E+01   2.2172762E-02   1.7721031E+00  -1.0879809E-01  -6.9542240E-05  -1.1529573E-02
  1.7334450E+00  -1.5081968E-02   7.3029552E+00   1.4378192E-16  -1.3311746E+00   2.9494698E-02   5.3405862E+01   2.1662144E-02   1.7721932E+00  -1.0836721E-01  -6.8109548E-05  -1.1137132E-02
  1.7424540E+00  -1.5014692E-02   7.3077759E+00   1.4517570E-16  -1.3312084E+00   2.9218144E-02   5.3475360E+01   2.1146246E-02   1.7722846E+00  -1.0793961E-01  -6.6116179E-05  -1.0743242E-02
  1.7514970E+00  -1.4936672E-02   7.3125179E+00   1.2068125E-16  -1.3312429E+00   2.8948394E-02   5.3543740E+01   2.0624521E-02   1.7723761E+00  -1.0743999E-01  -6.3642025E-05  -1.0347493E-02
  1.7605750E+00  -1.4849734E-02   7.3171923E+00   1.4900532E-16  -1.3312770E+00   2.8686573E-02   5.3611166E+01   2.0096225E-02   1.7724679E+00  -1.0688086E-01  -6.0936231E-05  -9.9493640E-03
  1.7696860E+00  -1.4758081E-02   7.3217986E+00   1.2347699E-16  -1.3313113E+00   2.8430718E-02   5.3677634E+01   1.9562065E-02   1.7725590E+00  -1.0629082E-01  -5.8110835E-05  -9.5495768E-03
  1.7788290E+00  -1.4664254E-02   7.3263312E+00   1.5119921E-16  -1.3313456E+00   2.8178700E-02   5.3743065E+01   1.9020568E-02   1.7726505E+00  -1.0568635E-01  -5.5580905E-05  -9.1486843E-03
  1.7880030E+00  -1.4567515E-02   7.3307956E+00  -6.9950684E-17  -1.3313800E+00   2.7932310E-02   5.3807553E+01   1.8470169E-02   1.7727419E+00  -1.0506391E-01  -5.3422288E-05  -8.7465168E-03
  1.7972070E+00  -1.4468404E-02   7.3351891E+00   1.5482773E-16  -1.3314152E+00   2.7695480E-02   5.3871055E+01   1.7909632E-02   1.7728345E+00  -1.0442616E-01  -5.1166016E-05  -8.3427424E-03
  1.8064400E+00  -1.4368128E-02   7.3395090E+00   1.3274002E-16  -1.3314514E+00   2.7468068E-02   5.3933527E+01   1.7336951E-02   1.7729289E+00  -1.0377814E-01  -4.8797569E-05  -7.9373371E-03
  1.8157010E+00  -1.4270458E-02   7.3437588E+00  -6.4493963E-17  -1.3314871E+00   2.7247453E-02   5.3995024E+01   1.6750150E-02   1.7730232E+00  -1.0314403E-01  -4.6561844E-05  -7.5306567E-03
  1.8249880E+00  -1.4180683E-02   7.3479355E+00  -9.2358824E-17  -1.3315222E+00   2.7032741E-02   5.4055502E+01   1.6146128E-02   1.7731161E+00  -1.0256462E-01  -4.4357054E-05  -7.1228102E-03
  1.8343000E+00  -1.4103539E-02   7.3520324E+00  -4.4752099E-16  -1.3315572E+00   2.6829020E-02   5.4114861E+01   1.5522034E-02   1.7732087E+00  -1.0207464E-01  -4.2168983E-05  -6.7135634E-03
  1.8436370E+00  -1.4038905E-02   7.3560511E+00  -2.4960611E-16  -1.3315918E+00   2.6642922E-02   5.4173120E+01   1.4872525E-02   1.7732997E+00  -1.0167168E-01  -4.0076381E-05  -6.3027853E-03
  1.8529960E+00  -1.3979193E-02   7.3599874E+00  -8.3419767E-17  -1.3316260E+00   2.6481875E-02   5.4230225E+01   1.4192853E-02   1.7733904E+00  -1.0130025E-01  -3.8212962E-05  -5.8900433E-03
  1.8623770E+00  -1.3919445E-02   7.3638432E+00  -5.0576787E-17  -1.3316604E+00   2.6352393E-02   5.4286202E+01   1.3478052E-02   1.7734817E+00  -1.0092276E-01  -3.6286813E-05  -5.4755649E-03
  1.8717790E+00  -1.3854827E-02   7.3676149E+00   1.6693045E-16  -1.3316954E+00   2.6258458E-02   5.4341003E+01   1.2721708E-02   1.7735742E+00  -1.0050019E-01  -3.3650313E-05  -5.0594700E-03
  1.8811990E+00  -1.3777371E-02   7.3713229E+00   1.6829647E-16  -1.3317290E+00   2.6205189E-02   5.4394947E+01   1.1916580E-02   1.7736635E+00  -9.9972800E-02  -3.0536153E-05  -4.6411092E-03
  1.8906370E+00  -1.3680948E-02   7.3749929E+00   1.6998281E-16  -1.3317613E+00   2.6201407E-02   5.4448413E+01   1.1056566E-02   1.7737505E+00  -9.9297919E-02  -2.7814561E-05  -4.2195273E-03
  1.9000920E+00  -1.3566609E-02   7.3786447E+00   1.4529579E-16  -1.3317941E+00   2.6263150E-02   5.4501701E+01   1.0134230E-02   1.7738370E+00  -9.8484638E-02  -2.5582703E-05  -3.7945280E-03
  1.9095610E+00  -1.3442260E-02   7.3823290E+00  -4.7088497E-17  -1.3318273E+00   2.6416763E-02   5.4555571E+01   9.1413716E-03   1.7739233E+00  -9.7595138E-02  -2.3587764E-05  -3.3656993E-03
  1.9190440E+00  -1.3320127E-02   7.3861120E+00  -4.6156018E-17  -1.3318594E+00   2.6688518E-02   5.4611021E+01   8.0711028E-03   1.7740076E+00  -9.6723226E-02  -2.1648705E-05  -2.9328281E-03
  1.9285390E+00  -1.3209461E-02   7.3900614E+00   1.7427294E-16  -1.3318902E+00   2.7106115E-02   5.4669087E+01   6.9200800E-03   1.7740898E+00  -9.5940426E-02  -1.9864906E-05  -2.4962635E-03
  1.9380450E+00  -1.3117478E-02   7.3942468E+00  -4.0691718E-17  -1.3319203E+00   2.7706859E-02   5.4730849E+01   5.6899202E-03   1.7741680E+00  -9.5308038E-02  -1.7465630E-05  -2.0568659E-03
  1.9475610E+00  -1.3040036E-02   7.3987665E+00  -4.0247270E-17  -1.3319410E+00   2.8553247E-02   5.4797860E+01   4.3933735E-03   1.7742228E+00  -9.4802349E-02  -1.4167844E-05  -1.6176022E-03
  1.9570840E+00  -1.2971990E-02   7.4036664E+00  -4.1953871E-17  -1.3319064E+00   2.9735274E-02   5.4870994E+01   3.0697249E-03   1.7741839E+00  -9.4386236E-02  -1.0889016E-05  -1.1830280E-03
  1.9666140E+00  -1.2920712E-02   7.4087686E+00  -2.2967849E-16  -1.3317723E+00   3.1374073E-02   5.4947845E+01   1.8510455E-03   1.7740642E+00  -9.4105236E-02  -8.0131632E-06  -7.7950844E-04
  1.9761490E+00  -1.2890608E-02   7.4136084E+00  -7.4060866E-17  -1.3315200E+00   3.3505151E-02   5.5021959E+01   8.0516491E-04   1.7738973E+00  -9.3977475E-02  -4.4034383E-06  -4.3919807E-04
  1.9856880E+00  -1.2894136E-02   7.4179414E+00   0.0000000E+00  -1.3308902E+00   3.5729426E-02   5.5089692E+01   0.0000000E+00   1.7740409E+00  -9.4081756E-02   0.0000000E+00   0.0000000E+00
